{"C:\\Users\\Bruce\\Documents\\flashtrade-logic\\src\\components\\ui\\aspect-ratio.tsx": {"path":"C:\\Users\\Bruce\\Documents\\flashtrade-logic\\src\\components\\ui\\aspect-ratio.tsx","statementMap":{"0":{"start":{"line":1,"column":0},"end":{"line":1,"column":68}},"1":{"start":{"line":3,"column":20},"end":{"line":3,"column":45}},"2":{"start":{"line":5,"column":9},"end":{"line":5,"column":20}}},"fnMap":{},"branchMap":{},"s":{"0":0,"1":0,"2":0},"f":{},"b":{}}
,"C:\\Users\\Bruce\\Documents\\flashtrade-logic\\src\\components\\ui\\collapsible.tsx": {"path":"C:\\Users\\Bruce\\Documents\\flashtrade-logic\\src\\components\\ui\\collapsible.tsx","statementMap":{"0":{"start":{"line":1,"column":0},"end":{"line":1,"column":67}},"1":{"start":{"line":3,"column":20},"end":{"line":3,"column":45}},"2":{"start":{"line":9,"column":9},"end":{"line":9,"column":20}},"3":{"start":{"line":5,"column":27},"end":{"line":5,"column":66}},"4":{"start":{"line":9,"column":22},"end":{"line":9,"column":40}},"5":{"start":{"line":7,"column":27},"end":{"line":7,"column":66}},"6":{"start":{"line":9,"column":42},"end":{"line":9,"column":60}}},"fnMap":{},"branchMap":{},"s":{"0":0,"1":0,"2":0,"3":0,"4":0,"5":0,"6":0},"f":{},"b":{}}
,"C:\\Users\\Bruce\\Documents\\flashtrade-logic\\src\\components\\ui\\use-toast.ts": {"path":"C:\\Users\\Bruce\\Documents\\flashtrade-logic\\src\\components\\ui\\use-toast.ts","statementMap":{"0":{"start":{"line":3,"column":0},"end":{"line":3,"column":9}},"1":{"start":{"line":5,"column":9},"end":{"line":3,"column":19}},"2":{"start":{"line":5,"column":19},"end":{"line":3,"column":52}}},"fnMap":{"0":{"name":"(anonymous_0)","decl":{"start":{"line":5,"column":9},"end":{"line":5,"column":17}},"loc":{"start":{"line":5,"column":9},"end":{"line":3,"column":19}}},"1":{"name":"(anonymous_1)","decl":{"start":{"line":5,"column":19},"end":{"line":5,"column":24}},"loc":{"start":{"line":5,"column":19},"end":{"line":3,"column":52}}}},"branchMap":{},"s":{"0":0,"1":0,"2":0},"f":{"0":0,"1":0},"b":{}}
,"C:\\Users\\Bruce\\Documents\\flashtrade-logic\\src\\hooks\\use-media-query.ts": {"path":"C:\\Users\\Bruce\\Documents\\flashtrade-logic\\src\\hooks\\use-media-query.ts","statementMap":{"0":{"start":{"line":4,"column":0},"end":{"line":4,"column":16}},"1":{"start":{"line":2,"column":0},"end":{"line":2,"column":44}},"2":{"start":{"line":5,"column":32},"end":{"line":12,"column":4}},"3":{"start":{"line":7,"column":4},"end":{"line":9,"column":5}},"4":{"start":{"line":8,"column":6},"end":{"line":8,"column":19}},"5":{"start":{"line":11,"column":4},"end":{"line":11,"column":44}},"6":{"start":{"line":14,"column":2},"end":{"line":37,"column":14}},"7":{"start":{"line":16,"column":4},"end":{"line":18,"column":5}},"8":{"start":{"line":17,"column":6},"end":{"line":17,"column":13}},"9":{"start":{"line":20,"column":23},"end":{"line":20,"column":47}},"10":{"start":{"line":23,"column":4},"end":{"line":23,"column":35}},"11":{"start":{"line":26,"column":25},"end":{"line":28,"column":5}},"12":{"start":{"line":27,"column":6},"end":{"line":27,"column":32}},"13":{"start":{"line":31,"column":4},"end":{"line":31,"column":56}},"14":{"start":{"line":34,"column":4},"end":{"line":36,"column":6}},"15":{"start":{"line":35,"column":6},"end":{"line":35,"column":61}},"16":{"start":{"line":39,"column":2},"end":{"line":39,"column":17}}},"fnMap":{"0":{"name":"useMediaQuery","decl":{"start":{"line":4,"column":16},"end":{"line":4,"column":29}},"loc":{"start":{"line":4,"column":43},"end":{"line":40,"column":1}}},"1":{"name":"(anonymous_1)","decl":{"start":{"line":5,"column":50},"end":{"line":5,"column":53}},"loc":{"start":{"line":5,"column":55},"end":{"line":12,"column":3}}},"2":{"name":"(anonymous_2)","decl":{"start":{"line":14,"column":12},"end":{"line":14,"column":15}},"loc":{"start":{"line":14,"column":17},"end":{"line":37,"column":3}}},"3":{"name":"(anonymous_3)","decl":{"start":{"line":26,"column":25},"end":{"line":26,"column":26}},"loc":{"start":{"line":26,"column":56},"end":{"line":28,"column":5}}},"4":{"name":"(anonymous_4)","decl":{"start":{"line":34,"column":11},"end":{"line":34,"column":14}},"loc":{"start":{"line":34,"column":16},"end":{"line":36,"column":5}}}},"branchMap":{"0":{"loc":{"start":{"line":7,"column":4},"end":{"line":9,"column":5}},"type":"if","locations":[{"start":{"line":7,"column":4},"end":{"line":9,"column":5}}]},"1":{"loc":{"start":{"line":16,"column":4},"end":{"line":18,"column":5}},"type":"if","locations":[{"start":{"line":16,"column":4},"end":{"line":18,"column":5}}]}},"s":{"0":0,"1":0,"2":0,"3":0,"4":0,"5":0,"6":0,"7":0,"8":0,"9":0,"10":0,"11":0,"12":0,"13":0,"14":0,"15":0,"16":0},"f":{"0":0,"1":0,"2":0,"3":0,"4":0},"b":{"0":[0],"1":[0]}}
,"C:\\Users\\Bruce\\Documents\\flashtrade-logic\\src\\hooks\\use-mobile.tsx": {"path":"C:\\Users\\Bruce\\Documents\\flashtrade-logic\\src\\hooks\\use-mobile.tsx","statementMap":{"0":{"start":{"line":5,"column":0},"end":{"line":5,"column":16}},"1":{"start":{"line":1,"column":0},"end":{"line":1,"column":30}},"2":{"start":{"line":3,"column":26},"end":{"line":3,"column":29}},"3":{"start":{"line":6,"column":34},"end":{"line":6,"column":80}},"4":{"start":{"line":8,"column":2},"end":{"line":16,"column":null}},"5":{"start":{"line":9,"column":16},"end":{"line":9,"column":76}},"6":{"start":{"line":10,"column":21},"end":{"line":12,"column":5}},"7":{"start":{"line":11,"column":6},"end":{"line":11,"column":null}},"8":{"start":{"line":13,"column":4},"end":{"line":13,"column":null}},"9":{"start":{"line":14,"column":4},"end":{"line":14,"column":null}},"10":{"start":{"line":15,"column":4},"end":{"line":15,"column":null}},"11":{"start":{"line":15,"column":17},"end":{"line":15,"column":60}},"12":{"start":{"line":18,"column":2},"end":{"line":18,"column":null}}},"fnMap":{"0":{"name":"useIsMobile","decl":{"start":{"line":5,"column":16},"end":{"line":5,"column":27}},"loc":{"start":{"line":5,"column":27},"end":{"line":19,"column":1}}},"1":{"name":"(anonymous_1)","decl":{"start":{"line":8,"column":18},"end":{"line":8,"column":21}},"loc":{"start":{"line":8,"column":23},"end":{"line":16,"column":3}}},"2":{"name":"(anonymous_2)","decl":{"start":{"line":10,"column":21},"end":{"line":10,"column":24}},"loc":{"start":{"line":10,"column":26},"end":{"line":12,"column":5}}},"3":{"name":"(anonymous_3)","decl":{"start":{"line":15,"column":11},"end":{"line":15,"column":14}},"loc":{"start":{"line":15,"column":17},"end":{"line":15,"column":60}}}},"branchMap":{},"s":{"0":0,"1":0,"2":0,"3":0,"4":0,"5":0,"6":0,"7":0,"8":0,"9":0,"10":0,"11":0,"12":0},"f":{"0":0,"1":0,"2":0,"3":0},"b":{}}
,"C:\\Users\\Bruce\\Documents\\flashtrade-logic\\src\\lib\\utils.ts": {"path":"C:\\Users\\Bruce\\Documents\\flashtrade-logic\\src\\lib\\utils.ts","statementMap":{"0":{"start":{"line":4,"column":0},"end":{"line":4,"column":16}},"1":{"start":{"line":1,"column":0},"end":{"line":1,"column":44}},"2":{"start":{"line":2,"column":0},"end":{"line":2,"column":40}},"3":{"start":{"line":5,"column":2},"end":{"line":5,"column":null}}},"fnMap":{"0":{"name":"cn","decl":{"start":{"line":4,"column":16},"end":{"line":4,"column":18}},"loc":{"start":{"line":4,"column":42},"end":{"line":6,"column":1}}}},"branchMap":{},"s":{"0":0,"1":0,"2":0,"3":0},"f":{"0":0},"b":{}}
,"C:\\Users\\Bruce\\Documents\\flashtrade-logic\\src\\test\\runTests.ts": {"path":"C:\\Users\\Bruce\\Documents\\flashtrade-logic\\src\\test\\runTests.ts","statementMap":{"0":{"start":{"line":2,"column":0},"end":{"line":2,"column":63}},"1":{"start":{"line":8,"column":19},"end":{"line":8,"column":43}},"2":{"start":{"line":10,"column":2},"end":{"line":10,"column":46}},"3":{"start":{"line":12,"column":2},"end":{"line":30,"column":3}},"4":{"start":{"line":14,"column":6},"end":{"line":14,"column":34}},"5":{"start":{"line":15,"column":6},"end":{"line":15,"column":12}},"6":{"start":{"line":18,"column":6},"end":{"line":18,"column":68}},"7":{"start":{"line":19,"column":6},"end":{"line":19,"column":12}},"8":{"start":{"line":22,"column":6},"end":{"line":22,"column":57}},"9":{"start":{"line":23,"column":6},"end":{"line":23,"column":12}},"10":{"start":{"line":27,"column":6},"end":{"line":27,"column":80}},"11":{"start":{"line":29,"column":6},"end":{"line":29,"column":12}},"12":{"start":{"line":34,"column":0},"end":{"line":36,"column":1}},"13":{"start":{"line":35,"column":2},"end":{"line":35,"column":34}}},"fnMap":{"0":{"name":"runTests","decl":{"start":{"line":7,"column":15},"end":{"line":7,"column":23}},"loc":{"start":{"line":7,"column":23},"end":{"line":31,"column":null}}}},"branchMap":{"0":{"loc":{"start":{"line":8,"column":19},"end":{"line":8,"column":43}},"type":"binary-expr","locations":[{"start":{"line":8,"column":19},"end":{"line":8,"column":34}},{"start":{"line":8,"column":38},"end":{"line":8,"column":43}}]},"1":{"loc":{"start":{"line":12,"column":2},"end":{"line":30,"column":3}},"type":"switch","locations":[{"start":{"line":13,"column":4},"end":{"line":15,"column":12}},{"start":{"line":17,"column":4},"end":{"line":19,"column":12}},{"start":{"line":21,"column":4},"end":{"line":23,"column":12}},{"start":{"line":25,"column":4},"end":{"line":25,"column":15}},{"start":{"line":26,"column":4},"end":{"line":29,"column":12}}]},"2":{"loc":{"start":{"line":34,"column":0},"end":{"line":36,"column":1}},"type":"if","locations":[{"start":{"line":34,"column":0},"end":{"line":36,"column":1}}]}},"s":{"0":0,"1":0,"2":0,"3":0,"4":0,"5":0,"6":0,"7":0,"8":0,"9":0,"10":0,"11":0,"12":0,"13":0},"f":{"0":0},"b":{"0":[0,0],"1":[0,0,0,0,0],"2":[0]}}
,"C:\\Users\\Bruce\\Documents\\flashtrade-logic\\src\\test\\setup.ts": {"path":"C:\\Users\\Bruce\\Documents\\flashtrade-logic\\src\\test\\setup.ts","statementMap":{"0":{"start":{"line":42,"column":0},"end":{"line":44,"column":4}},"1":{"start":{"line":42,"column":38},"end":{"line":44,"column":2}},"2":{"start":{"line":3,"column":0},"end":{"line":3,"column":35}},"3":{"start":{"line":6,"column":0},"end":{"line":18,"column":3}},"4":{"start":{"line":8,"column":48},"end":{"line":17,"column":4}},"5":{"start":{"line":21,"column":25},"end":{"line":35,"column":4}},"6":{"start":{"line":22,"column":38},"end":{"line":22,"column":40}},"7":{"start":{"line":23,"column":2},"end":{"line":34,"column":4}},"8":{"start":{"line":24,"column":30},"end":{"line":24,"column":48}},"9":{"start":{"line":26,"column":6},"end":{"line":26,"column":36}},"10":{"start":{"line":29,"column":6},"end":{"line":29,"column":24}},"11":{"start":{"line":32,"column":6},"end":{"line":32,"column":17}},"12":{"start":{"line":37,"column":0},"end":{"line":39,"column":3}},"13":{"start":{"line":47,"column":0},"end":{"line":49,"column":3}},"14":{"start":{"line":48,"column":2},"end":{"line":48,"column":23}}},"fnMap":{"0":{"name":"(anonymous_0)","decl":{"start":{"line":42,"column":31},"end":{"line":42,"column":34}},"loc":{"start":{"line":42,"column":38},"end":{"line":44,"column":2}}},"1":{"name":"(anonymous_1)","decl":{"start":{"line":8,"column":38},"end":{"line":8,"column":43}},"loc":{"start":{"line":8,"column":48},"end":{"line":17,"column":4}}},"2":{"name":"(anonymous_2)","decl":{"start":{"line":21,"column":26},"end":{"line":21,"column":29}},"loc":{"start":{"line":21,"column":31},"end":{"line":35,"column":1}}},"3":{"name":"(anonymous_3)","decl":{"start":{"line":24,"column":13},"end":{"line":24,"column":14}},"loc":{"start":{"line":24,"column":30},"end":{"line":24,"column":48}}},"4":{"name":"(anonymous_4)","decl":{"start":{"line":25,"column":13},"end":{"line":25,"column":14}},"loc":{"start":{"line":25,"column":44},"end":{"line":27,"column":5}}},"5":{"name":"(anonymous_5)","decl":{"start":{"line":28,"column":16},"end":{"line":28,"column":17}},"loc":{"start":{"line":28,"column":32},"end":{"line":30,"column":5}}},"6":{"name":"(anonymous_6)","decl":{"start":{"line":31,"column":11},"end":{"line":31,"column":14}},"loc":{"start":{"line":31,"column":16},"end":{"line":33,"column":5}}},"7":{"name":"(anonymous_7)","decl":{"start":{"line":47,"column":10},"end":{"line":47,"column":13}},"loc":{"start":{"line":47,"column":15},"end":{"line":49,"column":1}}}},"branchMap":{"0":{"loc":{"start":{"line":24,"column":30},"end":{"line":24,"column":48}},"type":"binary-expr","locations":[{"start":{"line":24,"column":30},"end":{"line":24,"column":40}},{"start":{"line":24,"column":44},"end":{"line":24,"column":48}}]}},"s":{"0":0,"1":0,"2":0,"3":0,"4":0,"5":0,"6":0,"7":0,"8":0,"9":0,"10":0,"11":0,"12":0,"13":0,"14":0},"f":{"0":0,"1":0,"2":0,"3":0,"4":0,"5":0,"6":0,"7":0},"b":{"0":[0,0]}}
,"C:\\Users\\Bruce\\Documents\\flashtrade-logic\\src\\test\\e2e\\arbitrage.e2e.test.ts": {"path":"C:\\Users\\Bruce\\Documents\\flashtrade-logic\\src\\test\\e2e\\arbitrage.e2e.test.ts","statementMap":{"0":{"start":{"line":12,"column":0},"end":{"line":22,"column":4}},"1":{"start":{"line":12,"column":39},"end":{"line":22,"column":2}},"2":{"start":{"line":25,"column":0},"end":{"line":38,"column":4}},"3":{"start":{"line":25,"column":38},"end":{"line":38,"column":2}},"4":{"start":{"line":41,"column":0},"end":{"line":49,"column":4}},"5":{"start":{"line":41,"column":56},"end":{"line":49,"column":2}},"6":{"start":{"line":44,"column":57},"end":{"line":47,"column":6}},"7":{"start":{"line":52,"column":0},"end":{"line":61,"column":4}},"8":{"start":{"line":52,"column":32},"end":{"line":61,"column":2}},"9":{"start":{"line":64,"column":0},"end":{"line":66,"column":4}},"10":{"start":{"line":64,"column":38},"end":{"line":66,"column":2}},"11":{"start":{"line":2,"column":0},"end":{"line":2,"column":84}},"12":{"start":{"line":3,"column":0},"end":{"line":3,"column":57}},"13":{"start":{"line":4,"column":0},"end":{"line":4,"column":48}},"14":{"start":{"line":6,"column":0},"end":{"line":6,"column":79}},"15":{"start":{"line":9,"column":0},"end":{"line":9,"column":23}},"16":{"start":{"line":68,"column":0},"end":{"line":152,"column":3}},"17":{"start":{"line":69,"column":2},"end":{"line":71,"column":5}},"18":{"start":{"line":70,"column":4},"end":{"line":70,"column":25}},"19":{"start":{"line":73,"column":2},"end":{"line":112,"column":5}},"20":{"start":{"line":73,"column":68},"end":{"line":112,"column":4}},"21":{"start":{"line":75,"column":26},"end":{"line":75,"column":84}},"22":{"start":{"line":78,"column":4},"end":{"line":78,"column":52}},"23":{"start":{"line":79,"column":4},"end":{"line":91,"column":7}},"24":{"start":{"line":94,"column":19},"end":{"line":94,"column":59}},"25":{"start":{"line":97,"column":4},"end":{"line":100,"column":7}},"26":{"start":{"line":103,"column":4},"end":{"line":111,"column":6}},"27":{"start":{"line":114,"column":2},"end":{"line":134,"column":5}},"28":{"start":{"line":114,"column":57},"end":{"line":134,"column":4}},"29":{"start":{"line":116,"column":5},"end":{"line":121,"column":6}},"30":{"start":{"line":117,"column":6},"end":{"line":120,"column":8}},"31":{"start":{"line":124,"column":26},"end":{"line":124,"column":84}},"32":{"start":{"line":127,"column":19},"end":{"line":127,"column":59}},"33":{"start":{"line":130,"column":4},"end":{"line":133,"column":7}},"34":{"start":{"line":136,"column":2},"end":{"line":151,"column":5}},"35":{"start":{"line":136,"column":54},"end":{"line":151,"column":4}},"36":{"start":{"line":138,"column":5},"end":{"line":138,"column":84}},"37":{"start":{"line":138,"column":77},"end":{"line":138,"column":82}},"38":{"start":{"line":141,"column":26},"end":{"line":141,"column":84}},"39":{"start":{"line":144,"column":19},"end":{"line":144,"column":59}},"40":{"start":{"line":147,"column":4},"end":{"line":150,"column":7}}},"fnMap":{"0":{"name":"(anonymous_7)","decl":{"start":{"line":12,"column":32},"end":{"line":12,"column":35}},"loc":{"start":{"line":12,"column":39},"end":{"line":22,"column":2}}},"1":{"name":"(anonymous_8)","decl":{"start":{"line":25,"column":31},"end":{"line":25,"column":34}},"loc":{"start":{"line":25,"column":38},"end":{"line":38,"column":2}}},"2":{"name":"(anonymous_9)","decl":{"start":{"line":41,"column":49},"end":{"line":41,"column":52}},"loc":{"start":{"line":41,"column":56},"end":{"line":49,"column":2}}},"3":{"name":"(anonymous_10)","decl":{"start":{"line":44,"column":51},"end":{"line":44,"column":54}},"loc":{"start":{"line":44,"column":57},"end":{"line":47,"column":6}}},"4":{"name":"(anonymous_11)","decl":{"start":{"line":52,"column":25},"end":{"line":52,"column":28}},"loc":{"start":{"line":52,"column":32},"end":{"line":61,"column":2}}},"5":{"name":"(anonymous_12)","decl":{"start":{"line":64,"column":31},"end":{"line":64,"column":34}},"loc":{"start":{"line":64,"column":38},"end":{"line":66,"column":2}}},"6":{"name":"(anonymous_13)","decl":{"start":{"line":68,"column":38},"end":{"line":68,"column":41}},"loc":{"start":{"line":68,"column":43},"end":{"line":152,"column":1}}},"7":{"name":"(anonymous_14)","decl":{"start":{"line":69,"column":13},"end":{"line":69,"column":16}},"loc":{"start":{"line":69,"column":18},"end":{"line":71,"column":3}}},"8":{"name":"(anonymous_15)","decl":{"start":{"line":73,"column":57},"end":{"line":73,"column":66}},"loc":{"start":{"line":73,"column":68},"end":{"line":112,"column":4}}},"9":{"name":"(anonymous_16)","decl":{"start":{"line":73,"column":68},"end":{"line":73,"column":null}},"loc":{"start":{"line":73,"column":68},"end":{"line":112,"column":3}}},"10":{"name":"(anonymous_17)","decl":{"start":{"line":114,"column":46},"end":{"line":114,"column":55}},"loc":{"start":{"line":114,"column":57},"end":{"line":134,"column":4}}},"11":{"name":"(anonymous_18)","decl":{"start":{"line":114,"column":57},"end":{"line":114,"column":null}},"loc":{"start":{"line":114,"column":57},"end":{"line":134,"column":3}}},"12":{"name":"(anonymous_19)","decl":{"start":{"line":116,"column":84},"end":{"line":116,"column":87}},"loc":{"start":{"line":117,"column":6},"end":{"line":120,"column":8}}},"13":{"name":"(anonymous_20)","decl":{"start":{"line":136,"column":43},"end":{"line":136,"column":52}},"loc":{"start":{"line":136,"column":54},"end":{"line":151,"column":4}}},"14":{"name":"(anonymous_21)","decl":{"start":{"line":136,"column":54},"end":{"line":136,"column":null}},"loc":{"start":{"line":136,"column":54},"end":{"line":151,"column":3}}},"15":{"name":"(anonymous_22)","decl":{"start":{"line":138,"column":71},"end":{"line":138,"column":74}},"loc":{"start":{"line":138,"column":77},"end":{"line":138,"column":82}}}},"branchMap":{},"s":{"0":0,"1":0,"2":0,"3":0,"4":0,"5":0,"6":0,"7":0,"8":0,"9":0,"10":0,"11":0,"12":0,"13":0,"14":0,"15":0,"16":0,"17":0,"18":0,"19":0,"20":0,"21":0,"22":0,"23":0,"24":0,"25":0,"26":0,"27":0,"28":0,"29":0,"30":0,"31":0,"32":0,"33":0,"34":0,"35":0,"36":0,"37":0,"38":0,"39":0,"40":0},"f":{"0":0,"1":0,"2":0,"3":0,"4":0,"5":0,"6":0,"7":0,"8":0,"9":0,"10":0,"11":0,"12":0,"13":0,"14":0,"15":0},"b":{}}
,"C:\\Users\\Bruce\\Documents\\flashtrade-logic\\src\\test\\mocks\\dex.ts": {"path":"C:\\Users\\Bruce\\Documents\\flashtrade-logic\\src\\test\\mocks\\dex.ts","statementMap":{"0":{"start":{"line":11,"column":4},"end":{"line":11,"column":23}},"1":{"start":{"line":12,"column":4},"end":{"line":12,"column":27}},"2":{"start":{"line":16,"column":4},"end":{"line":16,"column":22}},"3":{"start":{"line":20,"column":4},"end":{"line":20,"column":24}},"4":{"start":{"line":24,"column":4},"end":{"line":24,"column":16}},"5":{"start":{"line":28,"column":4},"end":{"line":28,"column":18}},"6":{"start":{"line":40,"column":26},"end":{"line":40,"column":46}},"7":{"start":{"line":41,"column":4},"end":{"line":44,"column":6}},"8":{"start":{"line":60,"column":4},"end":{"line":64,"column":6}},"9":{"start":{"line":72,"column":4},"end":{"line":76,"column":6}},"10":{"start":{"line":80,"column":4},"end":{"line":80,"column":14}},"11":{"start":{"line":84,"column":4},"end":{"line":84,"column":16}},"12":{"start":{"line":6,"column":0},"end":{"line":6,"column":13}},"13":{"start":{"line":88,"column":13},"end":{"line":88,"column":81}},"14":{"start":{"line":89,"column":13},"end":{"line":89,"column":81}},"15":{"start":{"line":91,"column":13},"end":{"line":106,"column":2}},"16":{"start":{"line":108,"column":13},"end":{"line":127,"column":2}}},"fnMap":{"0":{"name":"(anonymous_7)","decl":{"start":{"line":10,"column":2},"end":{"line":10,"column":14}},"loc":{"start":{"line":10,"column":44},"end":{"line":13,"column":3}}},"1":{"name":"(anonymous_8)","decl":{"start":{"line":15,"column":2},"end":{"line":15,"column":10}},"loc":{"start":{"line":15,"column":10},"end":{"line":17,"column":3}}},"2":{"name":"(anonymous_9)","decl":{"start":{"line":19,"column":2},"end":{"line":19,"column":12}},"loc":{"start":{"line":19,"column":12},"end":{"line":21,"column":3}}},"3":{"name":"(anonymous_10)","decl":{"start":{"line":23,"column":8},"end":{"line":23,"column":23}},"loc":{"start":{"line":23,"column":52},"end":{"line":25,"column":null}}},"4":{"name":"(anonymous_12)","decl":{"start":{"line":27,"column":8},"end":{"line":27,"column":21}},"loc":{"start":{"line":27,"column":50},"end":{"line":29,"column":null}}},"5":{"name":"(anonymous_14)","decl":{"start":{"line":31,"column":8},"end":{"line":31,"column":25}},"loc":{"start":{"line":34,"column":20},"end":{"line":45,"column":null}}},"6":{"name":"(anonymous_16)","decl":{"start":{"line":47,"column":8},"end":{"line":47,"column":19}},"loc":{"start":{"line":53,"column":21},"end":{"line":65,"column":null}}},"7":{"name":"(anonymous_18)","decl":{"start":{"line":67,"column":8},"end":{"line":67,"column":20}},"loc":{"start":{"line":67,"column":49},"end":{"line":77,"column":null}}},"8":{"name":"(anonymous_20)","decl":{"start":{"line":79,"column":8},"end":{"line":79,"column":18}},"loc":{"start":{"line":79,"column":47},"end":{"line":81,"column":null}}},"9":{"name":"(anonymous_22)","decl":{"start":{"line":83,"column":8},"end":{"line":83,"column":15}},"loc":{"start":{"line":83,"column":15},"end":{"line":85,"column":null}}}},"branchMap":{},"s":{"0":0,"1":0,"2":0,"3":0,"4":0,"5":0,"6":0,"7":0,"8":0,"9":0,"10":0,"11":0,"12":0,"13":0,"14":0,"15":0,"16":0},"f":{"0":0,"1":0,"2":0,"3":0,"4":0,"5":0,"6":0,"7":0,"8":0,"9":0},"b":{}}
,"C:\\Users\\Bruce\\Documents\\flashtrade-logic\\src\\test\\security\\securityTests.ts": {"path":"C:\\Users\\Bruce\\Documents\\flashtrade-logic\\src\\test\\security\\securityTests.ts","statementMap":{"0":{"start":{"line":9,"column":0},"end":{"line":9,"column":22}},"1":{"start":{"line":42,"column":0},"end":{"line":42,"column":22}},"2":{"start":{"line":57,"column":0},"end":{"line":57,"column":22}},"3":{"start":{"line":72,"column":0},"end":{"line":72,"column":22}},"4":{"start":{"line":87,"column":0},"end":{"line":87,"column":22}},"5":{"start":{"line":4,"column":0},"end":{"line":4,"column":52}},"6":{"start":{"line":10,"column":2},"end":{"line":10,"column":58}},"7":{"start":{"line":13,"column":19},"end":{"line":13,"column":46}},"8":{"start":{"line":15,"column":30},"end":{"line":15,"column":35}},"9":{"start":{"line":18,"column":2},"end":{"line":31,"column":3}},"10":{"start":{"line":19,"column":34},"end":{"line":19,"column":52}},"11":{"start":{"line":22,"column":4},"end":{"line":30,"column":5}},"12":{"start":{"line":28,"column":6},"end":{"line":28,"column":85}},"13":{"start":{"line":29,"column":6},"end":{"line":29,"column":35}},"14":{"start":{"line":33,"column":2},"end":{"line":39,"column":4}},"15":{"start":{"line":43,"column":2},"end":{"line":43,"column":59}},"16":{"start":{"line":46,"column":34},"end":{"line":46,"column":38}},"17":{"start":{"line":48,"column":2},"end":{"line":54,"column":4}},"18":{"start":{"line":58,"column":2},"end":{"line":58,"column":62}},"19":{"start":{"line":61,"column":30},"end":{"line":61,"column":34}},"20":{"start":{"line":63,"column":2},"end":{"line":69,"column":4}},"21":{"start":{"line":73,"column":2},"end":{"line":73,"column":50}},"22":{"start":{"line":76,"column":25},"end":{"line":76,"column":29}},"23":{"start":{"line":78,"column":2},"end":{"line":84,"column":4}},"24":{"start":{"line":88,"column":2},"end":{"line":88,"column":47}},"25":{"start":{"line":90,"column":18},"end":{"line":90,"column":20}},"26":{"start":{"line":92,"column":2},"end":{"line":92,"column":45}},"27":{"start":{"line":93,"column":2},"end":{"line":93,"column":52}},"28":{"start":{"line":94,"column":2},"end":{"line":94,"column":54}},"29":{"start":{"line":95,"column":2},"end":{"line":95,"column":44}},"30":{"start":{"line":97,"column":22},"end":{"line":97,"column":64}},"31":{"start":{"line":97,"column":45},"end":{"line":97,"column":56}},"32":{"start":{"line":98,"column":21},"end":{"line":98,"column":35}},"33":{"start":{"line":100,"column":2},"end":{"line":100,"column":76}},"34":{"start":{"line":102,"column":2},"end":{"line":106,"column":4}}},"fnMap":{"0":{"name":"testApprovalSecurity","decl":{"start":{"line":9,"column":22},"end":{"line":9,"column":42}},"loc":{"start":{"line":9,"column":42},"end":{"line":40,"column":null}}},"1":{"name":"testReentrancyVulnerability","decl":{"start":{"line":42,"column":22},"end":{"line":42,"column":49}},"loc":{"start":{"line":42,"column":49},"end":{"line":55,"column":null}}},"2":{"name":"testFrontRunningVulnerability","decl":{"start":{"line":57,"column":22},"end":{"line":57,"column":51}},"loc":{"start":{"line":57,"column":51},"end":{"line":70,"column":null}}},"3":{"name":"testGasOptimization","decl":{"start":{"line":72,"column":22},"end":{"line":72,"column":41}},"loc":{"start":{"line":72,"column":41},"end":{"line":85,"column":null}}},"4":{"name":"runAllSecurityTests","decl":{"start":{"line":87,"column":22},"end":{"line":87,"column":41}},"loc":{"start":{"line":87,"column":41},"end":{"line":107,"column":null}}},"5":{"name":"(anonymous_17)","decl":{"start":{"line":97,"column":37},"end":{"line":97,"column":41}},"loc":{"start":{"line":97,"column":45},"end":{"line":97,"column":56}}}},"branchMap":{"0":{"loc":{"start":{"line":22,"column":4},"end":{"line":30,"column":5}},"type":"if","locations":[{"start":{"line":22,"column":4},"end":{"line":30,"column":5}}]},"1":{"loc":{"start":{"line":23,"column":6},"end":{"line":26,"column":52}},"type":"binary-expr","locations":[{"start":{"line":23,"column":6},"end":{"line":23,"column":50}},{"start":{"line":24,"column":6},"end":{"line":24,"column":57}},{"start":{"line":25,"column":6},"end":{"line":25,"column":48}},{"start":{"line":25,"column":52},"end":{"line":25,"column":97}},{"start":{"line":26,"column":6},"end":{"line":26,"column":52}}]},"2":{"loc":{"start":{"line":36,"column":13},"end":{"line":38,"column":46}},"type":"cond-expr","locations":[{"start":{"line":37,"column":6},"end":{"line":37,"column":100}},{"start":{"line":38,"column":6},"end":{"line":38,"column":46}}]},"3":{"loc":{"start":{"line":51,"column":13},"end":{"line":53,"column":86}},"type":"cond-expr","locations":[{"start":{"line":52,"column":6},"end":{"line":52,"column":90}},{"start":{"line":53,"column":6},"end":{"line":53,"column":86}}]},"4":{"loc":{"start":{"line":66,"column":13},"end":{"line":68,"column":98}},"type":"cond-expr","locations":[{"start":{"line":67,"column":6},"end":{"line":67,"column":78}},{"start":{"line":68,"column":6},"end":{"line":68,"column":98}}]},"5":{"loc":{"start":{"line":81,"column":13},"end":{"line":83,"column":97}},"type":"cond-expr","locations":[{"start":{"line":82,"column":6},"end":{"line":82,"column":41}},{"start":{"line":83,"column":6},"end":{"line":83,"column":97}}]}},"s":{"0":0,"1":0,"2":0,"3":0,"4":0,"5":0,"6":0,"7":0,"8":0,"9":0,"10":0,"11":0,"12":0,"13":0,"14":0,"15":0,"16":0,"17":0,"18":0,"19":0,"20":0,"21":0,"22":0,"23":0,"24":0,"25":0,"26":0,"27":0,"28":0,"29":0,"30":0,"31":0,"32":0,"33":0,"34":0},"f":{"0":0,"1":0,"2":0,"3":0,"4":0,"5":0},"b":{"0":[0],"1":[0,0,0,0,0],"2":[0,0],"3":[0,0],"4":[0,0],"5":[0,0]}}
,"C:\\Users\\Bruce\\Documents\\flashtrade-logic\\src\\utils\\arbitrage.ts": {"path":"C:\\Users\\Bruce\\Documents\\flashtrade-logic\\src\\utils\\arbitrage.ts","statementMap":{"0":{"start":{"line":3,"column":0},"end":{"line":3,"column":51}},"1":{"start":{"line":4,"column":0},"end":{"line":4,"column":36}},"2":{"start":{"line":5,"column":0},"end":{"line":5,"column":65}},"3":{"start":{"line":6,"column":0},"end":{"line":6,"column":60}},"4":{"start":{"line":8,"column":0},"end":{"line":8,"column":73}},"5":{"start":{"line":11,"column":31},"end":{"line":16,"column":2}},"6":{"start":{"line":11,"column":59},"end":{"line":16,"column":2}},"7":{"start":{"line":14,"column":2},"end":{"line":14,"column":57}},"8":{"start":{"line":14,"column":31},"end":{"line":14,"column":55}},"9":{"start":{"line":15,"column":2},"end":{"line":15,"column":21}},"10":{"start":{"line":11,"column":13},"end":{"line":11,"column":31}},"11":{"start":{"line":19,"column":32},"end":{"line":45,"column":2}},"12":{"start":{"line":21,"column":68},"end":{"line":45,"column":2}},"13":{"start":{"line":22,"column":2},"end":{"line":22,"column":68}},"14":{"start":{"line":24,"column":2},"end":{"line":44,"column":3}},"15":{"start":{"line":26,"column":4},"end":{"line":28,"column":5}},"16":{"start":{"line":27,"column":6},"end":{"line":27,"column":81}},"17":{"start":{"line":31,"column":29},"end":{"line":31,"column":59}},"18":{"start":{"line":33,"column":4},"end":{"line":37,"column":5}},"19":{"start":{"line":34,"column":6},"end":{"line":34,"column":59}},"20":{"start":{"line":36,"column":6},"end":{"line":36,"column":55}},"21":{"start":{"line":39,"column":4},"end":{"line":39,"column":56}},"22":{"start":{"line":40,"column":4},"end":{"line":43,"column":6}},"23":{"start":{"line":19,"column":13},"end":{"line":19,"column":32}},"24":{"start":{"line":48,"column":31},"end":{"line":62,"column":2}},"25":{"start":{"line":48,"column":60},"end":{"line":62,"column":2}},"26":{"start":{"line":49,"column":2},"end":{"line":61,"column":3}},"27":{"start":{"line":51,"column":21},"end":{"line":51,"column":52}},"28":{"start":{"line":52,"column":20},"end":{"line":52,"column":47}},"29":{"start":{"line":55,"column":25},"end":{"line":55,"column":74}},"30":{"start":{"line":57,"column":4},"end":{"line":57,"column":24}},"31":{"start":{"line":59,"column":4},"end":{"line":59,"column":71}},"32":{"start":{"line":60,"column":4},"end":{"line":60,"column":17}},"33":{"start":{"line":65,"column":41},"end":{"line":90,"column":2}},"34":{"start":{"line":67,"column":68},"end":{"line":90,"column":2}},"35":{"start":{"line":68,"column":2},"end":{"line":89,"column":3}},"36":{"start":{"line":71,"column":20},"end":{"line":71,"column":24}},"37":{"start":{"line":74,"column":4},"end":{"line":82,"column":6}},"38":{"start":{"line":84,"column":4},"end":{"line":84,"column":71}},"39":{"start":{"line":85,"column":4},"end":{"line":88,"column":6}},"40":{"start":{"line":93,"column":37},"end":{"line":164,"column":2}},"41":{"start":{"line":95,"column":68},"end":{"line":164,"column":2}},"42":{"start":{"line":97,"column":23},"end":{"line":97,"column":112}},"43":{"start":{"line":99,"column":2},"end":{"line":163,"column":3}},"44":{"start":{"line":101,"column":31},"end":{"line":104,"column":null}},"45":{"start":{"line":107,"column":4},"end":{"line":112,"column":5}},"46":{"start":{"line":108,"column":6},"end":{"line":111,"column":8}},"47":{"start":{"line":114,"column":4},"end":{"line":114,"column":84}},"48":{"start":{"line":115,"column":4},"end":{"line":115,"column":96}},"49":{"start":{"line":118,"column":19},"end":{"line":118,"column":41}},"50":{"start":{"line":119,"column":4},"end":{"line":121,"column":5}},"51":{"start":{"line":120,"column":6},"end":{"line":120,"column":45}},"52":{"start":{"line":122,"column":20},"end":{"line":122,"column":45}},"53":{"start":{"line":125,"column":47},"end":{"line":131,"column":6}},"54":{"start":{"line":134,"column":28},"end":{"line":134,"column":85}},"55":{"start":{"line":136,"column":4},"end":{"line":141,"column":5}},"56":{"start":{"line":137,"column":6},"end":{"line":140,"column":8}},"57":{"start":{"line":143,"column":4},"end":{"line":146,"column":6}},"58":{"start":{"line":149,"column":4},"end":{"line":149,"column":60}},"59":{"start":{"line":149,"column":33},"end":{"line":149,"column":58}},"60":{"start":{"line":152,"column":20},"end":{"line":152,"column":39}},"61":{"start":{"line":154,"column":4},"end":{"line":162,"column":5}},"62":{"start":{"line":155,"column":6},"end":{"line":159,"column":8}},"63":{"start":{"line":158,"column":10},"end":{"line":158,"column":53}},"64":{"start":{"line":161,"column":6},"end":{"line":161,"column":66}},"65":{"start":{"line":167,"column":45},"end":{"line":250,"column":2}},"66":{"start":{"line":170,"column":37},"end":{"line":250,"column":2}},"67":{"start":{"line":171,"column":48},"end":{"line":171,"column":50}},"68":{"start":{"line":172,"column":22},"end":{"line":172,"column":53}},"69":{"start":{"line":172,"column":42},"end":{"line":172,"column":52}},"70":{"start":{"line":175,"column":2},"end":{"line":246,"column":3}},"71":{"start":{"line":175,"column":15},"end":{"line":175,"column":16}},"72":{"start":{"line":176,"column":4},"end":{"line":245,"column":5}},"73":{"start":{"line":176,"column":17},"end":{"line":176,"column":22}},"74":{"start":{"line":177,"column":24},"end":{"line":177,"column":38}},"75":{"start":{"line":178,"column":24},"end":{"line":178,"column":38}},"76":{"start":{"line":181,"column":6},"end":{"line":244,"column":7}},"77":{"start":{"line":182,"column":8},"end":{"line":243,"column":9}},"78":{"start":{"line":183,"column":10},"end":{"line":183,"column":61}},"79":{"start":{"line":183,"column":52},"end":{"line":183,"column":61}},"80":{"start":{"line":186,"column":25},"end":{"line":189,"column":null}},"81":{"start":{"line":192,"column":10},"end":{"line":242,"column":11}},"82":{"start":{"line":193,"column":32},"end":{"line":193,"column":55}},"83":{"start":{"line":194,"column":36},"end":{"line":194,"column":99}},"84":{"start":{"line":197,"column":30},"end":{"line":197,"column":103}},"85":{"start":{"line":200,"column":39},"end":{"line":200,"column":44}},"86":{"start":{"line":201,"column":37},"end":{"line":201,"column":52}},"87":{"start":{"line":203,"column":12},"end":{"line":225,"column":13}},"88":{"start":{"line":205,"column":37},"end":{"line":205,"column":95}},"89":{"start":{"line":207,"column":14},"end":{"line":221,"column":15}},"90":{"start":{"line":208,"column":16},"end":{"line":208,"column":44}},"91":{"start":{"line":209,"column":36},"end":{"line":212,"column":null}},"92":{"start":{"line":215,"column":16},"end":{"line":218,"column":17}},"93":{"start":{"line":217,"column":18},"end":{"line":217,"column":27}},"94":{"start":{"line":220,"column":16},"end":{"line":220,"column":59}},"95":{"start":{"line":223,"column":14},"end":{"line":223,"column":80}},"96":{"start":{"line":227,"column":12},"end":{"line":241,"column":15}},"97":{"start":{"line":249,"column":2},"end":{"line":249,"column":79}},"98":{"start":{"line":249,"column":38},"end":{"line":249,"column":77}},"99":{"start":{"line":167,"column":13},"end":{"line":167,"column":45}}},"fnMap":{"0":{"name":"(anonymous_7)","decl":{"start":{"line":11,"column":31},"end":{"line":11,"column":57}},"loc":{"start":{"line":11,"column":59},"end":{"line":16,"column":2}}},"1":{"name":"(anonymous_8)","decl":{"start":{"line":11,"column":59},"end":{"line":11,"column":null}},"loc":{"start":{"line":11,"column":59},"end":{"line":16,"column":1}}},"2":{"name":"(anonymous_9)","decl":{"start":{"line":14,"column":20},"end":{"line":14,"column":27}},"loc":{"start":{"line":14,"column":31},"end":{"line":14,"column":55}}},"3":{"name":"(anonymous_10)","decl":{"start":{"line":19,"column":32},"end":{"line":19,"column":null}},"loc":{"start":{"line":21,"column":68},"end":{"line":45,"column":2}}},"4":{"name":"(anonymous_11)","decl":{"start":{"line":21,"column":68},"end":{"line":21,"column":null}},"loc":{"start":{"line":21,"column":68},"end":{"line":45,"column":1}}},"5":{"name":"(anonymous_12)","decl":{"start":{"line":48,"column":31},"end":{"line":48,"column":58}},"loc":{"start":{"line":48,"column":60},"end":{"line":62,"column":2}}},"6":{"name":"(anonymous_13)","decl":{"start":{"line":48,"column":60},"end":{"line":48,"column":null}},"loc":{"start":{"line":48,"column":60},"end":{"line":62,"column":1}}},"7":{"name":"(anonymous_14)","decl":{"start":{"line":65,"column":41},"end":{"line":65,"column":null}},"loc":{"start":{"line":67,"column":68},"end":{"line":90,"column":2}}},"8":{"name":"(anonymous_15)","decl":{"start":{"line":67,"column":68},"end":{"line":67,"column":null}},"loc":{"start":{"line":67,"column":68},"end":{"line":90,"column":1}}},"9":{"name":"(anonymous_16)","decl":{"start":{"line":93,"column":37},"end":{"line":93,"column":null}},"loc":{"start":{"line":95,"column":68},"end":{"line":164,"column":2}}},"10":{"name":"(anonymous_17)","decl":{"start":{"line":95,"column":68},"end":{"line":95,"column":null}},"loc":{"start":{"line":95,"column":68},"end":{"line":164,"column":1}}},"11":{"name":"(anonymous_18)","decl":{"start":{"line":149,"column":22},"end":{"line":149,"column":29}},"loc":{"start":{"line":149,"column":33},"end":{"line":149,"column":58}}},"12":{"name":"(anonymous_19)","decl":{"start":{"line":157,"column":48},"end":{"line":157,"column":51}},"loc":{"start":{"line":158,"column":10},"end":{"line":158,"column":53}}},"13":{"name":"(anonymous_20)","decl":{"start":{"line":167,"column":45},"end":{"line":167,"column":null}},"loc":{"start":{"line":170,"column":37},"end":{"line":250,"column":2}}},"14":{"name":"(anonymous_21)","decl":{"start":{"line":170,"column":37},"end":{"line":170,"column":null}},"loc":{"start":{"line":170,"column":37},"end":{"line":250,"column":1}}},"15":{"name":"(anonymous_22)","decl":{"start":{"line":172,"column":35},"end":{"line":172,"column":38}},"loc":{"start":{"line":172,"column":42},"end":{"line":172,"column":52}}},"16":{"name":"(anonymous_23)","decl":{"start":{"line":249,"column":28},"end":{"line":249,"column":29}},"loc":{"start":{"line":249,"column":38},"end":{"line":249,"column":77}}}},"branchMap":{"0":{"loc":{"start":{"line":26,"column":4},"end":{"line":28,"column":5}},"type":"if","locations":[{"start":{"line":26,"column":4},"end":{"line":28,"column":5}}]},"1":{"loc":{"start":{"line":33,"column":4},"end":{"line":37,"column":5}},"type":"if","locations":[{"start":{"line":33,"column":4},"end":{"line":37,"column":5}},{"start":{"line":35,"column":11},"end":{"line":37,"column":5}}]},"2":{"loc":{"start":{"line":42,"column":13},"end":{"line":42,"column":72}},"type":"binary-expr","locations":[{"start":{"line":42,"column":13},"end":{"line":42,"column":26}},{"start":{"line":42,"column":30},"end":{"line":42,"column":72}}]},"3":{"loc":{"start":{"line":79,"column":6},"end":{"line":79,"column":36}},"type":"binary-expr","locations":[{"start":{"line":79,"column":6},"end":{"line":79,"column":27}},{"start":{"line":79,"column":31},"end":{"line":79,"column":36}}]},"4":{"loc":{"start":{"line":87,"column":13},"end":{"line":87,"column":78}},"type":"binary-expr","locations":[{"start":{"line":87,"column":13},"end":{"line":87,"column":26}},{"start":{"line":87,"column":30},"end":{"line":87,"column":78}}]},"5":{"loc":{"start":{"line":97,"column":34},"end":{"line":97,"column":68}},"type":"binary-expr","locations":[{"start":{"line":97,"column":34},"end":{"line":97,"column":61}},{"start":{"line":97,"column":65},"end":{"line":97,"column":68}}]},"6":{"loc":{"start":{"line":97,"column":83},"end":{"line":97,"column":111}},"type":"binary-expr","locations":[{"start":{"line":97,"column":83},"end":{"line":97,"column":104}},{"start":{"line":97,"column":108},"end":{"line":97,"column":111}}]},"7":{"loc":{"start":{"line":99,"column":2},"end":{"line":163,"column":3}},"type":"if","locations":[{"start":{"line":99,"column":2},"end":{"line":163,"column":3}},{"start":{"line":147,"column":9},"end":{"line":163,"column":3}}]},"8":{"loc":{"start":{"line":103,"column":6},"end":{"line":103,"column":36}},"type":"binary-expr","locations":[{"start":{"line":103,"column":6},"end":{"line":103,"column":27}},{"start":{"line":103,"column":31},"end":{"line":103,"column":36}}]},"9":{"loc":{"start":{"line":107,"column":4},"end":{"line":112,"column":5}},"type":"if","locations":[{"start":{"line":107,"column":4},"end":{"line":112,"column":5}}]},"10":{"loc":{"start":{"line":119,"column":4},"end":{"line":121,"column":5}},"type":"if","locations":[{"start":{"line":119,"column":4},"end":{"line":121,"column":5}}]},"11":{"loc":{"start":{"line":128,"column":14},"end":{"line":128,"column":44}},"type":"binary-expr","locations":[{"start":{"line":128,"column":14},"end":{"line":128,"column":35}},{"start":{"line":128,"column":39},"end":{"line":128,"column":44}}]},"12":{"loc":{"start":{"line":136,"column":4},"end":{"line":141,"column":5}},"type":"if","locations":[{"start":{"line":136,"column":4},"end":{"line":141,"column":5}}]},"13":{"loc":{"start":{"line":139,"column":15},"end":{"line":139,"column":68}},"type":"binary-expr","locations":[{"start":{"line":139,"column":15},"end":{"line":139,"column":36}},{"start":{"line":139,"column":40},"end":{"line":139,"column":68}}]},"14":{"loc":{"start":{"line":154,"column":4},"end":{"line":162,"column":5}},"type":"if","locations":[{"start":{"line":154,"column":4},"end":{"line":162,"column":5}},{"start":{"line":160,"column":11},"end":{"line":162,"column":5}}]},"15":{"loc":{"start":{"line":183,"column":10},"end":{"line":183,"column":61}},"type":"if","locations":[{"start":{"line":183,"column":10},"end":{"line":183,"column":61}}]},"16":{"loc":{"start":{"line":192,"column":10},"end":{"line":242,"column":11}},"type":"if","locations":[{"start":{"line":192,"column":10},"end":{"line":242,"column":11}}]},"17":{"loc":{"start":{"line":192,"column":14},"end":{"line":192,"column":66}},"type":"binary-expr","locations":[{"start":{"line":192,"column":14},"end":{"line":192,"column":35}},{"start":{"line":192,"column":39},"end":{"line":192,"column":66}}]},"18":{"loc":{"start":{"line":194,"column":40},"end":{"line":194,"column":58}},"type":"binary-expr","locations":[{"start":{"line":194,"column":40},"end":{"line":194,"column":53}},{"start":{"line":194,"column":57},"end":{"line":194,"column":58}}]},"19":{"loc":{"start":{"line":197,"column":32},"end":{"line":197,"column":50}},"type":"binary-expr","locations":[{"start":{"line":197,"column":32},"end":{"line":197,"column":45}},{"start":{"line":197,"column":49},"end":{"line":197,"column":50}}]},"20":{"loc":{"start":{"line":197,"column":62},"end":{"line":197,"column":90}},"type":"binary-expr","locations":[{"start":{"line":197,"column":62},"end":{"line":197,"column":85}},{"start":{"line":197,"column":89},"end":{"line":197,"column":90}}]},"21":{"loc":{"start":{"line":205,"column":48},"end":{"line":205,"column":70}},"type":"binary-expr","locations":[{"start":{"line":205,"column":48},"end":{"line":205,"column":63}},{"start":{"line":205,"column":67},"end":{"line":205,"column":70}}]},"22":{"loc":{"start":{"line":207,"column":14},"end":{"line":221,"column":15}},"type":"if","locations":[{"start":{"line":207,"column":14},"end":{"line":221,"column":15}}]},"23":{"loc":{"start":{"line":215,"column":16},"end":{"line":218,"column":17}},"type":"if","locations":[{"start":{"line":215,"column":16},"end":{"line":218,"column":17}}]},"24":{"loc":{"start":{"line":234,"column":31},"end":{"line":236,"column":31}},"type":"cond-expr","locations":[{"start":{"line":235,"column":16},"end":{"line":235,"column":70}},{"start":{"line":236,"column":16},"end":{"line":236,"column":31}}]}},"s":{"0":0,"1":0,"2":0,"3":0,"4":0,"5":0,"6":0,"7":0,"8":0,"9":0,"10":0,"11":0,"12":0,"13":0,"14":0,"15":0,"16":0,"17":0,"18":0,"19":0,"20":0,"21":0,"22":0,"23":0,"24":0,"25":0,"26":0,"27":0,"28":0,"29":0,"30":0,"31":0,"32":0,"33":0,"34":0,"35":0,"36":0,"37":0,"38":0,"39":0,"40":0,"41":0,"42":0,"43":0,"44":0,"45":0,"46":0,"47":0,"48":0,"49":0,"50":0,"51":0,"52":0,"53":0,"54":0,"55":0,"56":0,"57":0,"58":0,"59":0,"60":0,"61":0,"62":0,"63":0,"64":0,"65":0,"66":0,"67":0,"68":0,"69":0,"70":0,"71":0,"72":0,"73":0,"74":0,"75":0,"76":0,"77":0,"78":0,"79":0,"80":0,"81":0,"82":0,"83":0,"84":0,"85":0,"86":0,"87":0,"88":0,"89":0,"90":0,"91":0,"92":0,"93":0,"94":0,"95":0,"96":0,"97":0,"98":0,"99":0},"f":{"0":0,"1":0,"2":0,"3":0,"4":0,"5":0,"6":0,"7":0,"8":0,"9":0,"10":0,"11":0,"12":0,"13":0,"14":0,"15":0,"16":0},"b":{"0":[0],"1":[0,0],"2":[0,0],"3":[0,0],"4":[0,0],"5":[0,0],"6":[0,0],"7":[0,0],"8":[0,0],"9":[0],"10":[0],"11":[0,0],"12":[0],"13":[0,0],"14":[0,0],"15":[0],"16":[0],"17":[0,0],"18":[0,0],"19":[0,0],"20":[0,0],"21":[0,0],"22":[0],"23":[0],"24":[0,0]}}
,"C:\\Users\\Bruce\\Documents\\flashtrade-logic\\src\\utils\\blockchain.ts": {"path":"C:\\Users\\Bruce\\Documents\\flashtrade-logic\\src\\utils\\blockchain.ts","statementMap":{"0":{"start":{"line":3,"column":0},"end":{"line":3,"column":35}}},"fnMap":{},"branchMap":{},"s":{"0":0},"f":{},"b":{}}
,"C:\\Users\\Bruce\\Documents\\flashtrade-logic\\src\\utils\\dex.ts": {"path":"C:\\Users\\Bruce\\Documents\\flashtrade-logic\\src\\utils\\dex.ts","statementMap":{"0":{"start":{"line":3,"column":0},"end":{"line":3,"column":46}},"1":{"start":{"line":6,"column":13},"end":{"line":35,"column":2}},"2":{"start":{"line":38,"column":13},"end":{"line":71,"column":2}},"3":{"start":{"line":74,"column":29},"end":{"line":104,"column":2}},"4":{"start":{"line":77,"column":21},"end":{"line":104,"column":2}},"5":{"start":{"line":78,"column":2},"end":{"line":103,"column":3}},"6":{"start":{"line":80,"column":4},"end":{"line":80,"column":38}},"7":{"start":{"line":83,"column":18},"end":{"line":83,"column":68}},"8":{"start":{"line":83,"column":41},"end":{"line":83,"column":67}},"9":{"start":{"line":84,"column":4},"end":{"line":84,"column":41}},"10":{"start":{"line":84,"column":32},"end":{"line":84,"column":41}},"11":{"start":{"line":87,"column":22},"end":{"line":87,"column":65}},"12":{"start":{"line":87,"column":45},"end":{"line":87,"column":64}},"13":{"start":{"line":88,"column":4},"end":{"line":88,"column":29}},"14":{"start":{"line":88,"column":20},"end":{"line":88,"column":29}},"15":{"start":{"line":91,"column":4},"end":{"line":99,"column":5}},"16":{"start":{"line":92,"column":6},"end":{"line":92,"column":69}},"17":{"start":{"line":94,"column":6},"end":{"line":94,"column":85}},"18":{"start":{"line":97,"column":24},"end":{"line":97,"column":54}},"19":{"start":{"line":98,"column":6},"end":{"line":98,"column":43}},"20":{"start":{"line":101,"column":4},"end":{"line":101,"column":52}},"21":{"start":{"line":102,"column":4},"end":{"line":102,"column":13}},"22":{"start":{"line":74,"column":13},"end":{"line":74,"column":29}},"23":{"start":{"line":107,"column":42},"end":{"line":129,"column":2}},"24":{"start":{"line":116,"column":5},"end":{"line":129,"column":2}},"25":{"start":{"line":117,"column":22},"end":{"line":117,"column":68}},"26":{"start":{"line":118,"column":22},"end":{"line":118,"column":68}},"27":{"start":{"line":120,"column":20},"end":{"line":120,"column":69}},"28":{"start":{"line":121,"column":25},"end":{"line":121,"column":50}},"29":{"start":{"line":123,"column":2},"end":{"line":128,"column":4}},"30":{"start":{"line":107,"column":13},"end":{"line":107,"column":42}},"31":{"start":{"line":132,"column":0},"end":{"line":132,"column":9}},"32":{"start":{"line":132,"column":9},"end":{"line":132,"column":46}}},"fnMap":{"0":{"name":"(anonymous_7)","decl":{"start":{"line":74,"column":29},"end":{"line":74,"column":null}},"loc":{"start":{"line":77,"column":21},"end":{"line":104,"column":2}}},"1":{"name":"(anonymous_8)","decl":{"start":{"line":77,"column":21},"end":{"line":77,"column":null}},"loc":{"start":{"line":77,"column":21},"end":{"line":104,"column":1}}},"2":{"name":"(anonymous_9)","decl":{"start":{"line":83,"column":36},"end":{"line":83,"column":37}},"loc":{"start":{"line":83,"column":41},"end":{"line":83,"column":67}}},"3":{"name":"(anonymous_10)","decl":{"start":{"line":87,"column":40},"end":{"line":87,"column":41}},"loc":{"start":{"line":87,"column":45},"end":{"line":87,"column":64}}},"4":{"name":"(anonymous_11)","decl":{"start":{"line":107,"column":42},"end":{"line":107,"column":null}},"loc":{"start":{"line":116,"column":5},"end":{"line":129,"column":2}}},"5":{"name":"(anonymous_12)","decl":{"start":{"line":116,"column":5},"end":{"line":116,"column":null}},"loc":{"start":{"line":116,"column":5},"end":{"line":129,"column":1}}},"6":{"name":"(anonymous_13)","decl":{"start":{"line":132,"column":9},"end":{"line":132,"column":19}},"loc":{"start":{"line":132,"column":9},"end":{"line":132,"column":46}}}},"branchMap":{"0":{"loc":{"start":{"line":84,"column":4},"end":{"line":84,"column":41}},"type":"if","locations":[{"start":{"line":84,"column":4},"end":{"line":84,"column":41}}]},"1":{"loc":{"start":{"line":84,"column":8},"end":{"line":84,"column":30}},"type":"binary-expr","locations":[{"start":{"line":84,"column":8},"end":{"line":84,"column":14}},{"start":{"line":84,"column":18},"end":{"line":84,"column":30}}]},"2":{"loc":{"start":{"line":88,"column":4},"end":{"line":88,"column":29}},"type":"if","locations":[{"start":{"line":88,"column":4},"end":{"line":88,"column":29}}]}},"s":{"0":0,"1":0,"2":0,"3":0,"4":0,"5":0,"6":0,"7":0,"8":0,"9":0,"10":0,"11":0,"12":0,"13":0,"14":0,"15":0,"16":0,"17":0,"18":0,"19":0,"20":0,"21":0,"22":0,"23":0,"24":0,"25":0,"26":0,"27":0,"28":0,"29":0,"30":0,"31":0,"32":0},"f":{"0":0,"1":0,"2":0,"3":0,"4":0,"5":0,"6":0},"b":{"0":[0],"1":[0,0],"2":[0]}}
,"C:\\Users\\Bruce\\Documents\\flashtrade-logic\\src\\utils\\validation.ts": {"path":"C:\\Users\\Bruce\\Documents\\flashtrade-logic\\src\\utils\\validation.ts","statementMap":{"0":{"start":{"line":17,"column":0},"end":{"line":17,"column":16}},"1":{"start":{"line":41,"column":0},"end":{"line":41,"column":16}},"2":{"start":{"line":66,"column":0},"end":{"line":66,"column":16}},"3":{"start":{"line":93,"column":0},"end":{"line":93,"column":16}},"4":{"start":{"line":103,"column":0},"end":{"line":103,"column":16}},"5":{"start":{"line":113,"column":0},"end":{"line":113,"column":16}},"6":{"start":{"line":164,"column":0},"end":{"line":164,"column":16}},"7":{"start":{"line":2,"column":0},"end":{"line":2,"column":42}},"8":{"start":{"line":3,"column":0},"end":{"line":3,"column":73}},"9":{"start":{"line":24,"column":22},"end":{"line":24,"column":75}},"10":{"start":{"line":27,"column":2},"end":{"line":29,"column":3}},"11":{"start":{"line":28,"column":4},"end":{"line":28,"column":24}},"12":{"start":{"line":32,"column":2},"end":{"line":32,"column":51}},"13":{"start":{"line":43,"column":18},"end":{"line":43,"column":30}},"14":{"start":{"line":46,"column":2},"end":{"line":48,"column":3}},"15":{"start":{"line":47,"column":4},"end":{"line":47,"column":50}},"16":{"start":{"line":51,"column":2},"end":{"line":56,"column":29}},"17":{"start":{"line":58,"column":2},"end":{"line":58,"column":19}},"18":{"start":{"line":67,"column":19},"end":{"line":72,"column":4}},"19":{"start":{"line":75,"column":24},"end":{"line":75,"column":77}},"20":{"start":{"line":77,"column":2},"end":{"line":83,"column":3}},"21":{"start":{"line":78,"column":4},"end":{"line":82,"column":7}},"22":{"start":{"line":85,"column":2},"end":{"line":85,"column":18}},"23":{"start":{"line":95,"column":2},"end":{"line":95,"column":45}},"24":{"start":{"line":104,"column":17},"end":{"line":104,"column":34}},"25":{"start":{"line":105,"column":2},"end":{"line":105,"column":67}},"26":{"start":{"line":114,"column":2},"end":{"line":119,"column":3}},"27":{"start":{"line":115,"column":4},"end":{"line":115,"column":34}},"28":{"start":{"line":117,"column":4},"end":{"line":117,"column":48}},"29":{"start":{"line":118,"column":4},"end":{"line":118,"column":16}},"30":{"start":{"line":125,"column":13},"end":{"line":156,"column":2}},"31":{"start":{"line":128,"column":4},"end":{"line":135,"column":5}},"32":{"start":{"line":131,"column":24},"end":{"line":131,"column":45}},"33":{"start":{"line":132,"column":6},"end":{"line":132,"column":55}},"34":{"start":{"line":134,"column":6},"end":{"line":134,"column":50}},"35":{"start":{"line":140,"column":4},"end":{"line":149,"column":5}},"36":{"start":{"line":141,"column":24},"end":{"line":141,"column":61}},"37":{"start":{"line":142,"column":6},"end":{"line":142,"column":42}},"38":{"start":{"line":142,"column":22},"end":{"line":142,"column":42}},"39":{"start":{"line":145,"column":6},"end":{"line":145,"column":40}},"40":{"start":{"line":147,"column":6},"end":{"line":147,"column":53}},"41":{"start":{"line":148,"column":6},"end":{"line":148,"column":26}},"42":{"start":{"line":154,"column":4},"end":{"line":154,"column":45}},"43":{"start":{"line":168,"column":28},"end":{"line":168,"column":68}},"44":{"start":{"line":170,"column":2},"end":{"line":177,"column":3}},"45":{"start":{"line":171,"column":4},"end":{"line":175,"column":7}},"46":{"start":{"line":176,"column":4},"end":{"line":176,"column":17}},"47":{"start":{"line":179,"column":2},"end":{"line":179,"column":14}}},"fnMap":{"0":{"name":"validateNumberInput","decl":{"start":{"line":17,"column":16},"end":{"line":17,"column":35}},"loc":{"start":{"line":21,"column":22},"end":{"line":33,"column":1}}},"1":{"name":"sanitizeStringInput","decl":{"start":{"line":41,"column":16},"end":{"line":41,"column":35}},"loc":{"start":{"line":41,"column":74},"end":{"line":59,"column":1}}},"2":{"name":"validateSlippageTolerance","decl":{"start":{"line":66,"column":16},"end":{"line":66,"column":41}},"loc":{"start":{"line":66,"column":64},"end":{"line":86,"column":1}}},"3":{"name":"isValidEthereumAddress","decl":{"start":{"line":93,"column":16},"end":{"line":93,"column":38}},"loc":{"start":{"line":93,"column":54},"end":{"line":96,"column":1}}},"4":{"name":"isValidPositiveNumber","decl":{"start":{"line":103,"column":16},"end":{"line":103,"column":37}},"loc":{"start":{"line":103,"column":51},"end":{"line":106,"column":1}}},"5":{"name":"safeJsonParse","decl":{"start":{"line":113,"column":16},"end":{"line":113,"column":29}},"loc":{"start":{"line":113,"column":48},"end":{"line":120,"column":1}}},"6":{"name":"(anonymous_6)","decl":{"start":{"line":127,"column":11},"end":{"line":127,"column":12}},"loc":{"start":{"line":127,"column":45},"end":{"line":136,"column":3}}},"7":{"name":"(anonymous_7)","decl":{"start":{"line":139,"column":11},"end":{"line":139,"column":15}},"loc":{"start":{"line":139,"column":50},"end":{"line":150,"column":3}}},"8":{"name":"(anonymous_8)","decl":{"start":{"line":153,"column":14},"end":{"line":153,"column":15}},"loc":{"start":{"line":153,"column":36},"end":{"line":155,"column":3}}},"9":{"name":"validateWalletOperation","decl":{"start":{"line":164,"column":16},"end":{"line":164,"column":39}},"loc":{"start":{"line":164,"column":70},"end":{"line":180,"column":1}}}},"branchMap":{"0":{"loc":{"start":{"line":24,"column":22},"end":{"line":24,"column":75}},"type":"cond-expr","locations":[{"start":{"line":24,"column":50},"end":{"line":24,"column":67}},{"start":{"line":24,"column":70},"end":{"line":24,"column":75}}]},"1":{"loc":{"start":{"line":27,"column":2},"end":{"line":29,"column":3}},"type":"if","locations":[{"start":{"line":27,"column":2},"end":{"line":29,"column":3}}]},"2":{"loc":{"start":{"line":41,"column":51},"end":{"line":41,"column":74}},"type":"default-arg","locations":[{"start":{"line":41,"column":71},"end":{"line":41,"column":74}}]},"3":{"loc":{"start":{"line":46,"column":2},"end":{"line":48,"column":3}},"type":"if","locations":[{"start":{"line":46,"column":2},"end":{"line":48,"column":3}}]},"4":{"loc":{"start":{"line":75,"column":24},"end":{"line":75,"column":77}},"type":"cond-expr","locations":[{"start":{"line":75,"column":52},"end":{"line":75,"column":69}},{"start":{"line":75,"column":72},"end":{"line":75,"column":77}}]},"5":{"loc":{"start":{"line":77,"column":2},"end":{"line":83,"column":3}},"type":"if","locations":[{"start":{"line":77,"column":2},"end":{"line":83,"column":3}}]},"6":{"loc":{"start":{"line":77,"column":6},"end":{"line":77,"column":57}},"type":"binary-expr","locations":[{"start":{"line":77,"column":6},"end":{"line":77,"column":27}},{"start":{"line":77,"column":31},"end":{"line":77,"column":57}}]},"7":{"loc":{"start":{"line":105,"column":9},"end":{"line":105,"column":66}},"type":"binary-expr","locations":[{"start":{"line":105,"column":9},"end":{"line":105,"column":23}},{"start":{"line":105,"column":27},"end":{"line":105,"column":37}},{"start":{"line":105,"column":41},"end":{"line":105,"column":66}}]},"8":{"loc":{"start":{"line":142,"column":6},"end":{"line":142,"column":42}},"type":"if","locations":[{"start":{"line":142,"column":6},"end":{"line":142,"column":42}}]},"9":{"loc":{"start":{"line":170,"column":2},"end":{"line":177,"column":3}},"type":"if","locations":[{"start":{"line":170,"column":2},"end":{"line":177,"column":3}}]}},"s":{"0":0,"1":0,"2":0,"3":0,"4":0,"5":0,"6":0,"7":0,"8":0,"9":0,"10":0,"11":0,"12":0,"13":0,"14":0,"15":0,"16":0,"17":0,"18":0,"19":0,"20":0,"21":0,"22":0,"23":0,"24":0,"25":0,"26":0,"27":0,"28":0,"29":0,"30":0,"31":0,"32":0,"33":0,"34":0,"35":0,"36":0,"37":0,"38":0,"39":0,"40":0,"41":0,"42":0,"43":0,"44":0,"45":0,"46":0,"47":0},"f":{"0":0,"1":0,"2":0,"3":0,"4":0,"5":0,"6":0,"7":0,"8":0,"9":0},"b":{"0":[0,0],"1":[0],"2":[0],"3":[0],"4":[0,0],"5":[0],"6":[0,0],"7":[0,0,0],"8":[0],"9":[0]}}
,"C:\\Users\\Bruce\\Documents\\flashtrade-logic\\src\\utils\\wallet.ts": {"path":"C:\\Users\\Bruce\\Documents\\flashtrade-logic\\src\\utils\\wallet.ts","statementMap":{"0":{"start":{"line":2,"column":0},"end":{"line":2,"column":42}},"1":{"start":{"line":3,"column":0},"end":{"line":3,"column":42}},"2":{"start":{"line":5,"column":27},"end":{"line":5,"column":46}},"3":{"start":{"line":8,"column":30},"end":{"line":23,"column":1}},"4":{"start":{"line":9,"column":43},"end":{"line":20,"column":4}},"5":{"start":{"line":22,"column":2},"end":{"line":22,"column":52}},"6":{"start":{"line":8,"column":13},"end":{"line":8,"column":30}},"7":{"start":{"line":26,"column":71},"end":{"line":30,"column":2}},"8":{"start":{"line":33,"column":29},"end":{"line":87,"column":2}},"9":{"start":{"line":33,"column":83},"end":{"line":87,"column":2}},"10":{"start":{"line":34,"column":2},"end":{"line":86,"column":3}},"11":{"start":{"line":35,"column":4},"end":{"line":35,"column":57}},"12":{"start":{"line":41,"column":4},"end":{"line":41,"column":60}},"13":{"start":{"line":41,"column":33},"end":{"line":41,"column":58}},"14":{"start":{"line":44,"column":26},"end":{"line":45,"column":74}},"15":{"start":{"line":46,"column":25},"end":{"line":46,"column":86}},"16":{"start":{"line":47,"column":20},"end":{"line":47,"column":56}},"17":{"start":{"line":49,"column":20},"end":{"line":49,"column":88}},"18":{"start":{"line":53,"column":4},"end":{"line":53,"column":56}},"19":{"start":{"line":57,"column":20},"end":{"line":57,"column":60}},"20":{"start":{"line":59,"column":35},"end":{"line":65,"column":6}},"21":{"start":{"line":68,"column":4},"end":{"line":68,"column":36}},"22":{"start":{"line":70,"column":4},"end":{"line":73,"column":7}},"23":{"start":{"line":75,"column":4},"end":{"line":75,"column":22}},"24":{"start":{"line":77,"column":4},"end":{"line":77,"column":53}},"25":{"start":{"line":79,"column":4},"end":{"line":83,"column":7}},"26":{"start":{"line":85,"column":4},"end":{"line":85,"column":48}},"27":{"start":{"line":33,"column":13},"end":{"line":33,"column":29}},"28":{"start":{"line":89,"column":32},"end":{"line":106,"column":2}},"29":{"start":{"line":89,"column":58},"end":{"line":106,"column":2}},"30":{"start":{"line":90,"column":2},"end":{"line":105,"column":3}},"31":{"start":{"line":92,"column":4},"end":{"line":92,"column":59}},"32":{"start":{"line":92,"column":33},"end":{"line":92,"column":57}},"33":{"start":{"line":93,"column":4},"end":{"line":93,"column":39}},"34":{"start":{"line":96,"column":4},"end":{"line":96,"column":48}},"35":{"start":{"line":98,"column":4},"end":{"line":101,"column":7}},"36":{"start":{"line":103,"column":4},"end":{"line":103,"column":56}},"37":{"start":{"line":104,"column":4},"end":{"line":104,"column":51}},"38":{"start":{"line":89,"column":13},"end":{"line":89,"column":32}},"39":{"start":{"line":108,"column":32},"end":{"line":123,"column":2}},"40":{"start":{"line":108,"column":75},"end":{"line":123,"column":2}},"41":{"start":{"line":109,"column":2},"end":{"line":122,"column":3}},"42":{"start":{"line":112,"column":4},"end":{"line":112,"column":60}},"43":{"start":{"line":112,"column":33},"end":{"line":112,"column":58}},"44":{"start":{"line":115,"column":4},"end":{"line":115,"column":52}},"45":{"start":{"line":120,"column":4},"end":{"line":120,"column":58}},"46":{"start":{"line":121,"column":4},"end":{"line":121,"column":19}},"47":{"start":{"line":108,"column":13},"end":{"line":108,"column":32}},"48":{"start":{"line":125,"column":33},"end":{"line":128,"column":1}},"49":{"start":{"line":126,"column":21},"end":{"line":126,"column":43}},"50":{"start":{"line":127,"column":2},"end":{"line":127,"column":40}},"51":{"start":{"line":125,"column":13},"end":{"line":125,"column":33}},"52":{"start":{"line":130,"column":29},"end":{"line":163,"column":2}},"53":{"start":{"line":130,"column":70},"end":{"line":163,"column":2}},"54":{"start":{"line":131,"column":2},"end":{"line":162,"column":3}},"55":{"start":{"line":132,"column":4},"end":{"line":132,"column":54}},"56":{"start":{"line":134,"column":4},"end":{"line":134,"column":60}},"57":{"start":{"line":134,"column":33},"end":{"line":134,"column":58}},"58":{"start":{"line":137,"column":23},"end":{"line":137,"column":45}},"59":{"start":{"line":138,"column":4},"end":{"line":151,"column":5}},"60":{"start":{"line":140,"column":6},"end":{"line":140,"column":63}},"61":{"start":{"line":142,"column":6},"end":{"line":145,"column":9}},"62":{"start":{"line":147,"column":6},"end":{"line":150,"column":9}},"63":{"start":{"line":153,"column":4},"end":{"line":153,"column":53}},"64":{"start":{"line":155,"column":4},"end":{"line":159,"column":7}},"65":{"start":{"line":161,"column":4},"end":{"line":161,"column":62}},"66":{"start":{"line":130,"column":13},"end":{"line":130,"column":29}},"67":{"start":{"line":165,"column":33},"end":{"line":186,"column":2}},"68":{"start":{"line":165,"column":88},"end":{"line":186,"column":2}},"69":{"start":{"line":166,"column":2},"end":{"line":185,"column":3}},"70":{"start":{"line":168,"column":4},"end":{"line":168,"column":59}},"71":{"start":{"line":168,"column":33},"end":{"line":168,"column":57}},"72":{"start":{"line":171,"column":23},"end":{"line":171,"column":66}},"73":{"start":{"line":173,"column":21},"end":{"line":175,"column":null}},"74":{"start":{"line":179,"column":4},"end":{"line":179,"column":37}},"75":{"start":{"line":181,"column":4},"end":{"line":181,"column":23}},"76":{"start":{"line":183,"column":4},"end":{"line":183,"column":58}},"77":{"start":{"line":184,"column":4},"end":{"line":184,"column":23}},"78":{"start":{"line":165,"column":13},"end":{"line":165,"column":33}},"79":{"start":{"line":188,"column":34},"end":{"line":191,"column":1}},"80":{"start":{"line":189,"column":2},"end":{"line":189,"column":34}},"81":{"start":{"line":189,"column":21},"end":{"line":189,"column":34}},"82":{"start":{"line":190,"column":2},"end":{"line":190,"column":61}},"83":{"start":{"line":188,"column":13},"end":{"line":188,"column":34}},"84":{"start":{"line":194,"column":28},"end":{"line":200,"column":1}},"85":{"start":{"line":195,"column":2},"end":{"line":199,"column":3}},"86":{"start":{"line":196,"column":4},"end":{"line":196,"column":73}},"87":{"start":{"line":198,"column":4},"end":{"line":198,"column":60}},"88":{"start":{"line":203,"column":36},"end":{"line":213,"column":1}},"89":{"start":{"line":204,"column":2},"end":{"line":212,"column":3}},"90":{"start":{"line":205,"column":17},"end":{"line":205,"column":57}},"91":{"start":{"line":206,"column":4},"end":{"line":206,"column":27}},"92":{"start":{"line":206,"column":15},"end":{"line":206,"column":27}},"93":{"start":{"line":208,"column":4},"end":{"line":208,"column":42}},"94":{"start":{"line":210,"column":4},"end":{"line":210,"column":66}},"95":{"start":{"line":211,"column":4},"end":{"line":211,"column":16}},"96":{"start":{"line":203,"column":13},"end":{"line":203,"column":36}}},"fnMap":{"0":{"name":"(anonymous_7)","decl":{"start":{"line":8,"column":30},"end":{"line":8,"column":31}},"loc":{"start":{"line":8,"column":58},"end":{"line":23,"column":1}}},"1":{"name":"(anonymous_8)","decl":{"start":{"line":33,"column":29},"end":{"line":33,"column":36}},"loc":{"start":{"line":33,"column":83},"end":{"line":87,"column":2}}},"2":{"name":"(anonymous_9)","decl":{"start":{"line":33,"column":83},"end":{"line":33,"column":null}},"loc":{"start":{"line":33,"column":83},"end":{"line":87,"column":1}}},"3":{"name":"(anonymous_10)","decl":{"start":{"line":41,"column":22},"end":{"line":41,"column":29}},"loc":{"start":{"line":41,"column":33},"end":{"line":41,"column":58}}},"4":{"name":"(anonymous_11)","decl":{"start":{"line":89,"column":32},"end":{"line":89,"column":56}},"loc":{"start":{"line":89,"column":58},"end":{"line":106,"column":2}}},"5":{"name":"(anonymous_12)","decl":{"start":{"line":89,"column":58},"end":{"line":89,"column":null}},"loc":{"start":{"line":89,"column":58},"end":{"line":106,"column":1}}},"6":{"name":"(anonymous_13)","decl":{"start":{"line":92,"column":22},"end":{"line":92,"column":29}},"loc":{"start":{"line":92,"column":33},"end":{"line":92,"column":57}}},"7":{"name":"(anonymous_14)","decl":{"start":{"line":108,"column":32},"end":{"line":108,"column":39}},"loc":{"start":{"line":108,"column":75},"end":{"line":123,"column":2}}},"8":{"name":"(anonymous_15)","decl":{"start":{"line":108,"column":75},"end":{"line":108,"column":null}},"loc":{"start":{"line":108,"column":75},"end":{"line":123,"column":1}}},"9":{"name":"(anonymous_16)","decl":{"start":{"line":112,"column":22},"end":{"line":112,"column":29}},"loc":{"start":{"line":112,"column":33},"end":{"line":112,"column":58}}},"10":{"name":"(anonymous_17)","decl":{"start":{"line":125,"column":33},"end":{"line":125,"column":45}},"loc":{"start":{"line":125,"column":47},"end":{"line":128,"column":1}}},"11":{"name":"(anonymous_18)","decl":{"start":{"line":130,"column":29},"end":{"line":130,"column":36}},"loc":{"start":{"line":130,"column":70},"end":{"line":163,"column":2}}},"12":{"name":"(anonymous_19)","decl":{"start":{"line":130,"column":70},"end":{"line":130,"column":null}},"loc":{"start":{"line":130,"column":70},"end":{"line":163,"column":1}}},"13":{"name":"(anonymous_20)","decl":{"start":{"line":134,"column":22},"end":{"line":134,"column":29}},"loc":{"start":{"line":134,"column":33},"end":{"line":134,"column":58}}},"14":{"name":"(anonymous_21)","decl":{"start":{"line":165,"column":33},"end":{"line":165,"column":40}},"loc":{"start":{"line":165,"column":88},"end":{"line":186,"column":2}}},"15":{"name":"(anonymous_22)","decl":{"start":{"line":165,"column":88},"end":{"line":165,"column":null}},"loc":{"start":{"line":165,"column":88},"end":{"line":186,"column":1}}},"16":{"name":"(anonymous_23)","decl":{"start":{"line":168,"column":22},"end":{"line":168,"column":29}},"loc":{"start":{"line":168,"column":33},"end":{"line":168,"column":57}}},"17":{"name":"(anonymous_24)","decl":{"start":{"line":188,"column":34},"end":{"line":188,"column":35}},"loc":{"start":{"line":188,"column":81},"end":{"line":191,"column":1}}},"18":{"name":"(anonymous_25)","decl":{"start":{"line":194,"column":28},"end":{"line":194,"column":29}},"loc":{"start":{"line":194,"column":61},"end":{"line":200,"column":1}}},"19":{"name":"(anonymous_26)","decl":{"start":{"line":203,"column":36},"end":{"line":203,"column":58}},"loc":{"start":{"line":203,"column":60},"end":{"line":213,"column":1}}}},"branchMap":{"0":{"loc":{"start":{"line":22,"column":9},"end":{"line":22,"column":51}},"type":"binary-expr","locations":[{"start":{"line":22,"column":9},"end":{"line":22,"column":26}},{"start":{"line":22,"column":30},"end":{"line":22,"column":51}}]},"1":{"loc":{"start":{"line":44,"column":26},"end":{"line":45,"column":74}},"type":"cond-expr","locations":[{"start":{"line":44,"column":54},"end":{"line":44,"column":62}},{"start":{"line":45,"column":27},"end":{"line":45,"column":74}}]},"2":{"loc":{"start":{"line":45,"column":27},"end":{"line":45,"column":74}},"type":"cond-expr","locations":[{"start":{"line":45,"column":55},"end":{"line":45,"column":63}},{"start":{"line":45,"column":66},"end":{"line":45,"column":74}}]},"3":{"loc":{"start":{"line":49,"column":20},"end":{"line":49,"column":88}},"type":"cond-expr","locations":[{"start":{"line":49,"column":48},"end":{"line":49,"column":49}},{"start":{"line":49,"column":52},"end":{"line":49,"column":88}}]},"4":{"loc":{"start":{"line":49,"column":52},"end":{"line":49,"column":88}},"type":"cond-expr","locations":[{"start":{"line":49,"column":80},"end":{"line":49,"column":83}},{"start":{"line":49,"column":86},"end":{"line":49,"column":88}}]},"5":{"loc":{"start":{"line":127,"column":9},"end":{"line":127,"column":39}},"type":"binary-expr","locations":[{"start":{"line":127,"column":9},"end":{"line":127,"column":30}},{"start":{"line":127,"column":34},"end":{"line":127,"column":39}}]},"6":{"loc":{"start":{"line":127,"column":9},"end":{"line":127,"column":30}},"type":"cond-expr","locations":[{"start":{"line":127,"column":19},"end":{"line":127,"column":21}},{"start":{"line":127,"column":9},"end":{"line":127,"column":30}}]},"7":{"loc":{"start":{"line":127,"column":9},"end":{"line":127,"column":21}},"type":"binary-expr","locations":[{"start":{"line":127,"column":9},"end":{"line":127,"column":21}},{"start":{"line":127,"column":9},"end":{"line":127,"column":21}}]},"8":{"loc":{"start":{"line":138,"column":4},"end":{"line":151,"column":5}},"type":"if","locations":[{"start":{"line":138,"column":4},"end":{"line":151,"column":5}}]},"9":{"loc":{"start":{"line":189,"column":2},"end":{"line":189,"column":34}},"type":"if","locations":[{"start":{"line":189,"column":2},"end":{"line":189,"column":34}}]},"10":{"loc":{"start":{"line":190,"column":9},"end":{"line":190,"column":60}},"type":"binary-expr","locations":[{"start":{"line":190,"column":9},"end":{"line":190,"column":51}},{"start":{"line":190,"column":55},"end":{"line":190,"column":60}}]},"11":{"loc":{"start":{"line":190,"column":9},"end":{"line":190,"column":51}},"type":"cond-expr","locations":[{"start":{"line":190,"column":32},"end":{"line":190,"column":34}},{"start":{"line":190,"column":32},"end":{"line":190,"column":51}}]},"12":{"loc":{"start":{"line":190,"column":9},"end":{"line":190,"column":34}},"type":"binary-expr","locations":[{"start":{"line":190,"column":9},"end":{"line":190,"column":34}},{"start":{"line":190,"column":32},"end":{"line":190,"column":34}}]},"13":{"loc":{"start":{"line":206,"column":4},"end":{"line":206,"column":27}},"type":"if","locations":[{"start":{"line":206,"column":4},"end":{"line":206,"column":27}}]}},"s":{"0":0,"1":0,"2":0,"3":0,"4":0,"5":0,"6":0,"7":0,"8":0,"9":0,"10":0,"11":0,"12":0,"13":0,"14":0,"15":0,"16":0,"17":0,"18":0,"19":0,"20":0,"21":0,"22":0,"23":0,"24":0,"25":0,"26":0,"27":0,"28":0,"29":0,"30":0,"31":0,"32":0,"33":0,"34":0,"35":0,"36":0,"37":0,"38":0,"39":0,"40":0,"41":0,"42":0,"43":0,"44":0,"45":0,"46":0,"47":0,"48":0,"49":0,"50":0,"51":0,"52":0,"53":0,"54":0,"55":0,"56":0,"57":0,"58":0,"59":0,"60":0,"61":0,"62":0,"63":0,"64":0,"65":0,"66":0,"67":0,"68":0,"69":0,"70":0,"71":0,"72":0,"73":0,"74":0,"75":0,"76":0,"77":0,"78":0,"79":0,"80":0,"81":0,"82":0,"83":0,"84":0,"85":0,"86":0,"87":0,"88":0,"89":0,"90":0,"91":0,"92":0,"93":0,"94":0,"95":0,"96":0},"f":{"0":0,"1":0,"2":0,"3":0,"4":0,"5":0,"6":0,"7":0,"8":0,"9":0,"10":0,"11":0,"12":0,"13":0,"14":0,"15":0,"16":0,"17":0,"18":0,"19":0},"b":{"0":[0,0],"1":[0,0],"2":[0,0],"3":[0,0],"4":[0,0],"5":[0,0],"6":[0,0],"7":[0,0],"8":[0],"9":[0],"10":[0,0],"11":[0,0],"12":[0,0],"13":[0]}}
,"C:\\Users\\Bruce\\Documents\\flashtrade-logic\\src\\utils\\ai\\aiService.ts": {"path":"C:\\Users\\Bruce\\Documents\\flashtrade-logic\\src\\utils\\ai\\aiService.ts","statementMap":{"0":{"start":{"line":2,"column":0},"end":{"line":2,"column":50}},"1":{"start":{"line":3,"column":0},"end":{"line":3,"column":54}},"2":{"start":{"line":4,"column":0},"end":{"line":4,"column":53}},"3":{"start":{"line":5,"column":0},"end":{"line":5,"column":75}},"4":{"start":{"line":11,"column":10},"end":{"line":11,"column":36}},"5":{"start":{"line":12,"column":10},"end":{"line":12,"column":32}},"6":{"start":{"line":15,"column":4},"end":{"line":15,"column":22}},"7":{"start":{"line":22,"column":4},"end":{"line":41,"column":5}},"8":{"start":{"line":23,"column":21},"end":{"line":23,"column":34}},"9":{"start":{"line":25,"column":6},"end":{"line":36,"column":7}},"10":{"start":{"line":28,"column":8},"end":{"line":30,"column":18}},"11":{"start":{"line":32,"column":8},"end":{"line":32,"column":34}},"12":{"start":{"line":33,"column":8},"end":{"line":33,"column":74}},"13":{"start":{"line":35,"column":8},"end":{"line":35,"column":83}},"14":{"start":{"line":38,"column":6},"end":{"line":38,"column":80}},"15":{"start":{"line":39,"column":6},"end":{"line":39,"column":33}},"16":{"start":{"line":40,"column":6},"end":{"line":40,"column":25}},"17":{"start":{"line":48,"column":4},"end":{"line":82,"column":5}},"18":{"start":{"line":51,"column":25},"end":{"line":53,"column":15}},"19":{"start":{"line":57,"column":6},"end":{"line":77,"column":7}},"20":{"start":{"line":60,"column":23},"end":{"line":60,"column":40}},"21":{"start":{"line":62,"column":8},"end":{"line":71,"column":9}},"22":{"start":{"line":63,"column":10},"end":{"line":63,"column":33}},"23":{"start":{"line":64,"column":15},"end":{"line":71,"column":9}},"24":{"start":{"line":65,"column":10},"end":{"line":65,"column":30}},"25":{"start":{"line":66,"column":15},"end":{"line":71,"column":9}},"26":{"start":{"line":67,"column":10},"end":{"line":67,"column":35}},"27":{"start":{"line":70,"column":10},"end":{"line":70,"column":83}},"28":{"start":{"line":73,"column":8},"end":{"line":73,"column":20}},"29":{"start":{"line":75,"column":8},"end":{"line":75,"column":95}},"30":{"start":{"line":76,"column":8},"end":{"line":76,"column":21}},"31":{"start":{"line":80,"column":6},"end":{"line":80,"column":87}},"32":{"start":{"line":81,"column":6},"end":{"line":81,"column":19}},"33":{"start":{"line":89,"column":4},"end":{"line":98,"column":5}},"34":{"start":{"line":90,"column":6},"end":{"line":90,"column":31}},"35":{"start":{"line":91,"column":6},"end":{"line":91,"column":24}},"36":{"start":{"line":92,"column":6},"end":{"line":92,"column":56}},"37":{"start":{"line":94,"column":6},"end":{"line":97,"column":31}},"38":{"start":{"line":109,"column":4},"end":{"line":116,"column":5}},"39":{"start":{"line":110,"column":6},"end":{"line":110,"column":82}},"40":{"start":{"line":111,"column":6},"end":{"line":115,"column":8}},"41":{"start":{"line":118,"column":4},"end":{"line":140,"column":5}},"42":{"start":{"line":122,"column":6},"end":{"line":122,"column":81}},"43":{"start":{"line":125,"column":26},"end":{"line":125,"column":62}},"44":{"start":{"line":126,"column":25},"end":{"line":126,"column":58}},"45":{"start":{"line":128,"column":6},"end":{"line":132,"column":8}},"46":{"start":{"line":134,"column":6},"end":{"line":134,"column":97}},"47":{"start":{"line":135,"column":6},"end":{"line":139,"column":8}},"48":{"start":{"line":151,"column":4},"end":{"line":158,"column":5}},"49":{"start":{"line":152,"column":6},"end":{"line":152,"column":81}},"50":{"start":{"line":153,"column":6},"end":{"line":157,"column":8}},"51":{"start":{"line":160,"column":4},"end":{"line":209,"column":5}},"52":{"start":{"line":161,"column":6},"end":{"line":161,"column":84}},"53":{"start":{"line":167,"column":25},"end":{"line":167,"column":76}},"54":{"start":{"line":168,"column":25},"end":{"line":168,"column":83}},"55":{"start":{"line":169,"column":26},"end":{"line":169,"column":72}},"56":{"start":{"line":172,"column":30},"end":{"line":172,"column":32}},"57":{"start":{"line":175,"column":6},"end":{"line":180,"column":7}},"58":{"start":{"line":176,"column":8},"end":{"line":176,"column":43}},"59":{"start":{"line":177,"column":8},"end":{"line":177,"column":113}},"60":{"start":{"line":178,"column":13},"end":{"line":180,"column":7}},"61":{"start":{"line":179,"column":8},"end":{"line":179,"column":41}},"62":{"start":{"line":182,"column":6},"end":{"line":185,"column":7}},"63":{"start":{"line":183,"column":8},"end":{"line":183,"column":97}},"64":{"start":{"line":184,"column":8},"end":{"line":184,"column":111}},"65":{"start":{"line":188,"column":25},"end":{"line":190,"column":null}},"66":{"start":{"line":193,"column":6},"end":{"line":197,"column":8}},"67":{"start":{"line":199,"column":6},"end":{"line":202,"column":31}},"68":{"start":{"line":204,"column":6},"end":{"line":208,"column":8}},"69":{"start":{"line":219,"column":4},"end":{"line":225,"column":5}},"70":{"start":{"line":220,"column":6},"end":{"line":220,"column":80}},"71":{"start":{"line":221,"column":6},"end":{"line":224,"column":8}},"72":{"start":{"line":227,"column":4},"end":{"line":265,"column":5}},"73":{"start":{"line":229,"column":62},"end":{"line":229,"column":71}},"74":{"start":{"line":235,"column":25},"end":{"line":235,"column":28}},"75":{"start":{"line":238,"column":6},"end":{"line":240,"column":7}},"76":{"start":{"line":239,"column":8},"end":{"line":239,"column":48}},"77":{"start":{"line":243,"column":6},"end":{"line":245,"column":7}},"78":{"start":{"line":244,"column":8},"end":{"line":244,"column":48}},"79":{"start":{"line":248,"column":25},"end":{"line":248,"column":28}},"80":{"start":{"line":250,"column":6},"end":{"line":253,"column":8}},"81":{"start":{"line":255,"column":6},"end":{"line":259,"column":28}},"82":{"start":{"line":261,"column":6},"end":{"line":264,"column":8}},"83":{"start":{"line":272,"column":4},"end":{"line":272,"column":54}},"84":{"start":{"line":10,"column":0},"end":{"line":10,"column":13}},"85":{"start":{"line":276,"column":13},"end":{"line":276,"column":41}}},"fnMap":{"0":{"name":"(anonymous_7)","decl":{"start":{"line":14,"column":2},"end":{"line":14,"column":null}},"loc":{"start":{"line":14,"column":2},"end":{"line":16,"column":3}}},"1":{"name":"(anonymous_8)","decl":{"start":{"line":21,"column":10},"end":{"line":21,"column":20}},"loc":{"start":{"line":21,"column":20},"end":{"line":42,"column":3}}},"2":{"name":"(anonymous_9)","decl":{"start":{"line":47,"column":15},"end":{"line":47,"column":29}},"loc":{"start":{"line":47,"column":44},"end":{"line":83,"column":null}}},"3":{"name":"(anonymous_11)","decl":{"start":{"line":88,"column":9},"end":{"line":88,"column":18}},"loc":{"start":{"line":88,"column":33},"end":{"line":99,"column":3}}},"4":{"name":"(anonymous_12)","decl":{"start":{"line":104,"column":15},"end":{"line":104,"column":43}},"loc":{"start":{"line":104,"column":64},"end":{"line":141,"column":null}}},"5":{"name":"(anonymous_14)","decl":{"start":{"line":146,"column":15},"end":{"line":146,"column":46}},"loc":{"start":{"line":146,"column":64},"end":{"line":210,"column":null}}},"6":{"name":"(anonymous_16)","decl":{"start":{"line":215,"column":15},"end":{"line":215,"column":30}},"loc":{"start":{"line":215,"column":45},"end":{"line":266,"column":null}}},"7":{"name":"(anonymous_18)","decl":{"start":{"line":271,"column":9},"end":{"line":271,"column":30}},"loc":{"start":{"line":271,"column":30},"end":{"line":273,"column":3}}}},"branchMap":{"0":{"loc":{"start":{"line":25,"column":6},"end":{"line":36,"column":7}},"type":"if","locations":[{"start":{"line":25,"column":6},"end":{"line":36,"column":7}},{"start":{"line":34,"column":13},"end":{"line":36,"column":7}}]},"1":{"loc":{"start":{"line":62,"column":8},"end":{"line":71,"column":9}},"type":"if","locations":[{"start":{"line":62,"column":8},"end":{"line":71,"column":9}},{"start":{"line":64,"column":15},"end":{"line":71,"column":9}}]},"2":{"loc":{"start":{"line":62,"column":12},"end":{"line":62,"column":58}},"type":"binary-expr","locations":[{"start":{"line":62,"column":12},"end":{"line":62,"column":18}},{"start":{"line":62,"column":22},"end":{"line":62,"column":58}}]},"3":{"loc":{"start":{"line":64,"column":15},"end":{"line":71,"column":9}},"type":"if","locations":[{"start":{"line":64,"column":15},"end":{"line":71,"column":9}},{"start":{"line":66,"column":15},"end":{"line":71,"column":9}}]},"4":{"loc":{"start":{"line":64,"column":19},"end":{"line":64,"column":62}},"type":"binary-expr","locations":[{"start":{"line":64,"column":19},"end":{"line":64,"column":25}},{"start":{"line":64,"column":29},"end":{"line":64,"column":62}}]},"5":{"loc":{"start":{"line":66,"column":15},"end":{"line":71,"column":9}},"type":"if","locations":[{"start":{"line":66,"column":15},"end":{"line":71,"column":9}},{"start":{"line":68,"column":15},"end":{"line":71,"column":9}}]},"6":{"loc":{"start":{"line":66,"column":19},
[...]
":{"line":702,"column":5}},{"start":{"line":696,"column":11},"end":{"line":702,"column":5}}]},"49":{"loc":{"start":{"line":696,"column":11},"end":{"line":702,"column":5}},"type":"if","locations":[{"start":{"line":696,"column":11},"end":{"line":702,"column":5}},{"start":{"line":698,"column":11},"end":{"line":702,"column":5}}]},"50":{"loc":{"start":{"line":698,"column":11},"end":{"line":702,"column":5}},"type":"if","locations":[{"start":{"line":698,"column":11},"end":{"line":702,"column":5}},{"start":{"line":700,"column":11},"end":{"line":702,"column":5}}]},"51":{"loc":{"start":{"line":705,"column":4},"end":{"line":711,"column":5}},"type":"if","locations":[{"start":{"line":705,"column":4},"end":{"line":711,"column":5}},{"start":{"line":707,"column":11},"end":{"line":711,"column":5}}]},"52":{"loc":{"start":{"line":707,"column":11},"end":{"line":711,"column":5}},"type":"if","locations":[{"start":{"line":707,"column":11},"end":{"line":711,"column":5}},{"start":{"line":709,"column":11},"end":{"line":711,"column":5}}]}},"s":{"0":0,"1":0,"2":0,"3":0,"4":0,"5":0,"6":0,"7":0,"8":0,"9":0,"10":0,"11":0,"12":0,"13":0,"14":0,"15":0,"16":0,"17":0,"18":0,"19":0,"20":0,"21":0,"22":0,"23":0,"24":0,"25":0,"26":0,"27":0,"28":0,"29":0,"30":0,"31":0,"32":0,"33":0,"34":0,"35":0,"36":0,"37":0,"38":0,"39":0,"40":0,"41":0,"42":0,"43":0,"44":0,"45":0,"46":0,"47":0,"48":0,"49":0,"50":0,"51":0,"52":0,"53":0,"54":0,"55":0,"56":0,"57":0,"58":0,"59":0,"60":0,"61":0,"62":0,"63":0,"64":0,"65":0,"66":0,"67":0,"68":0,"69":0,"70":0,"71":0,"72":0,"73":0,"74":0,"75":0,"76":0,"77":0,"78":0,"79":0,"80":0,"81":0,"82":0,"83":0,"84":0,"85":0,"86":0,"87":0,"88":0,"89":0,"90":0,"91":0,"92":0,"93":0,"94":0,"95":0,"96":0,"97":0,"98":0,"99":0,"100":0,"101":0,"102":0,"103":0,"104":0,"105":0,"106":0,"107":0,"108":0,"109":0,"110":0,"111":0,"112":0,"113":0,"114":0,"115":0,"116":0,"117":0,"118":0,"119":0,"120":0,"121":0,"122":0,"123":0,"124":0,"125":0,"126":0,"127":0,"128":0,"129":0,"130":0,"131":0,"132":0,"133":0,"134":0,"135":0,"136":0,"137":0,"138":0,"139":0,"140":0,"141":0,"142":0,"143":0,"144":0,"145":0,"146":0,"147":0,"148":0,"149":0,"150":0,"151":0,"152":0,"153":0,"154":0,"155":0,"156":0,"157":0,"158":0,"159":0,"160":0,"161":0,"162":0,"163":0,"164":0,"165":0,"166":0,"167":0,"168":0,"169":0,"170":0,"171":0,"172":0,"173":0,"174":0,"175":0,"176":0,"177":0,"178":0,"179":0,"180":0,"181":0,"182":0,"183":0,"184":0,"185":0,"186":0,"187":0,"188":0,"189":0,"190":0,"191":0,"192":0,"193":0,"194":0,"195":0,"196":0,"197":0,"198":0,"199":0,"200":0,"201":0,"202":0,"203":0,"204":0,"205":0,"206":0,"207":0,"208":0,"209":0,"210":0,"211":0,"212":0,"213":0,"214":0,"215":0,"216":0,"217":0,"218":0,"219":0,"220":0,"221":0,"222":0,"223":0,"224":0,"225":0,"226":0,"227":0,"228":0,"229":0,"230":0,"231":0},"f":{"0":0,"1":0,"2":0,"3":0,"4":0,"5":0,"6":0,"7":0,"8":0,"9":0,"10":0,"11":0,"12":0,"13":0,"14":0,"15":0,"16":0,"17":0,"18":0,"19":0,"20":0,"21":0,"22":0,"23":0,"24":0,"25":0,"26":0,"27":0,"28":0,"29":0,"30":0,"31":0,"32":0,"33":0,"34":0,"35":0,"36":0,"37":0,"38":0,"39":0,"40":0},"b":{"0":[0],"1":[0],"2":[0],"3":[0,0],"4":[0],"5":[0,0],"6":[0,0],"7":[0],"8":[0],"9":[0],"10":[0],"11":[0],"12":[0],"13":[0],"14":[0],"15":[0],"16":[0,0,0],"17":[0,0],"18":[0,0],"19":[0,0],"20":[0,0],"21":[0,0],"22":[0],"23":[0,0],"24":[0,0],"25":[0,0],"26":[0],"27":[0],"28":[0],"29":[0,0],"30":[0],"31":[0,0],"32":[0],"33":[0,0],"34":[0],"35":[0],"36":[0,0],"37":[0],"38":[0,0],"39":[0,0],"40":[0,0],"41":[0,0],"42":[0,0],"43":[0,0],"44":[0],"45":[0,0,0,0,0],"46":[0],"47":[0,0,0],"48":[0,0],"49":[0,0],"50":[0,0],"51":[0,0],"52":[0,0]}}
,"C:\\Users\\Bruce\\Documents\\flashtrade-logic\\src\\utils\\monitoring\\loggingService.ts": {"path":"C:\\Users\\Bruce\\Documents\\flashtrade-logic\\src\\utils\\monitoring\\loggingService.ts","statementMap":{"0":{"start":{"line":2,"column":0},"end":{"line":2,"column":36}},"1":{"start":{"line":29,"column":10},"end":{"line":29,"column":32}},"2":{"start":{"line":30,"column":10},"end":{"line":30,"column":34}},"3":{"start":{"line":31,"column":10},"end":{"line":31,"column":40}},"4":{"start":{"line":32,"column":10},"end":{"line":32,"column":39}},"5":{"start":{"line":35,"column":4},"end":{"line":35,"column":47}},"6":{"start":{"line":38,"column":4},"end":{"line":38,"column":78}},"7":{"start":{"line":45,"column":4},"end":{"line":45,"column":35}},"8":{"start":{"line":45,"column":28},"end":{"line":45,"column":35}},"9":{"start":{"line":47,"column":4},"end":{"line":47,"column":51}},"10":{"start":{"line":54,"column":4},"end":{"line":54,"column":50}},"11":{"start":{"line":61,"column":4},"end":{"line":61,"column":50}},"12":{"start":{"line":68,"column":4},"end":{"line":68,"column":51}},"13":{"start":{"line":75,"column":4},"end":{"line":75,"column":54}},"14":{"start":{"line":88,"column":28},"end":{"line":96,"column":6}},"15":{"start":{"line":99,"column":4},"end":{"line":99,"column":26}},"16":{"start":{"line":102,"column":4},"end":{"line":104,"column":5}},"17":{"start":{"line":103,"column":6},"end":{"line":103,"column":50}},"18":{"start":{"line":107,"column":4},"end":{"line":109,"column":5}},"19":{"start":{"line":108,"column":6},"end":{"line":108,"column":33}},"20":{"start":{"line":111,"column":4},"end":{"line":111,"column":17}},"21":{"start":{"line":118,"column":22},"end":{"line":118,"column":61}},"22":{"start":{"line":119,"column":19},"end":{"line":119,"column":84}},"23":{"start":{"line":121,"column":4},"end":{"line":135,"column":5}},"24":{"start":{"line":123,"column":8},"end":{"line":123,"column":63}},"25":{"start":{"line":124,"column":8},"end":{"line":124,"column":14}},"26":{"start":{"line":126,"column":8},"end":{"line":126,"column":62}},"27":{"start":{"line":127,"column":8},"end":{"line":127,"column":14}},"28":{"start":{"line":129,"column":8},"end":{"line":129,"column":62}},"29":{"start":{"line":130,"column":8},"end":{"line":130,"column":14}},"30":{"start":{"line":133,"column":8},"end":{"line":133,"column":63}},"31":{"start":{"line":134,"column":8},"end":{"line":134,"column":14}},"32":{"start":{"line":142,"column":4},"end":{"line":142,"column":39}},"33":{"start":{"line":142,"column":17},"end":{"line":142,"column":39}},"34":{"start":{"line":144,"column":4},"end":{"line":168,"column":7}},"35":{"start":{"line":146,"column":6},"end":{"line":149,"column":7}},"36":{"start":{"line":147,"column":23},"end":{"line":147,"column":82}},"37":{"start":{"line":148,"column":8},"end":{"line":148,"column":54}},"38":{"start":{"line":148,"column":41},"end":{"line":148,"column":54}},"39":{"start":{"line":152,"column":6},"end":{"line":155,"column":7}},"40":{"start":{"line":153,"column":24},"end":{"line":153,"column":86}},"41":{"start":{"line":154,"column":8},"end":{"line":154,"column":56}},"42":{"start":{"line":154,"column":43},"end":{"line":154,"column":56}},"43":{"start":{"line":158,"column":6},"end":{"line":161,"column":7}},"44":{"start":{"line":159,"column":21},"end":{"line":159,"column":74}},"45":{"start":{"line":160,"column":8},"end":{"line":160,"column":69}},"46":{"start":{"line":160,"column":30},"end":{"line":160,"column":54}},"47":{"start":{"line":160,"column":56},"end":{"line":160,"column":69}},"48":{"start":{"line":164,"column":6},"end":{"line":164,"column":77}},"49":{"start":{"line":164,"column":64},"end":{"line":164,"column":77}},"50":{"start":{"line":165,"column":6},"end":{"line":165,"column":73}},"51":{"start":{"line":165,"column":60},"end":{"line":165,"column":73}},"52":{"start":{"line":167,"column":6},"end":{"line":167,"column":18}},"53":{"start":{"line":175,"column":4},"end":{"line":175,"column":19}},"54":{"start":{"line":176,"column":4},"end":{"line":176,"column":67}},"55":{"start":{"line":183,"column":17},"end":{"line":183,"column":37}},"56":{"start":{"line":184,"column":4},"end":{"line":184,"column":41}},"57":{"start":{"line":191,"column":4},"end":{"line":207,"column":5}},"58":{"start":{"line":192,"column":19},"end":{"line":192,"column":35}},"59":{"start":{"line":194,"column":6},"end":{"line":201,"column":7}},"60":{"start":{"line":196,"column":29},"end":{"line":196,"column":52}},"61":{"start":{"line":197,"column":8},"end":{"line":197,"column":55}},"62":{"start":{"line":199,"column":8},"end":{"line":199,"column":87}},"63":{"start":{"line":200,"column":8},"end":{"line":200,"column":20}},"64":{"start":{"line":203,"column":6},"end":{"line":203,"column":19}},"65":{"start":{"line":205,"column":6},"end":{"line":205,"column":52}},"66":{"start":{"line":206,"column":6},"end":{"line":206,"column":19}},"67":{"start":{"line":214,"column":4},"end":{"line":214,"column":32}},"68":{"start":{"line":215,"column":4},"end":{"line":215,"column":77}},"69":{"start":{"line":222,"column":4},"end":{"line":222,"column":33}},"70":{"start":{"line":223,"column":4},"end":{"line":223,"column":78}},"71":{"start":{"line":230,"column":4},"end":{"line":230,"column":33}},"72":{"start":{"line":230,"column":21},"end":{"line":230,"column":33}},"73":{"start":{"line":231,"column":4},"end":{"line":231,"column":26}},"74":{"start":{"line":234,"column":4},"end":{"line":236,"column":5}},"75":{"start":{"line":235,"column":6},"end":{"line":235,"column":50}},"76":{"start":{"line":238,"column":4},"end":{"line":238,"column":53}},"77":{"start":{"line":245,"column":46},"end":{"line":251,"column":6}},"78":{"start":{"line":253,"column":4},"end":{"line":255,"column":5}},"79":{"start":{"line":254,"column":6},"end":{"line":254,"column":27}},"80":{"start":{"line":257,"column":4},"end":{"line":257,"column":19}},"81":{"start":{"line":262,"column":13},"end":{"line":262,"column":43}}},"fnMap":{"0":{"name":"(anonymous_0)","decl":{"start":{"line":34,"column":2},"end":{"line":34,"column":null}},"loc":{"start":{"line":34,"column":2},"end":{"line":39,"column":3}}},"1":{"name":"(anonymous_1)","decl":{"start":{"line":44,"column":2},"end":{"line":44,"column":7}},"loc":{"start":{"line":44,"column":68},"end":{"line":48,"column":3}}},"2":{"name":"(anonymous_2)","decl":{"start":{"line":53,"column":2},"end":{"line":53,"column":6}},"loc":{"start":{"line":53,"column":67},"end":{"line":55,"column":3}}},"3":{"name":"(anonymous_3)","decl":{"start":{"line":60,"column":2},"end":{"line":60,"column":6}},"loc":{"start":{"line":60,"column":67},"end":{"line":62,"column":3}}},"4":{"name":"(anonymous_4)","decl":{"start":{"line":67,"column":2},"end":{"line":67,"column":7}},"loc":{"start":{"line":67,"column":68},"end":{"line":69,"column":3}}},"5":{"name":"(anonymous_5)","decl":{"start":{"line":74,"column":2},"end":{"line":74,"column":10}},"loc":{"start":{"line":74,"column":71},"end":{"line":76,"column":3}}},"6":{"name":"(anonymous_6)","decl":{"start":{"line":81,"column":10},"end":{"line":81,"column":13}},"loc":{"start":{"line":86,"column":19},"end":{"line":112,"column":3}}},"7":{"name":"(anonymous_7)","decl":{"start":{"line":117,"column":10},"end":{"line":117,"column":24}},"loc":{"start":{"line":117,"column":40},"end":{"line":136,"column":3}}},"8":{"name":"(anonymous_8)","decl":{"start":{"line":141,"column":2},"end":{"line":141,"column":9}},"loc":{"start":{"line":141,"column":28},"end":{"line":169,"column":3}}},"9":{"name":"(anonymous_9)","decl":{"start":{"line":144,"column":28},"end":{"line":144,"column":31}},"loc":{"start":{"line":144,"column":34},"end":{"line":168,"column":5}}},"10":{"name":"(anonymous_10)","decl":{"start":{"line":160,"column":23},"end":{"line":160,"column":26}},"loc":{"start":{"line":160,"column":29},"end":{"line":160,"column":54}}},"11":{"name":"(anonymous_11)","decl":{"start":{"line":174,"column":2},"end":{"line":174,"column":11}},"loc":{"start":{"line":174,"column":11},"end":{"line":177,"column":3}}},"12":{"name":"(anonymous_12)","decl":{"start":{"line":182,"column":2},"end":{"line":182,"column":12}},"loc":{"start":{"line":182,"column":31},"end":{"line":185,"column":3}}},"13":{"name":"(anonymous_13)","decl":{"start":{"line":190,"column":2},"end":{"line":190,"column":12}},"loc":{"start":{"line":190,"column":25},"end":{"line":208,"column":3}}},"14":{"name":"(anonymous_14)","decl":{"start":{"line":213,"column":2},"end":{"line":213,"column":17}},"loc":{"start":{"line":213,"column":34},"end":{"line":216,"column":3}}},"15":{"name":"(anonymous_15)","decl":{"start":{"line":221,"column":2},"end":{"line":221,"column":18}},"loc":{"start":{"line":221,"column":35},"end":{"line":224,"column":3}}},"16":{"name":"(anonymous_16)","decl":{"start":{"line":229,"column":2},"end":{"line":229,"column":13}},"loc":{"start":{"line":229,"column":27},"end":{"line":239,"column":3}}},"17":{"name":"(anonymous_17)","decl":{"start":{"line":244,"column":2},"end":{"line":244,"column":15}},"loc":{"start":{"line":244,"column":15},"end":{"line":258,"column":3}}}},"branchMap":{"0":{"loc":{"start":{"line":45,"column":4},"end":{"line":45,"column":35}},"type":"if","locations":[{"start":{"line":45,"column":4},"end":{"line":45,"column":35}}]},"1":{"loc":{"start":{"line":102,"column":4},"end":{"line":104,"column":5}},"type":"if","locations":[{"start":{"line":102,"column":4},"end":{"line":104,"column":5}}]},"2":{"loc":{"start":{"line":107,"column":4},"end":{"line":109,"column":5}},"type":"if","locations":[{"start":{"line":107,"column":4},"end":{"line":109,"column":5}}]},"3":{"loc":{"start":{"line":121,"column":4},"end":{"line":135,"column":5}},"type":"switch","locations":[{"start":{"line":122,"column":6},"end":{"line":124,"column":14}},{"start":{"line":125,"column":6},"end":{"line":127,"column":14}},{"start":{"line":128,"column":6},"end":{"line":130,"column":14}},{"start":{"line":131,"column":6},"end":{"line":131,"column":19}},{"start":{"line":132,"column":6},"end":{"line":134,"column":14}}]},"4":{"loc":{"start":{"line":123,"column":45},"end":{"line":123,"column":61}},"type":"binary-expr","locations":[{"start":{"line":123,"column":45},"end":{"line":123,"column":55}},{"start":{"line":123,"column":59},"end":{"line":123,"column":61}}]},"5":{"loc":{"start":{"line":126,"column":44},"end":{"line":126,"column":60}},"type":"binary-expr","locations":[{"start":{"line":126,"column":44},"end":{"line":126,"column":54}},{"start":{"line":126,"column":58},"end":{"line":126,"column":60}}]},"6":{"loc":{"start":{"line":129,"column":44},"end":{"line":129,"column":60}},"type":"binary-expr","locations":[{"start":{"line":129,"column":44},"end":{"line":129,"column":54}},{"start":{"line":129,"column":58},"end":{"line":129,"column":60}}]},"7":{"loc":{"start":{"line":133,"column":45},"end":{"line":133,"column":61}},"type":"binary-expr","locations":[{"start":{"line":133,"column":45},"end":{"line":133,"column":55}},{"start":{"line":133,"column":59},"end":{"line":133,"column":61}}]},"8":{"loc":{"start":{"line":142,"column":4},"end":{"line":142,"column":39}},"type":"if","locations":[{"start":{"line":142,"column":4},"end":{"line":142,"column":39}}]},"9":{"loc":{"start":{"line":146,"column":6},"end":{"line":149,"column":7}},"type":"if","locations":[{"start":{"line":146,"column":6},"end":{"line":149,"column":7}}]},"10":{"loc":{"start":{"line":147,"column":23},"end":{"line":147,"column":82}},"type":"cond-expr","locations":[{"start":{"line":147,"column":53},"end":{"line":147,"column":65}},{"start":{"line":147,"column":68},"end":{"line":147,"column":82}}]},"11":{"loc":{"start":{"line":148,"column":8},"end":{"line":148,"column":54}},"type":"if","locations":[{"start":{"line":148,"column":8},"end":{"line":148,"column":54}}]},"12":{"loc":{"start":{"line":152,"column":6},"end":{"line":155,"column":7}},"type":"if","locations":[{"start":{"line":152,"column":6},"end":{"line":155,"column":7}}]},"13":{"loc":{"start":{"line":153,"column":24},"end":{"line":153,"column":86}},"type":"cond-expr","locations":[{"start":{"line":153,"column":55},"end":{"line":153,"column":68}},{"start":{"line":153,"column":71},"end":{"line":153,"column":86}}]},"14":{"loc":{"start":{"line":154,"column":8},"end":{"line":154,"column":56}},"type":"if","locations":[{"start":{"line":154,"column":8},"end":{"line":154,"column":56}}]},"15":{"loc":{"start":{"line":158,"column":6},"end":{"line":161,"column":7}},"type":"if","locations":[{"start":{"line":158,"column":6},"end":{"line":161,"column":7}}]},"16":{"loc":{"start":{"line":158,"column":10},"end":{"line":158,"column":32}},"type":"binary-expr","locations":[{"start":{"line":158,"column":10},"end":{"line":158,"column":20}},{"start":{"line":158,"column":24},"end":{"line":158,"column":32}}]},"17":{"loc":{"start":{"line":159,"column":21},"end":{"line":159,"column":74}},"type":"cond-expr","locations":[{"start":{"line":159,"column":49},"end":{"line":159,"column":59}},{"start":{"line":159,"column":62},"end":{"line":159,"column":74}}]},"18":{"loc":{"start":{"line":160,"column":8},"end":{"line":160,"column":69}},"type":"if","locations":[{"start":{"line":160,"column":8},"end":{"line":160,"column":69}}]},"19":{"loc":{"start":{"line":160,"column":30},"end":{"line":160,"column":53}},"type":"cond-expr","locations":[{"start":{"line":160,"column":38},"end":{"line":160,"column":40}},{"start":{"line":160,"column":38},"end":{"line":160,"column":53}}]},"20":{"loc":{"start":{"line":160,"column":30},"end":{"line":160,"column":40}},"type":"binary-expr","locations":[{"start":{"line":160,"column":30},"end":{"line":160,"column":40}},{"start":{"line":160,"column":38},"end":{"line":160,"column":40}}]},"21":{"loc":{"start":{"line":164,"column":6},"end":{"line":164,"column":77}},"type":"if","locations":[{"start":{"line":164,"column":6},"end":{"line":164,"column":77}}]},"22":{"loc":{"start":{"line":164,"column":10},"end":{"line":164,"column":62}},"type":"binary-expr","locations":[{"start":{"line":164,"column":10},"end":{"line":164,"column":26}},{"start":{"line":164,"column":30},"end":{"line":164,"column":62}}]},"23":{"loc":{"start":{"line":165,"column":6},"end":{"line":165,"column":73}},"type":"if","locations":[{"start":{"line":165,"column":6},"end":{"line":165,"column":73}}]},"24":{"loc":{"start":{"line":165,"column":10},"end":{"line":165,"column":58}},"type":"binary-expr","locations":[{"start":{"line":165,"column":10},"end":{"line":165,"column":24}},{"start":{"line":165,"column":28},"end":{"line":165,"column":58}}]},"25":{"loc":{"start":{"line":194,"column":6},"end":{"line":201,"column":7}},"type":"if","locations":[{"start":{"line":194,"column":6},"end":{"line":201,"column":7}}]},"26":{"loc":{"start":{"line":215,"column":41},"end":{"line":215,"column":73}},"type":"cond-expr","locations":[{"start":{"line":215,"column":51},"end":{"line":215,"column":60}},{"start":{"line":215,"column":63},"end":{"line":215,"column":73}}]},"27":{"loc":{"start":{"line":223,"column":42},"end":{"line":223,"column":74}},"type":"cond-expr","locations":[{"start":{"line":223,"column":52},"end":{"line":223,"column":61}},{"start":{"line":223,"column":64},"end":{"line":223,"column":74}}]},"28":{"loc":{"start":{"line":230,"column":4},"end":{"line":230,"column":33}},"type":"if","locations":[{"start":{"line":230,"column":4},"end":{"line":230,"column":33}}]},"29":{"loc":{"start":{"line":234,"column":4},"end":{"line":236,"column":5}},"type":"if","locations":[{"start":{"line":234,"column":4},"end":{"line":236,"column":5}}]}},"s":{"0":0,"1":0,"2":0,"3":0,"4":0,"5":0,"6":0,"7":0,"8":0,"9":0,"10":0,"11":0,"12":0,"13":0,"14":0,"15":0,"16":0,"17":0,"18":0,"19":0,"20":0,"21":0,"22":0,"23":0,"24":0,"25":0,"26":0,"27":0,"28":0,"29":0,"30":0,"31":0,"32":0,"33":0,"34":0,"35":0,"36":0,"37":0,"38":0,"39":0,"40":0,"41":0,"42":0,"43":0,"44":0,"45":0,"46":0,"47":0,"48":0,"49":0,"50":0,"51":0,"52":0,"53":0,"54":0,"55":0,"56":0,"57":0,"58":0,"59":0,"60":0,"61":0,"62":0,"63":0,"64":0,"65":0,"66":0,"67":0,"68":0,"69":0,"70":0,"71":0,"72":0,"73":0,"74":0,"75":0,"76":0,"77":0,"78":0,"79":0,"80":0,"81":0},"f":{"0":0,"1":0,"2":0,"3":0,"4":0,"5":0,"6":0,"7":0,"8":0,"9":0,"10":0,"11":0,"12":0,"13":0,"14":0,"15":0,"16":0,"17":0},"b":{"0":[0],"1":[0],"2":[0],"3":[0,0,0,0,0],"4":[0,0],"5":[0,0],"6":[0,0],"7":[0,0],"8":[0],"9":[0],"10":[0,0],"11":[0],"12":[0],"13":[0,0],"14":[0],"15":[0],"16":[0,0],"17":[0,0],"18":[0],"19":[0,0],"20":[0,0],"21":[0],"22":[0,0],"23":[0],"24":[0,0],"25":[0],"26":[0,0],"27":[0,0],"28":[0],"29":[0]}}
}
