TN:
SF:src\components\ui\aspect-ratio.tsx
FNF:0
FNH:0
DA:1,0
DA:3,0
DA:5,0
LF:3
LH:0
BRF:0
BRH:0
end_of_record
TN:
SF:src\components\ui\collapsible.tsx
FNF:0
FNH:0
DA:1,0
DA:3,0
DA:5,0
DA:7,0
DA:9,0
LF:5
LH:0
BRF:0
BRH:0
end_of_record
TN:
SF:src\components\ui\use-toast.ts
FN:5,(anonymous_0)
FN:5,(anonymous_1)
FNF:2
FNH:0
FNDA:0,(anonymous_0)
FNDA:0,(anonymous_1)
DA:3,0
DA:5,0
LF:2
LH:0
BRF:0
BRH:0
end_of_record
TN:
SF:src\hooks\use-media-query.ts
FN:4,useMediaQuery
FN:5,(anonymous_1)
FN:14,(anonymous_2)
FN:26,(anonymous_3)
FN:34,(anonymous_4)
FNF:5
FNH:0
FNDA:0,useMediaQuery
FNDA:0,(anonymous_1)
FNDA:0,(anonymous_2)
FNDA:0,(anonymous_3)
FNDA:0,(anonymous_4)
DA:2,0
DA:4,0
DA:5,0
DA:7,0
DA:8,0
DA:11,0
DA:14,0
DA:16,0
DA:17,0
DA:20,0
DA:23,0
DA:26,0
DA:27,0
DA:31,0
DA:34,0
DA:35,0
DA:39,0
LF:17
LH:0
BRDA:7,0,0,0
BRDA:16,1,0,0
BRF:2
BRH:0
end_of_record
TN:
SF:src\hooks\use-mobile.tsx
FN:5,useIsMobile
FN:8,(anonymous_1)
FN:10,(anonymous_2)
FN:15,(anonymous_3)
FNF:4
FNH:0
FNDA:0,useIsMobile
FNDA:0,(anonymous_1)
FNDA:0,(anonymous_2)
FNDA:0,(anonymous_3)
DA:1,0
DA:3,0
DA:5,0
DA:6,0
DA:8,0
DA:9,0
DA:10,0
DA:11,0
DA:13,0
DA:14,0
DA:15,0
DA:18,0
LF:12
LH:0
BRF:0
BRH:0
end_of_record
TN:
SF:src\lib\utils.ts
FN:4,cn
FNF:1
FNH:0
FNDA:0,cn
DA:1,0
DA:2,0
DA:4,0
DA:5,0
LF:4
LH:0
BRF:0
BRH:0
end_of_record
TN:
SF:src\test\runTests.ts
FN:7,runTests
FNF:1
FNH:0
FNDA:0,runTests
DA:2,0
DA:8,0
DA:10,0
DA:12,0
DA:14,0
DA:15,0
DA:18,0
DA:19,0
DA:22,0
DA:23,0
DA:27,0
DA:29,0
DA:34,0
DA:35,0
LF:14
LH:0
BRDA:8,0,0,0
BRDA:8,0,1,0
BRDA:12,1,0,0
BRDA:12,1,1,0
BRDA:12,1,2,0
BRDA:12,1,3,0
BRDA:12,1,4,0
BRDA:34,2,0,0
BRF:8
BRH:0
end_of_record
TN:
SF:src\test\setup.ts
FN:42,(anonymous_0)
FN:8,(anonymous_1)
FN:21,(anonymous_2)
FN:24,(anonymous_3)
FN:25,(anonymous_4)
FN:28,(anonymous_5)
FN:31,(anonymous_6)
FN:47,(anonymous_7)
FNF:8
FNH:0
FNDA:0,(anonymous_0)
FNDA:0,(anonymous_1)
FNDA:0,(anonymous_2)
FNDA:0,(anonymous_3)
FNDA:0,(anonymous_4)
FNDA:0,(anonymous_5)
FNDA:0,(anonymous_6)
FNDA:0,(anonymous_7)
DA:3,0
DA:6,0
DA:8,0
DA:21,0
DA:22,0
DA:23,0
DA:24,0
DA:26,0
DA:29,0
DA:32,0
DA:37,0
DA:42,0
DA:47,0
DA:48,0
LF:14
LH:0
BRDA:24,0,0,0
BRDA:24,0,1,0
BRF:2
BRH:0
end_of_record
TN:
SF:src\test\e2e\arbitrage.e2e.test.ts
FN:12,(anonymous_7)
FN:25,(anonymous_8)
FN:41,(anonymous_9)
FN:44,(anonymous_10)
FN:52,(anonymous_11)
FN:64,(anonymous_12)
FN:68,(anonymous_13)
FN:69,(anonymous_14)
FN:73,(anonymous_15)
FN:73,(anonymous_16)
FN:114,(anonymous_17)
FN:114,(anonymous_18)
FN:116,(anonymous_19)
FN:136,(anonymous_20)
FN:136,(anonymous_21)
FN:138,(anonymous_22)
FNF:16
FNH:0
FNDA:0,(anonymous_7)
FNDA:0,(anonymous_8)
FNDA:0,(anonymous_9)
FNDA:0,(anonymous_10)
FNDA:0,(anonymous_11)
FNDA:0,(anonymous_12)
FNDA:0,(anonymous_13)
FNDA:0,(anonymous_14)
FNDA:0,(anonymous_15)
FNDA:0,(anonymous_16)
FNDA:0,(anonymous_17)
FNDA:0,(anonymous_18)
FNDA:0,(anonymous_19)
FNDA:0,(anonymous_20)
FNDA:0,(anonymous_21)
FNDA:0,(anonymous_22)
DA:2,0
DA:3,0
DA:4,0
DA:6,0
DA:9,0
DA:12,0
DA:25,0
DA:41,0
DA:44,0
DA:52,0
DA:64,0
DA:68,0
DA:69,0
DA:70,0
DA:73,0
DA:75,0
DA:78,0
DA:79,0
DA:94,0
DA:97,0
DA:103,0
DA:114,0
DA:116,0
DA:117,0
DA:124,0
DA:127,0
DA:130,0
DA:136,0
DA:138,0
DA:141,0
DA:144,0
DA:147,0
LF:32
LH:0
BRF:0
BRH:0
end_of_record
TN:
SF:src\test\mocks\dex.ts
FN:10,(anonymous_7)
FN:15,(anonymous_8)
FN:19,(anonymous_9)
FN:23,(anonymous_10)
FN:27,(anonymous_12)
FN:31,(anonymous_14)
FN:47,(anonymous_16)
FN:67,(anonymous_18)
FN:79,(anonymous_20)
FN:83,(anonymous_22)
FNF:10
FNH:0
FNDA:0,(anonymous_7)
FNDA:0,(anonymous_8)
FNDA:0,(anonymous_9)
FNDA:0,(anonymous_10)
FNDA:0,(anonymous_12)
FNDA:0,(anonymous_14)
FNDA:0,(anonymous_16)
FNDA:0,(anonymous_18)
FNDA:0,(anonymous_20)
FNDA:0,(anonymous_22)
DA:6,0
DA:11,0
DA:12,0
DA:16,0
DA:20,0
DA:24,0
DA:28,0
DA:40,0
DA:41,0
DA:60,0
DA:72,0
DA:80,0
DA:84,0
DA:88,0
DA:89,0
DA:91,0
DA:108,0
LF:17
LH:0
BRF:0
BRH:0
end_of_record
TN:
SF:src\test\security\securityTests.ts
FN:9,testApprovalSecurity
FN:42,testReentrancyVulnerability
FN:57,testFrontRunningVulnerability
FN:72,testGasOptimization
FN:87,runAllSecurityTests
FN:97,(anonymous_17)
FNF:6
FNH:0
FNDA:0,testApprovalSecurity
FNDA:0,testReentrancyVulnerability
FNDA:0,testFrontRunningVulnerability
FNDA:0,testGasOptimization
FNDA:0,runAllSecurityTests
FNDA:0,(anonymous_17)
DA:4,0
DA:9,0
DA:10,0
DA:13,0
DA:15,0
DA:18,0
DA:19,0
DA:22,0
DA:28,0
DA:29,0
DA:33,0
DA:42,0
DA:43,0
DA:46,0
DA:48,0
DA:57,0
DA:58,0
DA:61,0
DA:63,0
DA:72,0
DA:73,0
DA:76,0
DA:78,0
DA:87,0
DA:88,0
DA:90,0
DA:92,0
DA:93,0
DA:94,0
DA:95,0
DA:97,0
DA:98,0
DA:100,0
DA:102,0
LF:34
LH:0
BRDA:22,0,0,0
BRDA:23,1,0,0
BRDA:23,1,1,0
BRDA:23,1,2,0
BRDA:23,1,3,0
BRDA:23,1,4,0
BRDA:36,2,0,0
BRDA:36,2,1,0
BRDA:51,3,0,0
BRDA:51,3,1,0
BRDA:66,4,0,0
BRDA:66,4,1,0
BRDA:81,5,0,0
BRDA:81,5,1,0
BRF:14
BRH:0
end_of_record
TN:
SF:src\utils\arbitrage.ts
FN:11,(anonymous_7)
FN:11,(anonymous_8)
FN:14,(anonymous_9)
FN:19,(anonymous_10)
FN:21,(anonymous_11)
FN:48,(anonymous_12)
FN:48,(anonymous_13)
FN:65,(anonymous_14)
FN:67,(anonymous_15)
FN:93,(anonymous_16)
FN:95,(anonymous_17)
FN:149,(anonymous_18)
FN:157,(anonymous_19)
FN:167,(anonymous_20)
FN:170,(anonymous_21)
FN:172,(anonymous_22)
FN:249,(anonymous_23)
FNF:17
FNH:0
FNDA:0,(anonymous_7)
FNDA:0,(anonymous_8)
FNDA:0,(anonymous_9)
FNDA:0,(anonymous_10)
FNDA:0,(anonymous_11)
FNDA:0,(anonymous_12)
FNDA:0,(anonymous_13)
FNDA:0,(anonymous_14)
FNDA:0,(anonymous_15)
FNDA:0,(anonymous_16)
FNDA:0,(anonymous_17)
FNDA:0,(anonymous_18)
FNDA:0,(anonymous_19)
FNDA:0,(anonymous_20)
FNDA:0,(anonymous_21)
FNDA:0,(anonymous_22)
FNDA:0,(anonymous_23)
DA:3,0
DA:4,0
DA:5,0
DA:6,0
DA:8,0
DA:11,0
DA:14,0
DA:15,0
DA:19,0
DA:21,0
DA:22,0
DA:24,0
DA:26,0
DA:27,0
DA:31,0
DA:33,0
DA:34,0
DA:36,0
DA:39,0
DA:40,0
DA:48,0
DA:49,0
DA:51,0
DA:52,0
DA:55,0
DA:57,0
DA:59,0
DA:60,0
DA:65,0
DA:67,0
DA:68,0
DA:71,0
DA:74,0
DA:84,0
DA:85,0
DA:93,0
DA:95,0
DA:97,0
DA:99,0
DA:101,0
DA:107,0
DA:108,0
DA:114,0
DA:115,0
DA:118,0
DA:119,0
DA:120,0
DA:122,0
DA:125,0
DA:134,0
DA:136,0
DA:137,0
DA:143,0
DA:149,0
DA:152,0
DA:154,0
DA:155,0
DA:158,0
DA:161,0
DA:167,0
DA:170,0
DA:171,0
DA:172,0
DA:175,0
DA:176,0
DA:177,0
DA:178,0
DA:181,0
DA:182,0
DA:183,0
DA:186,0
DA:192,0
DA:193,0
DA:194,0
DA:197,0
DA:200,0
DA:201,0
DA:203,0
DA:205,0
DA:207,0
DA:208,0
DA:209,0
DA:215,0
DA:217,0
DA:220,0
DA:223,0
DA:227,0
DA:249,0
LF:88
LH:0
BRDA:26,0,0,0
BRDA:33,1,0,0
BRDA:33,1,1,0
BRDA:42,2,0,0
BRDA:42,2,1,0
BRDA:79,3,0,0
BRDA:79,3,1,0
BRDA:87,4,0,0
BRDA:87,4,1,0
BRDA:97,5,0,0
BRDA:97,5,1,0
BRDA:97,6,0,0
BRDA:97,6,1,0
BRDA:99,7,0,0
BRDA:99,7,1,0
BRDA:103,8,0,0
BRDA:103,8,1,0
BRDA:107,9,0,0
BRDA:119,10,0,0
BRDA:128,11,0,0
BRDA:128,11,1,0
BRDA:136,12,0,0
BRDA:139,13,0,0
BRDA:139,13,1,0
BRDA:154,14,0,0
BRDA:154,14,1,0
BRDA:183,15,0,0
BRDA:192,16,0,0
BRDA:192,17,0,0
BRDA:192,17,1,0
BRDA:194,18,0,0
BRDA:194,18,1,0
BRDA:197,19,0,0
BRDA:197,19,1,0
BRDA:197,20,0,0
BRDA:197,20,1,0
BRDA:205,21,0,0
BRDA:205,21,1,0
BRDA:207,22,0,0
BRDA:215,23,0,0
BRDA:234,24,0,0
BRDA:234,24,1,0
BRF:42
BRH:0
end_of_record
TN:
SF:src\utils\blockchain.ts
FNF:0
FNH:0
DA:3,0
LF:1
LH:0
BRF:0
BRH:0
end_of_record
TN:
SF:src\utils\dex.ts
FN:74,(anonymous_7)
FN:77,(anonymous_8)
FN:83,(anonymous_9)
FN:87,(anonymous_10)
FN:107,(anonymous_11)
FN:116,(anonymous_12)
FN:132,(anonymous_13)
FNF:7
FNH:0
FNDA:0,(anonymous_7)
FNDA:0,(anonymous_8)
FNDA:0,(anonymous_9)
FNDA:0,(anonymous_10)
FNDA:0,(anonymous_11)
FNDA:0,(anonymous_12)
FNDA:0,(anonymous_13)
DA:3,0
DA:6,0
DA:38,0
DA:74,0
DA:77,0
DA:78,0
DA:80,0
DA:83,0
DA:84,0
DA:87,0
DA:88,0
DA:91,0
DA:92,0
DA:94,0
DA:97,0
DA:98,0
DA:101,0
DA:102,0
DA:107,0
DA:116,0
DA:117,0
DA:118,0
DA:120,0
DA:121,0
DA:123,0
DA:132,0
LF:26
LH:0
BRDA:84,0,0,0
BRDA:84,1,0,0
BRDA:84,1,1,0
BRDA:88,2,0,0
BRF:4
BRH:0
end_of_record
TN:
SF:src\utils\validation.ts
FN:17,validateNumberInput
FN:41,sanitizeStringInput
FN:66,validateSlippageTolerance
FN:93,isValidEthereumAddress
FN:103,isValidPositiveNumber
FN:113,safeJsonParse
FN:127,(anonymous_6)
FN:139,(anonymous_7)
FN:153,(anonymous_8)
FN:164,validateWalletOperation
FNF:10
FNH:0
FNDA:0,validateNumberInput
FNDA:0,sanitizeStringInput
FNDA:0,validateSlippageTolerance
FNDA:0,isValidEthereumAddress
FNDA:0,isValidPositiveNumber
FNDA:0,safeJsonParse
FNDA:0,(anonymous_6)
FNDA:0,(anonymous_7)
FNDA:0,(anonymous_8)
FNDA:0,validateWalletOperation
DA:2,0
DA:3,0
DA:17,0
DA:24,0
DA:27,0
DA:28,0
DA:32,0
DA:41,0
DA:43,0
DA:46,0
DA:47,0
DA:51,0
DA:58,0
DA:66,0
DA:67,0
DA:75,0
DA:77,0
DA:78,0
DA:85,0
DA:93,0
DA:95,0
DA:103,0
DA:104,0
DA:105,0
DA:113,0
DA:114,0
DA:115,0
DA:117,0
DA:118,0
DA:125,0
DA:128,0
DA:131,0
DA:132,0
DA:134,0
DA:140,0
DA:141,0
DA:142,0
DA:145,0
DA:147,0
DA:148,0
DA:154,0
DA:164,0
DA:168,0
DA:170,0
DA:171,0
DA:176,0
DA:179,0
LF:47
LH:0
BRDA:24,0,0,0
BRDA:24,0,1,0
BRDA:27,1,0,0
BRDA:41,2,0,0
BRDA:46,3,0,0
BRDA:75,4,0,0
BRDA:75,4,1,0
BRDA:77,5,0,0
BRDA:77,6,0,0
BRDA:77,6,1,0
BRDA:105,7,0,0
BRDA:105,7,1,0
BRDA:105,7,2,0
BRDA:142,8,0,0
BRDA:170,9,0,0
BRF:15
BRH:0
end_of_record
TN:
SF:src\utils\wallet.ts
FN:8,(anonymous_7)
FN:33,(anonymous_8)
FN:33,(anonymous_9)
FN:41,(anonymous_10)
FN:89,(anonymous_11)
FN:89,(anonymous_12)
FN:92,(anonymous_13)
FN:108,(anonymous_14)
FN:108,(anonymous_15)
FN:112,(anonymous_16)
FN:125,(anonymous_17)
FN:130,(anonymous_18)
FN:130,(anonymous_19)
FN:134,(anonymous_20)
FN:165,(anonymous_21)
FN:165,(anonymous_22)
FN:168,(anonymous_23)
FN:188,(anonymous_24)
FN:194,(anonymous_25)
FN:203,(anonymous_26)
FNF:20
FNH:0
FNDA:0,(anonymous_7)
FNDA:0,(anonymous_8)
FNDA:0,(anonymous_9)
FNDA:0,(anonymous_10)
FNDA:0,(anonymous_11)
FNDA:0,(anonymous_12)
FNDA:0,(anonymous_13)
FNDA:0,(anonymous_14)
FNDA:0,(anonymous_15)
FNDA:0,(anonymous_16)
FNDA:0,(anonymous_17)
FNDA:0,(anonymous_18)
FNDA:0,(anonymous_19)
FNDA:0,(anonymous_20)
FNDA:0,(anonymous_21)
FNDA:0,(anonymous_22)
FNDA:0,(anonymous_23)
FNDA:0,(anonymous_24)
FNDA:0,(anonymous_25)
FNDA:0,(anonymous_26)
DA:2,0
DA:3,0
DA:5,0
DA:8,0
DA:9,0
DA:22,0
DA:26,0
DA:33,0
DA:34,0
DA:35,0
DA:41,0
DA:44,0
DA:46,0
DA:47,0
DA:49,0
DA:53,0
DA:57,0
DA:59,0
DA:68,0
DA:70,0
DA:75,0
DA:77,0
DA:79,0
DA:85,0
DA:89,0
DA:90,0
DA:92,0
DA:93,0
DA:96,0
DA:98,0
DA:103,0
DA:104,0
DA:108,0
DA:109,0
DA:112,0
DA:115,0
DA:120,0
DA:121,0
DA:125,0
DA:126,0
DA:127,0
DA:130,0
DA:131,0
DA:132,0
DA:134,0
DA:137,0
DA:138,0
DA:140,0
DA:142,0
DA:147,0
DA:153,0
DA:155,0
DA:161,0
DA:165,0
DA:166,0
DA:168,0
DA:171,0
DA:173,0
DA:179,0
DA:181,0
DA:183,0
DA:184,0
DA:188,0
DA:189,0
DA:190,0
DA:194,0
DA:195,0
DA:196,0
DA:198,0
DA:203,0
DA:204,0
DA:205,0
DA:206,0
DA:208,0
DA:210,0
DA:211,0
LF:76
LH:0
BRDA:22,0,0,0
BRDA:22,0,1,0
BRDA:44,1,0,0
BRDA:44,1,1,0
BRDA:45,2,0,0
BRDA:45,2,1,0
BRDA:49,3,0,0
BRDA:49,3,1,0
BRDA:49,4,0,0
BRDA:49,4,1,0
BRDA:127,5,0,0
BRDA:127,5,1,0
BRDA:127,6,0,0
BRDA:127,6,1,0
BRDA:127,7,0,0
BRDA:127,7,1,0
BRDA:138,8,0,0
BRDA:189,9,0,0
BRDA:190,10,0,0
BRDA:190,10,1,0
BRDA:190,11,0,0
BRDA:190,11,1,0
BRDA:190,12,0,0
BRDA:190,12,1,0
BRDA:206,13,0,0
BRF:25
BRH:0
end_of_record
TN:
SF:src\utils\ai\aiService.ts
FN:14,(anonymous_7)
FN:21,(anonymous_8)
FN:47,(anonymous_9)
FN:88,(anonymous_11)
FN:104,(anonymous_12)
FN:146,(anonymous_14)
FN:215,(anonymous_16)
FN:271,(anonymous_18)
FNF:8
FNH:0
FNDA:0,(anonymous_7)
FNDA:0,(anonymous_8)
FNDA:0,(anonymous_9)
FNDA:0,(anonymous_11)
FNDA:0,(anonymous_12)
FNDA:0,(anonymous_14)
FNDA:0,(anonymous_16)
FNDA:0,(anonymous_18)
DA:2,0
DA:3,0
DA:4,0
DA:5,0
DA:10,0
DA:11,0
DA:12,0
DA:15,0
DA:22,0
DA:23,0
DA:25,0
DA:28,0
DA:32,0
DA:33,0
DA:35,0
DA:38,0
DA:39,0
DA:40,0
DA:48,0
DA:51,0
DA:57,0
DA:60,0
DA:62,0
DA:63,0
DA:64,0
DA:65,0
DA:66,0
DA:67,0
DA:70,0
DA:73,0
DA:75,0
DA:76,0
DA:80,0
DA:81,0
DA:89,0
DA:90,0
DA:91,0
DA:92,0
DA:94,0
DA:109,0
DA:110,0
DA:111,0
DA:118,0
DA:122,0
DA:125,0
DA:126,0
DA:128,0
DA:134,0
DA:135,0
DA:151,0
DA:152,0
DA:153,0
DA:160,0
DA:161,0
DA:167,0
DA:168,0
DA:169,0
DA:172,0
DA:175,0
DA:176,0
DA:177,0
DA:178,0
DA:179,0
DA:182,0
DA:183,0
DA:184,0
DA:188,0
DA:193,0
DA:199,0
DA:204,0
DA:219,0
DA:220,0
DA:221,0
DA:227,0
DA:229,0
DA:235,0
DA:238,0
DA:239,0
DA:243,0
DA:244,0
DA:248,0
DA:250,0
DA:255,0
DA:261,0
DA:272,0
DA:276,0
LF:86
LH:0
BRDA:25,0,0,0
BRDA:25,0,1,0
BRDA:62,1,0,0
BRDA:62,1,1,0
BRDA:62,2,0,0
BRDA:62,2,1,0
BRDA:64,3,0,0
BRDA:64,3,1,0
BRDA:64,4,0,0
BRDA:64,4,1,0
BRDA:66,5,0,0
BRDA:66,5,1,0
BRDA:66,6,0,0
BRDA:66,6,1,0
BRDA:109,7,0,0
BRDA:109,8,0,0
BRDA:109,8,1,0
BRDA:125,9,0,0
BRDA:125,9,1,0
BRDA:129,10,0,0
BRDA:129,10,1,0
BRDA:151,11,0,0
BRDA:151,12,0,0
BRDA:151,12,1,0
BRDA:167,13,0,0
BRDA:167,13,1,0
BRDA:167,14,0,0
BRDA:167,14,1,0
BRDA:167,15,0,0
BRDA:167,15,1,0
BRDA:167,16,0,0
BRDA:167,16,1,0
BRDA:167,17,0,0
BRDA:167,17,1,0
BRDA:168,18,0,0
BRDA:168,18,1,0
BRDA:168,19,0,0
BRDA:168,19,1,0
BRDA:168,20,0,0
BRDA:168,20,1,0
BRDA:168,21,0,0
BRDA:168,21,1,0
BRDA:168,22,0,0
BRDA:168,22,1,0
BRDA:169,23,0,0
BRDA:169,23,1,0
BRDA:169,24,0,0
BRDA:169,24,1,0
BRDA:169,25,0,0
BRDA:169,25,1,0
BRDA:175,26,0,0
BRDA:175,26,1,0
BRDA:177,27,0,0
BRDA:177,27,1,0
BRDA:177,28,0,0
BRDA:177,28,1,0
BRDA:177,29,0,0
BRDA:177,29,1,0
BRDA:178,30,0,0
BRDA:182,31,0,0
BRDA:183,32,0,0
BRDA:183,32,1,0
BRDA:183,33,0,0
BRDA:183,33,1,0
BRDA:183,34,0,0
BRDA:183,34,1,0
BRDA:184,35,0,0
BRDA:184,35,1,0
BRDA:184,36,0,0
BRDA:184,36,1,0
BRDA:184,37,0,0
BRDA:184,37,1,0
BRDA:189,38,0,0
BRDA:189,38,1,0
BRDA:189,39,0,0
BRDA:189,39,1,0
BRDA:189,40,0,0
BRDA:189,40,1,0
BRDA:219,41,0,0
BRDA:219,42,0,0
BRDA:219,42,1,0
BRDA:238,43,0,0
BRDA:243,44,0,0
BRDA:272,45,0,0
BRDA:272,45,1,0
BRF:85
BRH:0
end_of_record
TN:
SF:src\utils\ai\config.ts
FN:15,getAIConfig
FN:28,saveAIConfig
FN:39,clearAIConfig
FNF:3
FNH:0
FNDA:0,getAIConfig
FNDA:0,saveAIConfig
FNDA:0,clearAIConfig
DA:10,0
DA:15,0
DA:16,0
DA:17,0
DA:18,0
DA:20,0
DA:21,0
DA:28,0
DA:29,0
DA:30,0
DA:32,0
DA:39,0
DA:40,0
DA:41,0
DA:43,0
LF:15
LH:0
BRDA:18,0,0,0
BRDA:18,0,1,0
BRF:2
BRH:0
end_of_record
TN:
SF:src\utils\ai\strategyOptimizer.ts
FN:48,(anonymous_7)
FN:56,(anonymous_8)
FN:118,(anonymous_10)
FN:126,(anonymous_11)
FN:187,(anonymous_12)
FN:194,(anonymous_13)
FN:201,(anonymous_14)
FN:220,(anonymous_15)
FN:222,(anonymous_16)
FN:305,(anonymous_17)
FN:306,(anonymous_18)
FN:314,(anonymous_19)
FN:315,(anonymous_20)
FN:322,(anonymous_21)
FN:325,(anonymous_22)
FN:341,(anonymous_23)
FN:351,(anonymous_24)
FN:352,(anonymous_25)
FN:355,(anonymous_26)
FN:383,(anonymous_27)
FN:408,(anonymous_29)
FN:420,(anonymous_30)
FN:421,(anonymous_31)
FN:429,(anonymous_32)
FN:434,(anonymous_33)
FN:435,(anonymous_34)
FN:439,(anonymous_35)
FN:444,(anonymous_36)
FN:448,(anonymous_37)
FN:488,(anonymous_38)
FN:527,(anonymous_39)
FN:582,(anonymous_40)
FN:583,(anonymous_41)
FN:591,(anonymous_42)
FN:596,(anonymous_43)
FN:597,(anonymous_44)
FN:601,(anonymous_45)
FN:606,(anonymous_46)
FN:610,(anonymous_47)
FNF:39
FNH:0
FNDA:0,(anonymous_7)
FNDA:0,(anonymous_8)
FNDA:0,(anonymous_10)
FNDA:0,(anonymous_11)
FNDA:0,(anonymous_12)
FNDA:0,(anonymous_13)
FNDA:0,(anonymous_14)
FNDA:0,(anonymous_15)
FNDA:0,(anonymous_16)
FNDA:0,(anonymous_17)
FNDA:0,(anonymous_18)
FNDA:0,(anonymous_19)
FNDA:0,(anonymous_20)
FNDA:0,(anonymous_21)
FNDA:0,(anonymous_22)
FNDA:0,(anonymous_23)
FNDA:0,(anonymous_24)
FNDA:0,(anonymous_25)
FNDA:0,(anonymous_26)
FNDA:0,(anonymous_27)
FNDA:0,(anonymous_29)
FNDA:0,(anonymous_30)
FNDA:0,(anonymous_31)
FNDA:0,(anonymous_32)
FNDA:0,(anonymous_33)
FNDA:0,(anonymous_34)
FNDA:0,(anonymous_35)
FNDA:0,(anonymous_36)
FNDA:0,(anonymous_37)
FNDA:0,(anonymous_38)
FNDA:0,(anonymous_39)
FNDA:0,(anonymous_40)
FNDA:0,(anonymous_41)
FNDA:0,(anonymous_42)
FNDA:0,(anonymous_43)
FNDA:0,(anonymous_44)
FNDA:0,(anonymous_45)
FNDA:0,(anonymous_46)
FNDA:0,(anonymous_47)
DA:2,0
DA:3,0
DA:4,0
DA:5,0
DA:6,0
DA:7,0
DA:48,0
DA:49,0
DA:50,0
DA:51,0
DA:57,0
DA:58,0
DA:61,0
DA:62,0
DA:63,0
DA:64,0
DA:68,0
DA:71,0
DA:72,0
DA:73,0
DA:77,0
DA:80,0
DA:83,0
DA:86,0
DA:94,0
DA:97,0
DA:100,0
DA:101,0
DA:105,0
DA:108,0
DA:110,0
DA:111,0
DA:124,0
DA:126,0
DA:128,0
DA:129,0
DA:130,0
DA:134,0
DA:137,0
DA:140,0
DA:141,0
DA:142,0
DA:145,0
DA:146,0
DA:149,0
DA:150,0
DA:155,0
DA:156,0
DA:160,0
DA:161,0
DA:165,0
DA:166,0
DA:168,0
DA:173,0
DA:175,0
DA:176,0
DA:179,0
DA:180,0
DA:188,0
DA:195,0
DA:206,0
DA:209,0
DA:211,0
DA:222,0
DA:225,0
DA:227,0
DA:228,0
DA:230,0
DA:231,0
DA:234,0
DA:236,0
DA:237,0
DA:242,0
DA:243,0
DA:244,0
DA:248,0
DA:250,0
DA:251,0
DA:252,0
DA:255,0
DA:257,0
DA:258,0
DA:263,0
DA:264,0
DA:265,0
DA:269,0
DA:271,0
DA:272,0
DA:275,0
DA:276,0
DA:277,0
DA:279,0
DA:280,0
DA:282,0
DA:283,0
DA:289,0
DA:291,0
DA:306,0
DA:308,0
DA:309,0
DA:313,0
DA:314,0
DA:315,0
DA:317,0
DA:318,0
DA:322,0
DA:325,0
DA:326,0
DA:327,0
DA:330,0
DA:331,0
DA:335,0
DA:343,0
DA:344,0
DA:347,0
DA:350,0
DA:351,0
DA:352,0
DA:354,0
DA:355,0
DA:359,0
DA:361,0
DA:362,0
DA:363,0
DA:364,0
DA:367,0
DA:388,0
DA:389,0
DA:391,0
DA:392,0
DA:395,0
DA:398,0
DA:402,0
DA:413,0
DA:416,0
DA:419,0
DA:420,0
DA:422,0
DA:423,0
DA:429,0
DA:433,0
DA:434,0
DA:435,0
DA:439,0
DA:443,0
DA:444,0
DA:448,0
DA:452,0
DA:453,0
DA:456,0
DA:457,0
DA:458,0
DA:459,0
DA:460,0
DA:464,0
DA:467,0
DA:468,0
DA:474,0
DA:475,0
DA:478,0
DA:479,0
DA:485,0
DA:486,0
DA:488,0
DA:490,0
DA:496,0
DA:529,0
DA:532,0
DA:535,0
DA:536,0
DA:539,0
DA:540,0
DA:542,0
DA:546,0
DA:547,0
DA:549,0
DA:553,0
DA:554,0
DA:556,0
DA:560,0
DA:563,0
DA:564,0
DA:565,0
DA:566,0
DA:568,0
DA:572,0
DA:574,0
DA:575,0
DA:576,0
DA:577,0
DA:581,0
DA:582,0
DA:584,0
DA:585,0
DA:591,0
DA:595,0
DA:596,0
DA:597,0
DA:601,0
DA:605,0
DA:606,0
DA:610,0
DA:614,0
DA:617,0
DA:618,0
DA:624,0
DA:625,0
DA:631,0
DA:632,0
DA:638,0
DA:666,0
LF:211
LH:0
BRDA:62,0,0,0
BRDA:71,1,0,0
BRDA:100,2,0,0
BRDA:120,3,0,0
BRDA:121,4,0,0
BRDA:122,5,0,0
BRDA:128,6,0,0
BRDA:140,7,0,0
BRDA:141,8,0,0
BRDA:145,9,0,0
BRDA:149,10,0,0
BRDA:155,11,0,0
BRDA:155,12,0,0
BRDA:155,12,1,0
BRDA:160,13,0,0
BRDA:160,14,0,0
BRDA:160,14,1,0
BRDA:165,15,0,0
BRDA:165,15,1,0
BRDA:188,16,0,0
BRDA:188,16,1,0
BRDA:230,17,0,0
BRDA:236,18,0,0
BRDA:244,19,0,0
BRDA:244,19,1,0
BRDA:251,20,0,0
BRDA:257,21,0,0
BRDA:265,22,0,0
BRDA:265,22,1,0
BRDA:279,23,0,0
BRDA:282,24,0,0
BRDA:298,25,0,0
BRDA:298,25,1,0
BRDA:306,26,0,0
BRDA:306,26,1,0
BRDA:308,27,0,0
BRDA:314,28,0,0
BRDA:314,28,1,0
BRDA:315,29,0,0
BRDA:315,29,1,0
BRDA:317,30,0,0
BRDA:331,31,0,0
BRDA:331,31,1,0
BRDA:354,32,0,0
BRDA:354,32,1,0
BRDA:361,33,0,0
BRDA:361,33,1,0
BRDA:363,34,0,0
BRDA:391,35,0,0
BRDA:391,36,0,0
BRDA:391,36,1,0
BRDA:420,37,0,0
BRDA:420,37,1,0
BRDA:434,38,0,0
BRDA:434,38,1,0
BRDA:446,39,0,0
BRDA:446,39,1,0
BRDA:457,40,0,0
BRDA:457,40,1,0
BRDA:459,41,0,0
BRDA:467,42,0,0
BRDA:474,43,0,0
BRDA:474,43,1,0
BRDA:474,44,0,0
BRDA:474,44,1,0
BRDA:478,45,0,0
BRDA:478,46,0,0
BRDA:478,46,1,0
BRDA:485,47,0,0
BRDA:499,48,0,0
BRDA:499,48,1,0
BRDA:503,49,0,0
BRDA:503,49,1,0
BRDA:515,50,0,0
BRDA:515,50,1,0
BRDA:519,51,0,0
BRDA:519,51,1,0
BRDA:540,52,0,0
BRDA:547,53,0,0
BRDA:554,54,0,0
BRDA:563,55,0,0
BRDA:563,55,1,0
BRDA:565,56,0,0
BRDA:565,56,1,0
BRDA:574,57,0,0
BRDA:574,57,1,0
BRDA:576,58,0,0
BRDA:576,59,0,0
BRDA:576,59,1,0
BRDA:582,60,0,0
BRDA:582,60,1,0
BRDA:596,61,0,0
BRDA:596,61,1,0
BRDA:608,62,0,0
BRDA:608,62,1,0
BRDA:617,63,0,0
BRDA:624,64,0,0
BRDA:624,65,0,0
BRDA:624,65,1,0
BRDA:631,66,0,0
BRDA:631,67,0,0
BRDA:631,67,1,0
BRDA:655,68,0,0
BRDA:655,68,1,0
BRF:104
BRH:0
end_of_record
TN:
SF:src\utils\arbitrage\constants.ts
FNF:0
FNH:0
DA:3,0
DA:4,0
DA:5,0
DA:6,0
DA:9,0
DA:18,0
DA:26,0
DA:33,0
DA:34,0
DA:40,0
DA:41,0
LF:11
LH:0
BRF:0
BRH:0
end_of_record
TN:
SF:src\utils\arbitrage\executionConfig.ts
FN:21,(anonymous_0)
FN:27,(anonymous_1)
FN:34,(anonymous_2)
FNF:3
FNH:0
FNDA:0,(anonymous_0)
FNDA:0,(anonymous_1)
FNDA:0,(anonymous_2)
DA:3,0
DA:6,0
DA:22,0
DA:28,0
DA:35,0
DA:36,0
DA:38,0
DA:46,0
LF:8
LH:0
BRF:0
BRH:0
end_of_record
TN:
SF:src\utils\arbitrage\queueManager.ts
FN:19,(anonymous_0)
FN:61,(anonymous_1)
FN:68,(anonymous_2)
FNF:3
FNH:0
FNDA:0,(anonymous_0)
FNDA:0,(anonymous_1)
FNDA:0,(anonymous_2)
DA:7,0
DA:8,0
DA:23,0
DA:25,0
DA:41,0
DA:46,0
DA:48,0
DA:49,0
DA:54,0
DA:62,0
DA:69,0
DA:74,0
LF:12
LH:0
BRDA:21,0,0,0
BRDA:34,1,0,0
BRDA:34,1,1,0
BRDA:38,2,0,0
BRDA:38,2,1,0
BRF:5
BRH:0
end_of_record
TN:
SF:src\utils\arbitrage\storage.ts
FN:9,(anonymous_0)
FN:15,(anonymous_1)
FN:35,(anonymous_2)
FN:39,(anonymous_3)
FN:54,(anonymous_4)
FN:61,(anonymous_5)
FN:68,(anonymous_6)
FN:69,(anonymous_7)
FN:75,(anonymous_8)
FN:76,(anonymous_9)
FN:82,(anonymous_10)
FN:93,(anonymous_11)
FN:102,(anonymous_12)
FN:103,(anonymous_13)
FN:107,(anonymous_14)
FN:108,(anonymous_15)
FN:112,(anonymous_16)
FN:113,(anonymous_17)
FN:116,(anonymous_18)
FN:137,(anonymous_19)
FN:144,(anonymous_20)
FNF:21
FNH:0
FNDA:0,(anonymous_0)
FNDA:0,(anonymous_1)
FNDA:0,(anonymous_2)
FNDA:0,(anonymous_3)
FNDA:0,(anonymous_4)
FNDA:0,(anonymous_5)
FNDA:0,(anonymous_6)
FNDA:0,(anonymous_7)
FNDA:0,(anonymous_8)
FNDA:0,(anonymous_9)
FNDA:0,(anonymous_10)
FNDA:0,(anonymous_11)
FNDA:0,(anonymous_12)
FNDA:0,(anonymous_13)
FNDA:0,(anonymous_14)
FNDA:0,(anonymous_15)
FNDA:0,(anonymous_16)
FNDA:0,(anonymous_17)
FNDA:0,(anonymous_18)
FNDA:0,(anonymous_19)
FNDA:0,(anonymous_20)
DA:3,0
DA:4,0
DA:7,0
DA:10,0
DA:16,0
DA:22,0
DA:25,0
DA:26,0
DA:29,0
DA:39,0
DA:41,0
DA:42,0
DA:46,0
DA:48,0
DA:55,0
DA:62,0
DA:69,0
DA:76,0
DA:83,0
DA:84,0
DA:101,0
DA:102,0
DA:103,0
DA:106,0
DA:107,0
DA:108,0
DA:111,0
DA:112,0
DA:113,0
DA:115,0
DA:116,0
DA:120,0
DA:124,0
DA:138,0
DA:145,0
DA:146,0
DA:147,0
DA:148,0
DA:153,0
DA:154,0
DA:164,0
LF:41
LH:0
BRDA:25,0,0,0
BRDA:41,1,0,0
BRDA:69,2,0,0
BRDA:69,2,1,0
BRDA:107,3,0,0
BRDA:107,3,1,0
BRDA:108,4,0,0
BRDA:108,4,1,0
BRDA:115,5,0,0
BRDA:115,5,1,0
BRDA:120,6,0,0
BRDA:120,6,1,0
BRF:12
BRH:0
end_of_record
TN:
SF:src\utils\arbitrage\tradeExecutor.ts
FN:18,(anonymous_7)
FN:25,(anonymous_8)
FN:32,(anonymous_9)
FN:39,(anonymous_10)
FN:49,(anonymous_11)
FN:50,(anonymous_12)
FN:59,(anonymous_13)
FN:66,(anonymous_15)
FN:73,(anonymous_16)
FNF:9
FNH:0
FNDA:0,(anonymous_7)
FNDA:0,(anonymous_8)
FNDA:0,(anonymous_9)
FNDA:0,(anonymous_10)
FNDA:0,(anonymous_11)
FNDA:0,(anonymous_12)
FNDA:0,(anonymous_13)
FNDA:0,(anonymous_15)
FNDA:0,(anonymous_16)
DA:9,0
DA:10,0
DA:11,0
DA:19,0
DA:26,0
DA:33,0
DA:43,0
DA:50,0
DA:53,0
DA:60,0
DA:67,0
DA:74,0
DA:79,0
LF:13
LH:0
BRDA:41,0,0,0
BRDA:51,1,0,0
BRF:2
BRH:0
end_of_record
TN:
SF:src\utils\arbitrage\types.ts
FNF:0
FNH:0
DA:68,0
LF:1
LH:0
BRF:0
BRH:0
end_of_record
TN:
SF:src\utils\blockchain\contractAddresses.ts
FNF:0
FNH:0
DA:3,0
LF:1
LH:0
BRF:0
BRH:0
end_of_record
TN:
SF:src\utils\blockchain\index.ts
FNF:0
FNH:0
DA:3,0
DA:4,0
DA:5,0
DA:6,0
DA:7,0
DA:8,0
LF:6
LH:0
BRF:0
BRH:0
end_of_record
TN:
SF:src\utils\blockchain\networks.ts
FNF:0
FNH:0
DA:3,0
LF:1
LH:0
BRF:0
BRH:0
end_of_record
TN:
SF:src\utils\blockchain\priceMonitoring\PriceMonitorService.ts
FN:26,(anonymous_7)
FN:33,(anonymous_8)
FN:51,(anonymous_9)
FN:64,(anonymous_11)
FN:84,(anonymous_12)
FN:115,(anonymous_13)
FN:140,(anonymous_14)
FN:157,(anonymous_16)
FN:160,(anonymous_17)
FN:184,(anonymous_18)
FN:188,(anonymous_19)
FN:200,(anonymous_20)
FN:207,(anonymous_21)
FN:214,(anonymous_22)
FN:241,(anonymous_24)
FN:252,(anonymous_26)
FN:259,(anonymous_27)
FN:266,(anonymous_28)
FN:276,(anonymous_29)
FN:283,(anonymous_30)
FN:290,(anonymous_31)
FNF:21
FNH:0
FNDA:0,(anonymous_7)
FNDA:0,(anonymous_8)
FNDA:0,(anonymous_9)
FNDA:0,(anonymous_11)
FNDA:0,(anonymous_12)
FNDA:0,(anonymous_13)
FNDA:0,(anonymous_14)
FNDA:0,(anonymous_16)
FNDA:0,(anonymous_17)
FNDA:0,(anonymous_18)
FNDA:0,(anonymous_19)
FNDA:0,(anonymous_20)
FNDA:0,(anonymous_21)
FNDA:0,(anonymous_22)
FNDA:0,(anonymous_24)
FNDA:0,(anonymous_26)
FNDA:0,(anonymous_27)
FNDA:0,(anonymous_28)
FNDA:0,(anonymous_29)
FNDA:0,(anonymous_30)
FNDA:0,(anonymous_31)
DA:3,0
DA:5,0
DA:6,0
DA:7,0
DA:8,0
DA:9,0
DA:10,0
DA:11,0
DA:12,0
DA:13,0
DA:19,0
DA:20,0
DA:21,0
DA:23,0
DA:24,0
DA:27,0
DA:34,0
DA:37,0
DA:38,0
DA:42,0
DA:43,0
DA:44,0
DA:52,0
DA:53,0
DA:54,0
DA:57,0
DA:59,0
DA:60,0
DA:61,0
DA:64,0
DA:66,0
DA:67,0
DA:72,0
DA:76,0
DA:79,0
DA:82,0
DA:83,0
DA:84,0
DA:88,0
DA:90,0
DA:96,0
DA:98,0
DA:100,0
DA:102,0
DA:108,0
DA:116,0
DA:117,0
DA:121,0
DA:122,0
DA:123,0
DA:127,0
DA:129,0
DA:131,0
DA:141,0
DA:142,0
DA:146,0
DA:149,0
DA:150,0
DA:159,0
DA:161,0
DA:166,0
DA:167,0
DA:171,0
DA:174,0
DA:175,0
DA:178,0
DA:185,0
DA:187,0
DA:188,0
DA:194,0
DA:201,0
DA:208,0
DA:215,0
DA:216,0
DA:219,0
DA:221,0
DA:223,0
DA:224,0
DA:225,0
DA:228,0
DA:231,0
DA:233,0
DA:243,0
DA:246,0
DA:253,0
DA:260,0
DA:267,0
DA:268,0
DA:269,0
DA:277,0
DA:284,0
DA:298,0
DA:309,0
LF:93
LH:0
BRDA:37,0,0,0
BRDA:42,1,0,0
BRDA:42,2,0,0
BRDA:42,2,1,0
BRDA:42,2,2,0
BRDA:52,3,0,0
BRDA:66,4,0,0
BRDA:116,5,0,0
BRDA:121,6,0,0
BRDA:141,7,0,0
BRDA:141,8,0,0
BRDA:141,8,1,0
BRDA:149,9,0,0
BRDA:161,10,0,0
BRDA:161,10,1,0
BRDA:161,10,2,0
BRDA:161,10,3,0
BRDA:166,11,0,0
BRDA:174,12,0,0
BRDA:189,13,0,0
BRDA:189,13,1,0
BRDA:189,13,2,0
BRDA:189,13,3,0
BRDA:215,14,0,0
BRDA:215,15,0,0
BRDA:215,15,1,0
BRDA:268,16,0,0
BRDA:276,17,0,0
BRF:28
BRH:0
end_of_record
TN:
SF:src\utils\blockchain\priceMonitoring\arbitrageDetection.ts
FN:11,(anonymous_7)
FN:52,(anonymous_8)
FN:66,(anonymous_9)
FN:73,(anonymous_10)
FN:80,(anonymous_11)
FN:169,(anonymous_13)
FN:222,(anonymous_15)
FN:339,(anonymous_17)
FN:371,(anonymous_19)
FN:462,(anonymous_20)
FN:497,(anonymous_22)
FN:507,(anonymous_23)
FN:509,(anonymous_24)
FN:527,(anonymous_25)
FN:544,(anonymous_26)
FN:565,(anonymous_27)
FN:647,(anonymous_29)
FN:650,(anonymous_30)
FN:661,(anonymous_31)
FN:666,(anonymous_33)
FN:708,(anonymous_34)
FN:716,(anonymous_35)
FN:733,(anonymous_36)
FN:737,(anonymous_37)
FNF:24
FNH:0
FNDA:0,(anonymous_7)
FNDA:0,(anonymous_8)
FNDA:0,(anonymous_9)
FNDA:0,(anonymous_10)
FNDA:0,(anonymous_11)
FNDA:0,(anonymous_13)
FNDA:0,(anonymous_15)
FNDA:0,(anonymous_17)
FNDA:0,(anonymous_19)
FNDA:0,(anonymous_20)
FNDA:0,(anonymous_22)
FNDA:0,(anonymous_23)
FNDA:0,(anonymous_24)
FNDA:0,(anonymous_25)
FNDA:0,(anonymous_26)
FNDA:0,(anonymous_27)
FNDA:0,(anonymous_29)
FNDA:0,(anonymous_30)
FNDA:0,(anonymous_31)
FNDA:0,(anonymous_33)
FNDA:0,(anonymous_34)
FNDA:0,(anonymous_35)
FNDA:0,(anonymous_36)
FNDA:0,(anonymous_37)
DA:2,0
DA:3,0
DA:4,0
DA:5,0
DA:7,0
DA:8,0
DA:11,0
DA:12,0
DA:13,0
DA:14,0
DA:52,0
DA:53,0
DA:67,0
DA:74,0
DA:86,0
DA:88,0
DA:89,0
DA:91,0
DA:92,0
DA:96,0
DA:97,0
DA:100,0
DA:101,0
DA:104,0
DA:105,0
DA:109,0
DA:112,0
DA:115,0
DA:116,0
DA:120,0
DA:121,0
DA:124,0
DA:125,0
DA:129,0
DA:139,0
DA:140,0
DA:144,0
DA:161,0
DA:162,0
DA:175,0
DA:177,0
DA:178,0
DA:180,0
DA:181,0
DA:185,0
DA:186,0
DA:189,0
DA:190,0
DA:193,0
DA:197,0
DA:200,0
DA:202,0
DA:204,0
DA:205,0
DA:207,0
DA:211,0
DA:212,0
DA:214,0
DA:215,0
DA:231,0
DA:232,0
DA:235,0
DA:236,0
DA:239,0
DA:240,0
DA:241,0
DA:245,0
DA:246,0
DA:248,0
DA:250,0
DA:251,0
DA:252,0
DA:253,0
DA:255,0
DA:256,0
DA:259,0
DA:265,0
DA:269,0
DA:271,0
DA:273,0
DA:274,0
DA:278,0
DA:280,0
DA:281,0
DA:282,0
DA:289,0
DA:291,0
DA:293,0
DA:298,0
DA:299,0
DA:302,0
DA:303,0
DA:305,0
DA:306,0
DA:315,0
DA:316,0
DA:321,0
DA:323,0
DA:341,0
DA:344,0
DA:347,0
DA:350,0
DA:353,0
DA:355,0
DA:356,0
DA:357,0
DA:358,0
DA:360,0
DA:365,0
DA:380,0
DA:384,0
DA:385,0
DA:388,0
DA:389,0
DA:390,0
DA:391,0
DA:396,0
DA:397,0
DA:398,0
DA:399,0
DA:404,0
DA:408,0
DA:409,0
DA:410,0
DA:411,0
DA:417,0
DA:418,0
DA:419,0
DA:420,0
DA:421,0
DA:427,0
DA:428,0
DA:430,0
DA:432,0
DA:433,0
DA:434,0
DA:435,0
DA:436,0
DA:439,0
DA:443,0
DA:446,0
DA:447,0
DA:448,0
DA:449,0
DA:450,0
DA:454,0
DA:456,0
DA:467,0
DA:470,0
DA:473,0
DA:475,0
DA:477,0
DA:478,0
DA:480,0
DA:482,0
DA:484,0
DA:487,0
DA:489,0
DA:490,0
DA:497,0
DA:498,0
DA:499,0
DA:500,0
DA:508,0
DA:509,0
DA:512,0
DA:513,0
DA:515,0
DA:516,0
DA:517,0
DA:521,0
DA:528,0
DA:529,0
DA:532,0
DA:535,0
DA:537,0
DA:539,0
DA:541,0
DA:544,0
DA:545,0
DA:548,0
DA:550,0
DA:552,0
DA:553,0
DA:559,0
DA:569,0
DA:571,0
DA:574,0
DA:581,0
DA:582,0
DA:586,0
DA:587,0
DA:589,0
DA:590,0
DA:591,0
DA:592,0
DA:594,0
DA:595,0
DA:596,0
DA:600,0
DA:607,0
DA:611,0
DA:612,0
DA:615,0
DA:616,0
DA:620,0
DA:630,0
DA:631,0
DA:635,0
DA:647,0
DA:650,0
DA:653,0
DA:654,0
DA:665,0
DA:666,0
DA:669,0
DA:670,0
DA:674,0
DA:675,0
DA:676,0
DA:677,0
DA:679,0
DA:680,0
DA:681,0
DA:683,0
DA:690,0
DA:691,0
DA:694,0
DA:695,0
DA:697,0
DA:706,0
DA:708,0
DA:709,0
DA:713,0
DA:714,0
DA:716,0
DA:717,0
DA:720,0
DA:726,0
DA:732,0
DA:735,0
DA:739,0
DA:745,0
LF:243
LH:0
BRDA:11,0,0,0
BRDA:11,0,1,0
BRDA:91,1,0,0
BRDA:91,2,0,0
BRDA:91,2,1,0
BRDA:104,3,0,0
BRDA:109,4,0,0
BRDA:109,4,1,0
BRDA:115,5,0,0
BRDA:121,6,0,0
BRDA:121,6,1,0
BRDA:124,7,0,0
BRDA:139,8,0,0
BRDA:180,9,0,0
BRDA:180,10,0,0
BRDA:180,10,1,0
BRDA:200,11,0,0
BRDA:200,11,1,0
BRDA:202,12,0,0
BRDA:204,13,0,0
BRDA:211,14,0,0
BRDA:211,14,1,0
BRDA:232,15,0,0
BRDA:232,15,1,0
BRDA:256,16,0,0
BRDA:262,17,0,0
BRDA:262,17,1,0
BRDA:280,18,0,0
BRDA:289,19,0,0
BRDA:289,19,1,0
BRDA:305,20,0,0
BRDA:347,21,0,0
BRDA:347,21,1,0
BRDA:388,22,0,0
BRDA:388,22,1,0
BRDA:388,23,0,0
BRDA:388,23,1,0
BRDA:390,24,0,0
BRDA:390,25,0,0
BRDA:390,25,1,0
BRDA:396,26,0,0
BRDA:396,26,1,0
BRDA:398,27,0,0
BRDA:408,28,0,0
BRDA:408,28,1,0
BRDA:410,29,0,0
BRDA:419,30,0,0
BRDA:433,31,0,0
BRDA:433,31,1,0
BRDA:435,32,0,0
BRDA:435,32,1,0
BRDA:447,33,0,0
BRDA:447,33,1,0
BRDA:449,34,0,0
BRDA:482,35,0,0
BRDA:489,36,0,0
BRDA:508,37,0,0
BRDA:528,38,0,0
BRDA:537,39,0,0
BRDA:539,40,0,0
BRDA:539,40,1,0
BRDA:545,41,0,0
BRDA:545,41,1,0
BRDA:552,42,0,0
BRDA:581,43,0,0
BRDA:595,44,0,0
BRDA:615,45,0,0
BRDA:630,46,0,0
BRDA:669,47,0,0
BRDA:681,48,0,0
BRDA:690,49,0,0
BRDA:706,50,0,0
BRDA:706,51,0,0
BRDA:706,51,1,0
BRDA:713,52,0,0
BRDA:716,53,0,0
BRF:76
BRH:0
end_of_record
TN:
SF:src\utils\blockchain\priceMonitoring\config.ts
FN:20,(anonymous_0)
FN:27,(anonymous_1)
FN:34,(anonymous_2)
FN:43,(anonymous_3)
FNF:4
FNH:0
FNDA:0,(anonymous_0)
FNDA:0,(anonymous_1)
FNDA:0,(anonymous_2)
FNDA:0,(anonymous_3)
DA:3,0
DA:4,0
DA:9,0
DA:10,0
DA:21,0
DA:28,0
DA:35,0
DA:36,0
DA:37,0
DA:45,0
DA:48,0
DA:57,0
LF:12
LH:0
BRF:0
BRH:0
end_of_record
TN:
SF:src\utils\blockchain\priceMonitoring\index.ts
FNF:0
FNH:0
DA:3,0
DA:4,0
DA:5,0
DA:6,0
DA:7,0
DA:8,0
DA:9,0
DA:10,0
DA:11,0
DA:12,0
DA:13,0
DA:14,0
DA:15,0
LF:13
LH:0
BRF:0
BRH:0
end_of_record
TN:
SF:src\utils\blockchain\priceMonitoring\monitor.ts
FNF:0
FNH:0
DA:3,0
LF:1
LH:0
BRF:0
BRH:0
end_of_record
TN:
SF:src\utils\blockchain\priceMonitoring\opportunityManager.ts
FN:10,(anonymous_7)
FN:16,(anonymous_8)
FN:25,(anonymous_9)
FN:32,(anonymous_10)
FN:39,(anonymous_11)
FNF:5
FNH:0
FNDA:0,(anonymous_7)
FNDA:0,(anonymous_8)
FNDA:0,(anonymous_9)
FNDA:0,(anonymous_10)
FNDA:0,(anonymous_11)
DA:4,0
DA:5,0
DA:10,0
DA:11,0
DA:17,0
DA:18,0
DA:26,0
DA:33,0
DA:40,0
DA:42,0
DA:43,0
DA:46,0
DA:49,0
DA:50,0
DA:52,0
DA:57,0
DA:59,0
DA:67,0
DA:69,0
DA:72,0
DA:73,0
DA:75,0
DA:85,0
LF:23
LH:0
BRDA:17,0,0,0
BRDA:49,1,0,0
BRDA:49,1,1,0
BRDA:61,2,0,0
BRDA:61,2,1,0
BRF:5
BRH:0
end_of_record
TN:
SF:src\utils\blockchain\priceMonitoring\pricePoller.ts
FN:14,(anonymous_7)
FN:21,(anonymous_8)
FN:28,(anonymous_9)
FN:35,(anonymous_10)
FNF:4
FNH:0
FNDA:0,(anonymous_7)
FNDA:0,(anonymous_8)
FNDA:0,(anonymous_9)
FNDA:0,(anonymous_10)
DA:3,0
DA:4,0
DA:5,0
DA:11,0
DA:15,0
DA:22,0
DA:29,0
DA:36,0
DA:37,0
DA:40,0
DA:41,0
DA:42,0
DA:44,0
DA:45,0
DA:46,0
DA:49,0
DA:50,0
DA:52,0
DA:53,0
DA:54,0
DA:58,0
DA:61,0
DA:67,0
DA:69,0
DA:74,0
LF:25
LH:0
BRDA:36,0,0,0
BRDA:36,1,0,0
BRDA:36,1,1,0
BRDA:44,2,0,0
BRDA:53,3,0,0
BRF:5
BRH:0
end_of_record
TN:
SF:src\utils\blockchain\priceMonitoring\rateLimit.ts
FN:8,(anonymous_7)
FN:14,(anonymous_8)
FN:19,(anonymous_9)
FN:26,(anonymous_10)
FN:34,(anonymous_11)
FN:34,(anonymous_12)
FN:46,(anonymous_13)
FN:47,(anonymous_14)
FN:68,(anonymous_15)
FN:71,(anonymous_16)
FN:79,(anonymous_17)
FN:86,(anonymous_18)
FN:96,(anonymous_19)
FN:102,(anonymous_20)
FN:105,(anonymous_21)
FN:111,(anonymous_22)
FN:115,(anonymous_23)
FN:123,(anonymous_24)
FN:124,(anonymous_25)
FNF:19
FNH:0
FNDA:0,(anonymous_7)
FNDA:0,(anonymous_8)
FNDA:0,(anonymous_9)
FNDA:0,(anonymous_10)
FNDA:0,(anonymous_11)
FNDA:0,(anonymous_12)
FNDA:0,(anonymous_13)
FNDA:0,(anonymous_14)
FNDA:0,(anonymous_15)
FNDA:0,(anonymous_16)
FNDA:0,(anonymous_17)
FNDA:0,(anonymous_18)
FNDA:0,(anonymous_19)
FNDA:0,(anonymous_20)
FNDA:0,(anonymous_21)
FNDA:0,(anonymous_22)
FNDA:0,(anonymous_23)
FNDA:0,(anonymous_24)
FNDA:0,(anonymous_25)
DA:2,0
DA:3,0
DA:9,0
DA:10,0
DA:11,0
DA:15,0
DA:18,0
DA:19,0
DA:23,0
DA:27,0
DA:34,0
DA:35,0
DA:38,0
DA:39,0
DA:40,0
DA:43,0
DA:46,0
DA:47,0
DA:48,0
DA:51,0
DA:52,0
DA:53,0
DA:54,0
DA:58,0
DA:59,0
DA:60,0
DA:61,0
DA:62,0
DA:69,0
DA:70,0
DA:71,0
DA:73,0
DA:80,0
DA:81,0
DA:84,0
DA:86,0
DA:88,0
DA:90,0
DA:97,0
DA:102,0
DA:103,0
DA:106,0
DA:107,0
DA:108,0
DA:112,0
DA:116,0
DA:117,0
DA:118,0
DA:120,0
DA:124,0
DA:129,0
LF:51
LH:0
BRDA:8,0,0,0
BRDA:34,1,0,0
BRDA:38,2,0,0
BRDA:51,3,0,0
BRDA:58,4,0,0
BRDA:80,5,0,0
BRDA:105,6,0,0
BRDA:115,7,0,0
BRDA:117,8,0,0
BRF:9
BRH:0
end_of_record
TN:
SF:src\utils\blockchain\priceMonitoring\scanner.ts
FN:11,(anonymous_7)
FN:18,(anonymous_8)
FN:25,(anonymous_9)
FN:32,(anonymous_10)
FN:39,(anonymous_11)
FN:46,(anonymous_12)
FNF:6
FNH:0
FNDA:0,(anonymous_7)
FNDA:0,(anonymous_8)
FNDA:0,(anonymous_9)
FNDA:0,(anonymous_10)
FNDA:0,(anonymous_11)
FNDA:0,(anonymous_12)
DA:3,0
DA:4,0
DA:5,0
DA:6,0
DA:11,0
DA:12,0
DA:13,0
DA:19,0
DA:26,0
DA:33,0
DA:40,0
DA:47,0
DA:48,0
DA:51,0
DA:53,0
DA:59,0
DA:61,0
DA:64,0
DA:65,0
DA:68,0
DA:75,0
DA:76,0
DA:78,0
DA:79,0
DA:85,0
LF:25
LH:0
BRDA:18,0,0,0
BRDA:25,1,0,0
BRDA:47,2,0,0
BRDA:64,3,0,0
BRDA:64,3,1,0
BRF:5
BRH:0
end_of_record
TN:
SF:src\utils\blockchain\priceMonitoring\storage.ts
FN:5,(anonymous_0)
FN:12,(anonymous_1)
FN:16,(anonymous_2)
FN:20,(anonymous_3)
FN:56,(anonymous_4)
FN:61,(anonymous_5)
FN:78,(anonymous_6)
FN:79,(anonymous_7)
FN:94,(anonymous_8)
FN:104,(anonymous_9)
FN:109,(anonymous_10)
FN:118,(anonymous_11)
FN:119,(anonymous_12)
FN:127,(anonymous_13)
FN:133,(anonymous_14)
FN:136,(anonymous_15)
FN:138,(anonymous_16)
FNF:17
FNH:0
FNDA:0,(anonymous_0)
FNDA:0,(anonymous_1)
FNDA:0,(anonymous_2)
FNDA:0,(anonymous_3)
FNDA:0,(anonymous_4)
FNDA:0,(anonymous_5)
FNDA:0,(anonymous_6)
FNDA:0,(anonymous_7)
FNDA:0,(anonymous_8)
FNDA:0,(anonymous_9)
FNDA:0,(anonymous_10)
FNDA:0,(anonymous_11)
FNDA:0,(anonymous_12)
FNDA:0,(anonymous_13)
FNDA:0,(anonymous_14)
FNDA:0,(anonymous_15)
FNDA:0,(anonymous_16)
DA:6,0
DA:7,0
DA:8,0
DA:9,0
DA:10,0
DA:13,0
DA:17,0
DA:21,0
DA:23,0
DA:24,0
DA:30,0
DA:33,0
DA:36,0
DA:37,0
DA:41,0
DA:44,0
DA:45,0
DA:49,0
DA:50,0
DA:51,0
DA:52,0
DA:57,0
DA:58,0
DA:62,0
DA:64,0
DA:66,0
DA:67,0
DA:68,0
DA:72,0
DA:73,0
DA:74,0
DA:77,0
DA:78,0
DA:79,0
DA:81,0
DA:85,0
DA:86,0
DA:87,0
DA:88,0
DA:92,0
DA:94,0
DA:98,0
DA:99,0
DA:100,0
DA:103,0
DA:104,0
DA:106,0
DA:110,0
DA:112,0
DA:113,0
DA:116,0
DA:117,0
DA:118,0
DA:119,0
DA:121,0
DA:122,0
DA:125,0
DA:126,0
DA:127,0
DA:130,0
DA:134,0
DA:136,0
DA:137,0
DA:138,0
DA:142,0
DA:143,0
DA:146,0
DA:147,0
DA:153,0
DA:154,0
DA:155,0
DA:162,0
LF:72
LH:0
BRDA:23,0,0,0
BRDA:36,1,0,0
BRDA:44,2,0,0
BRDA:50,3,0,0
BRDA:58,4,0,0
BRDA:58,4,1,0
BRDA:64,5,0,0
BRDA:67,6,0,0
BRDA:67,7,0,0
BRDA:67,7,1,0
BRDA:73,8,0,0
BRDA:73,9,0,0
BRDA:73,9,1,0
BRDA:81,10,0,0
BRDA:81,10,1,0
BRDA:87,11,0,0
BRDA:92,12,0,0
BRDA:99,13,0,0
BRDA:99,14,0,0
BRDA:99,14,1,0
BRDA:106,15,0,0
BRDA:106,15,1,0
BRDA:109,16,0,0
BRDA:112,17,0,0
BRDA:112,18,0,0
BRDA:112,18,1,0
BRDA:121,19,0,0
BRDA:142,20,0,0
BRDA:154,21,0,0
BRF:29
BRH:0
end_of_record
TN:
SF:src\utils\blockchain\priceMonitoring\websocket.ts
FNF:0
FNH:0
DA:3,0
LF:1
LH:0
BRF:0
BRH:0
end_of_record
TN:
SF:src\utils\blockchain\priceMonitoring\wsConnector.ts
FN:13,(anonymous_0)
FN:19,(anonymous_1)
FN:29,(anonymous_2)
FN:43,(anonymous_3)
FNF:4
FNH:0
FNDA:0,(anonymous_0)
FNDA:0,(anonymous_1)
FNDA:0,(anonymous_2)
FNDA:0,(anonymous_3)
DA:3,0
DA:4,0
DA:9,0
DA:14,0
DA:15,0
DA:17,0
DA:19,0
DA:20,0
DA:30,0
DA:31,0
DA:32,0
DA:33,0
DA:34,0
DA:44,0
DA:46,0
DA:47,0
DA:49,0
DA:50,0
DA:53,0
DA:60,0
DA:63,0
DA:69,0
LF:22
LH:0
BRDA:17,0,0,0
BRDA:32,1,0,0
BRDA:46,2,0,0
BRDA:46,3,0,0
BRDA:46,3,1,0
BRDA:46,3,2,0
BRDA:49,4,0,0
BRDA:49,5,0,0
BRDA:49,5,1,0
BRF:9
BRH:0
end_of_record
TN:
SF:src\utils\blockchain\priceMonitoring\__tests__\PriceMonitorService.test.ts
FN:14,(anonymous_7)
FN:22,(anonymous_8)
FN:30,(anonymous_9)
FN:37,(anonymous_10)
FN:43,(anonymous_11)
FN:51,(anonymous_12)
FN:55,(anonymous_13)
FN:64,(anonymous_14)
FN:69,(anonymous_15)
FN:86,(anonymous_16)
FN:92,(anonymous_17)
FN:92,(anonymous_18)
FN:103,(anonymous_19)
FN:114,(anonymous_20)
FN:138,(anonymous_21)
FN:138,(anonymous_22)
FNF:16
FNH:0
FNDA:0,(anonymous_7)
FNDA:0,(anonymous_8)
FNDA:0,(anonymous_9)
FNDA:0,(anonymous_10)
FNDA:0,(anonymous_11)
FNDA:0,(anonymous_12)
FNDA:0,(anonymous_13)
FNDA:0,(anonymous_14)
FNDA:0,(anonymous_15)
FNDA:0,(anonymous_16)
FNDA:0,(anonymous_17)
FNDA:0,(anonymous_18)
FNDA:0,(anonymous_19)
FNDA:0,(anonymous_20)
FNDA:0,(anonymous_21)
FNDA:0,(anonymous_22)
DA:2,0
DA:4,0
DA:5,0
DA:6,0
DA:7,0
DA:10,0
DA:14,0
DA:22,0
DA:30,0
DA:37,0
DA:43,0
DA:51,0
DA:55,0
DA:63,0
DA:64,0
DA:66,0
DA:67,0
DA:69,0
DA:70,0
DA:78,0
DA:86,0
DA:87,0
DA:88,0
DA:89,0
DA:92,0
DA:93,0
DA:95,0
DA:96,0
DA:97,0
DA:98,0
DA:103,0
DA:104,0
DA:105,0
DA:107,0
DA:108,0
DA:109,0
DA:114,0
DA:115,0
DA:116,0
DA:118,0
DA:119,0
DA:120,0
DA:121,0
DA:124,0
DA:125,0
DA:128,0
DA:129,0
DA:130,0
DA:133,0
DA:134,0
DA:135,0
DA:138,0
DA:139,0
DA:140,0
DA:141,0
LF:55
LH:0
BRF:0
BRH:0
end_of_record
TN:
SF:src\utils\blockchain\priceMonitoring\__tests__\performance.test.ts
FN:11,(anonymous_7)
FN:19,(anonymous_8)
FN:27,(anonymous_9)
FN:34,(anonymous_10)
FN:40,(anonymous_11)
FN:48,(anonymous_12)
FN:52,(anonymous_13)
FN:63,(anonymous_14)
FN:95,(anonymous_15)
FN:101,(anonymous_16)
FN:105,(anonymous_17)
FN:126,(anonymous_18)
FN:126,(anonymous_19)
FN:146,(anonymous_20)
FN:146,(anonymous_21)
FNF:15
FNH:0
FNDA:0,(anonymous_7)
FNDA:0,(anonymous_8)
FNDA:0,(anonymous_9)
FNDA:0,(anonymous_10)
FNDA:0,(anonymous_11)
FNDA:0,(anonymous_12)
FNDA:0,(anonymous_13)
FNDA:0,(anonymous_14)
FNDA:0,(anonymous_15)
FNDA:0,(anonymous_16)
FNDA:0,(anonymous_17)
FNDA:0,(anonymous_18)
FNDA:0,(anonymous_19)
FNDA:0,(anonymous_20)
FNDA:0,(anonymous_21)
DA:2,0
DA:4,0
DA:8,0
DA:11,0
DA:19,0
DA:27,0
DA:34,0
DA:40,0
DA:48,0
DA:52,0
DA:60,0
DA:61,0
DA:63,0
DA:64,0
DA:95,0
DA:96,0
DA:97,0
DA:98,0
DA:101,0
DA:102,0
DA:105,0
DA:106,0
DA:109,0
DA:110,0
DA:111,0
DA:115,0
DA:116,0
DA:118,0
DA:119,0
DA:122,0
DA:123,0
DA:126,0
DA:128,0
DA:129,0
DA:130,0
DA:134,0
DA:136,0
DA:138,0
DA:139,0
DA:141,0
DA:142,0
DA:143,0
DA:146,0
DA:148,0
DA:149,0
DA:150,0
DA:154,0
DA:156,0
DA:158,0
DA:159,0
DA:161,0
DA:162,0
DA:165,0
LF:53
LH:0
BRF:0
BRH:0
end_of_record
TN:
SF:src\utils\blockchain\priceMonitoring\worker\priceCalculationWorker.ts
FN:34,getFromCache
FN:48,addToCache
FN:74,(anonymous_2)
FN:128,calculateArbitrageOpportunities
FN:223,(anonymous_4)
FN:227,calculateVolatility
FN:263,processPriceData
FN:274,(anonymous_7)
FN:320,(anonymous_8)
FNF:9
FNH:0
FNDA:0,getFromCache
FNDA:0,addToCache
FNDA:0,(anonymous_2)
FNDA:0,calculateArbitrageOpportunities
FNDA:0,(anonymous_4)
FNDA:0,calculateVolatility
FNDA:0,processPriceData
FNDA:0,(anonymous_7)
FNDA:0,(anonymous_8)
DA:24,0
DA:30,0
DA:31,0
DA:35,0
DA:36,0
DA:39,0
DA:40,0
DA:41,0
DA:44,0
DA:50,0
DA:52,0
DA:53,0
DA:55,0
DA:56,0
DA:57,0
DA:58,0
DA:62,0
DA:63,0
DA:67,0
DA:74,0
DA:75,0
DA:77,0
DA:80,0
DA:83,0
DA:84,0
DA:85,0
DA:88,0
DA:90,0
DA:91,0
DA:93,0
DA:94,0
DA:96,0
DA:97,0
DA:99,0
DA:103,0
DA:107,0
DA:113,0
DA:116,0
DA:123,0
DA:128,0
DA:134,0
DA:135,0
DA:138,0
DA:141,0
DA:143,0
DA:144,0
DA:145,0
DA:147,0
DA:148,0
DA:149,0
DA:151,0
DA:152,0
DA:154,0
DA:157,0
DA:158,0
DA:162,0
DA:169,0
DA:170,0
DA:171,0
DA:172,0
DA:175,0
DA:176,0
DA:177,0
DA:178,0
DA:181,0
DA:183,0
DA:187,0
DA:188,0
DA:191,0
DA:195,0
DA:198,0
DA:199,0
DA:202,0
DA:203,0
DA:223,0
DA:227,0
DA:231,0
DA:233,0
DA:234,0
DA:238,0
DA:239,0
DA:240,0
DA:241,0
DA:243,0
DA:247,0
DA:248,0
DA:250,0
DA:251,0
DA:252,0
DA:255,0
DA:256,0
DA:257,0
DA:259,0
DA:263,0
DA:267,0
DA:269,0
DA:270,0
DA:274,0
DA:277,0
DA:280,0
DA:282,0
DA:283,0
DA:285,0
DA:286,0
DA:288,0
DA:289,0
DA:292,0
DA:293,0
DA:295,0
DA:296,0
DA:306,0
DA:307,0
DA:308,0
DA:309,0
DA:311,0
DA:312,0
DA:314,0
DA:319,0
DA:320,0
LF:119
LH:0
BRDA:36,0,0,0
BRDA:39,1,0,0
BRDA:50,2,0,0
BRDA:56,3,0,0
BRDA:62,4,0,0
BRDA:84,5,0,0
BRDA:84,5,1,0
BRDA:88,6,0,0
BRDA:88,6,1,0
BRDA:88,6,2,0
BRDA:88,6,3,0
BRDA:120,7,0,0
BRDA:120,7,1,0
BRDA:152,8,0,0
BRDA:157,9,0,0
BRDA:157,10,0,0
BRDA:157,10,1,0
BRDA:181,11,0,0
BRDA:181,12,0,0
BRDA:181,12,1,0
BRDA:181,13,0,0
BRDA:181,13,1,0
BRDA:181,14,0,0
BRDA:181,14,1,0
BRDA:182,15,0,0
BRDA:182,15,1,0
BRDA:182,16,0,0
BRDA:182,16,1,0
BRDA:202,17,0,0
BRDA:202,18,0,0
BRDA:202,18,1,0
BRDA:206,19,0,0
BRDA:206,19,1,0
BRDA:207,20,0,0
BRDA:207,20,1,0
BRDA:210,21,0,0
BRDA:210,21,1,0
BRDA:212,22,0,0
BRDA:212,22,1,0
BRDA:233,23,0,0
BRDA:269,24,0,0
BRDA:269,25,0,0
BRDA:269,25,1,0
BRDA:280,26,0,0
BRDA:280,26,1,0
BRDA:280,26,2,0
BRDA:295,27,0,0
BRDA:295,27,1,0
BRDA:301,28,0,0
BRDA:301,28,1,0
BRDA:311,29,0,0
BRF:51
BRH:0
end_of_record
TN:
SF:src\utils\blockchain\priceMonitoring\ws\connection.ts
FN:8,(anonymous_0)
FN:25,(anonymous_1)
FN:32,(anonymous_2)
FN:44,(anonymous_3)
FN:64,(anonymous_4)
FN:71,(anonymous_5)
FN:82,(anonymous_6)
FN:91,(anonymous_7)
FN:109,(anonymous_8)
FNF:9
FNH:0
FNDA:0,(anonymous_0)
FNDA:0,(anonymous_1)
FNDA:0,(anonymous_2)
FNDA:0,(anonymous_3)
FNDA:0,(anonymous_4)
FNDA:0,(anonymous_5)
FNDA:0,(anonymous_6)
FNDA:0,(anonymous_7)
FNDA:0,(anonymous_8)
DA:8,0
DA:9,0
DA:10,0
DA:26,0
DA:38,0
DA:39,0
DA:41,0
DA:42,0
DA:43,0
DA:44,0
DA:45,0
DA:46,0
DA:47,0
DA:49,0
DA:53,0
DA:54,0
DA:56,0
DA:57,0
DA:65,0
DA:72,0
DA:73,0
DA:74,0
DA:75,0
DA:83,0
DA:84,0
DA:92,0
DA:93,0
DA:94,0
DA:97,0
DA:98,0
DA:99,0
DA:101,0
DA:102,0
DA:110,0
DA:111,0
DA:112,0
DA:115,0
DA:117,0
DA:119,0
DA:121,0
DA:127,0
LF:41
LH:0
BRDA:26,0,0,0
BRDA:26,0,1,0
BRDA:26,1,0,0
BRDA:26,1,1,0
BRDA:26,2,0,0
BRDA:26,2,1,0
BRDA:73,3,0,0
BRDA:93,4,0,0
BRDA:93,5,0,0
BRDA:93,5,1,0
BRDA:98,6,0,0
BRDA:98,6,1,0
BRDA:111,7,0,0
BRDA:115,8,0,0
BRDA:115,8,1,0
BRDA:115,8,2,0
BRF:16
BRH:0
end_of_record
TN:
SF:src\utils\blockchain\priceMonitoring\ws\index.ts
FN:13,(anonymous_0)
FN:15,(anonymous_1)
FN:29,(anonymous_2)
FN:36,(anonymous_3)
FN:59,(anonymous_4)
FN:64,(anonymous_5)
FN:69,(anonymous_6)
FN:73,(anonymous_7)
FN:88,(anonymous_8)
FN:96,(anonymous_9)
FN:104,(anonymous_10)
FN:111,(anonymous_11)
FN:118,(anonymous_12)
FN:125,(anonymous_13)
FNF:14
FNH:0
FNDA:0,(anonymous_0)
FNDA:0,(anonymous_1)
FNDA:0,(anonymous_2)
FNDA:0,(anonymous_3)
FNDA:0,(anonymous_4)
FNDA:0,(anonymous_5)
FNDA:0,(anonymous_6)
FNDA:0,(anonymous_7)
FNDA:0,(anonymous_8)
FNDA:0,(anonymous_9)
FNDA:0,(anonymous_10)
FNDA:0,(anonymous_11)
FNDA:0,(anonymous_12)
FNDA:0,(anonymous_13)
DA:3,0
DA:4,0
DA:5,0
DA:6,0
DA:15,0
DA:16,0
DA:17,0
DA:18,0
DA:23,0
DA:24,0
DA:30,0
DA:37,0
DA:38,0
DA:39,0
DA:42,0
DA:43,0
DA:47,0
DA:48,0
DA:49,0
DA:50,0
DA:53,0
DA:55,0
DA:60,0
DA:61,0
DA:65,0
DA:66,0
DA:70,0
DA:74,0
DA:78,0
DA:80,0
DA:81,0
DA:89,0
DA:90,0
DA:97,0
DA:98,0
DA:105,0
DA:112,0
DA:119,0
DA:126,0
DA:131,0
LF:40
LH:0
BRDA:17,0,0,0
BRDA:42,1,0,0
BRDA:48,2,0,0
BRF:3
BRH:0
end_of_record
TN:
SF:src\utils\blockchain\priceMonitoring\ws\messageHandler.ts
FN:6,(anonymous_0)
FN:12,(anonymous_1)
FN:23,(anonymous_2)
FN:33,(anonymous_3)
FN:36,(anonymous_4)
FN:49,(anonymous_5)
FN:56,(anonymous_6)
FNF:7
FNH:0
FNDA:0,(anonymous_0)
FNDA:0,(anonymous_1)
FNDA:0,(anonymous_2)
FNDA:0,(anonymous_3)
FNDA:0,(anonymous_4)
FNDA:0,(anonymous_5)
FNDA:0,(anonymous_6)
DA:6,0
DA:7,0
DA:13,0
DA:14,0
DA:17,0
DA:24,0
DA:25,0
DA:26,0
DA:34,0
DA:35,0
DA:36,0
DA:37,0
DA:38,0
DA:40,0
DA:50,0
DA:57,0
DA:62,0
LF:17
LH:0
BRDA:13,0,0,0
BRDA:25,1,0,0
BRDA:35,2,0,0
BRF:3
BRH:0
end_of_record
TN:
SF:src\utils\blockchain\priceMonitoring\ws\reconnection.ts
FN:8,(anonymous_0)
FN:11,(anonymous_1)
FN:16,(anonymous_2)
FN:23,(anonymous_3)
FN:35,(anonymous_4)
FN:46,(anonymous_5)
FN:57,(anonymous_6)
FNF:7
FNH:0
FNDA:0,(anonymous_0)
FNDA:0,(anonymous_1)
FNDA:0,(anonymous_2)
FNDA:0,(anonymous_3)
FNDA:0,(anonymous_4)
FNDA:0,(anonymous_5)
FNDA:0,(anonymous_6)
DA:8,0
DA:9,0
DA:10,0
DA:11,0
DA:17,0
DA:25,0
DA:28,0
DA:29,0
DA:35,0
DA:36,0
DA:37,0
DA:40,0
DA:47,0
DA:48,0
DA:49,0
DA:50,0
DA:58,0
DA:59,0
DA:65,0
LF:19
LH:0
BRDA:48,0,0,0
BRF:1
BRH:0
end_of_record
TN:
SF:src\utils\blockchain\priceMonitoring\ws\subscription.ts
FN:13,(anonymous_0)
FN:37,(anonymous_1)
FNF:2
FNH:0
FNDA:0,(anonymous_0)
FNDA:0,(anonymous_1)
DA:3,0
DA:9,0
DA:14,0
DA:15,0
DA:16,0
DA:19,0
DA:21,0
DA:27,0
DA:29,0
DA:30,0
DA:38,0
DA:39,0
DA:42,0
DA:44,0
DA:50,0
DA:52,0
DA:53,0
DA:59,0
LF:18
LH:0
BRDA:14,0,0,0
BRDA:38,1,0,0
BRF:2
BRH:0
end_of_record
TN:
SF:src\utils\common\utils.ts
FN:4,(anonymous_0)
FN:5,(anonymous_1)
FN:11,(anonymous_2)
FN:19,(anonymous_3)
FN:26,(anonymous_4)
FN:34,(anonymous_5)
FN:43,(anonymous_6)
FN:69,(anonymous_7)
FN:78,(anonymous_8)
FNF:9
FNH:0
FNDA:0,(anonymous_0)
FNDA:0,(anonymous_1)
FNDA:0,(anonymous_2)
FNDA:0,(anonymous_3)
FNDA:0,(anonymous_4)
FNDA:0,(anonymous_5)
FNDA:0,(anonymous_6)
FNDA:0,(anonymous_7)
FNDA:0,(anonymous_8)
DA:4,0
DA:5,0
DA:11,0
DA:12,0
DA:13,0
DA:19,0
DA:20,0
DA:26,0
DA:27,0
DA:28,0
DA:34,0
DA:35,0
DA:36,0
DA:37,0
DA:43,0
DA:44,0
DA:47,0
DA:52,0
DA:54,0
DA:57,0
DA:59,0
DA:61,0
DA:69,0
DA:70,0
DA:71,0
DA:72,0
DA:78,0
DA:84,0
DA:87,0
DA:88,0
DA:92,0
LF:31
LH:0
BRDA:12,0,0,0
BRDA:12,0,1,0
BRDA:27,1,0,0
BRDA:35,2,0,0
BRDA:36,3,0,0
BRDA:44,4,0,0
BRDA:44,4,1,0
BRDA:44,4,2,0
BRDA:44,4,3,0
BRDA:44,4,4,0
BRDA:44,4,5,0
BRDA:44,4,6,0
BRDA:44,4,7,0
BRDA:44,4,8,0
BRDA:44,4,9,0
BRDA:44,4,10,0
BRDA:71,5,0,0
BRDA:80,6,0,0
BRDA:81,7,0,0
BRDA:84,8,0,0
BRDA:84,8,1,0
BRDA:87,9,0,0
BRDA:87,10,0,0
BRDA:87,10,1,0
BRF:24
BRH:0
end_of_record
TN:
SF:src\utils\dex\DEXManager.ts
FN:34,(anonymous_7)
FN:42,(anonymous_8)
FN:86,(anonymous_10)
FN:88,(anonymous_11)
FN:89,(anonymous_12)
FN:95,(anonymous_13)
FN:126,(anonymous_14)
FN:145,(anonymous_15)
FN:162,(anonymous_16)
FN:169,(anonymous_17)
FN:176,(anonymous_18)
FN:178,(anonymous_19)
FN:179,(anonymous_20)
FN:185,(anonymous_21)
FN:216,(anonymous_23)
FN:242,(anonymous_25)
FN:270,(anonymous_27)
FN:283,(anonymous_29)
FN:284,(anonymous_30)
FN:295,(anonymous_31)
FN:321,(anonymous_33)
FN:355,(anonymous_35)
FN:364,(anonymous_36)
FNF:23
FNH:0
FNDA:0,(anonymous_7)
FNDA:0,(anonymous_8)
FNDA:0,(anonymous_10)
FNDA:0,(anonymous_11)
FNDA:0,(anonymous_12)
FNDA:0,(anonymous_13)
FNDA:0,(anonymous_14)
FNDA:0,(anonymous_15)
FNDA:0,(anonymous_16)
FNDA:0,(anonymous_17)
FNDA:0,(anonymous_18)
FNDA:0,(anonymous_19)
FNDA:0,(anonymous_20)
FNDA:0,(anonymous_21)
FNDA:0,(anonymous_23)
FNDA:0,(anonymous_25)
FNDA:0,(anonymous_27)
FNDA:0,(anonymous_29)
FNDA:0,(anonymous_30)
FNDA:0,(anonymous_31)
FNDA:0,(anonymous_33)
FNDA:0,(anonymous_35)
FNDA:0,(anonymous_36)
DA:5,0
DA:6,0
DA:7,0
DA:8,0
DA:9,0
DA:10,0
DA:11,0
DA:12,0
DA:23,0
DA:24,0
DA:26,0
DA:27,0
DA:28,0
DA:29,0
DA:30,0
DA:31,0
DA:32,0
DA:35,0
DA:36,0
DA:43,0
DA:44,0
DA:45,0
DA:48,0
DA:55,0
DA:61,0
DA:64,0
DA:70,0
DA:73,0
DA:75,0
DA:76,0
DA:78,0
DA:79,0
DA:87,0
DA:88,0
DA:89,0
DA:97,0
DA:100,0
DA:102,0
DA:103,0
DA:105,0
DA:106,0
DA:107,0
DA:108,0
DA:112,0
DA:113,0
DA:117,0
DA:127,0
DA:129,0
DA:130,0
DA:134,0
DA:135,0
DA:136,0
DA:139,0
DA:146,0
DA:147,0
DA:148,0
DA:151,0
DA:152,0
DA:153,0
DA:163,0
DA:170,0
DA:177,0
DA:178,0
DA:179,0
DA:194,0
DA:195,0
DA:201,0
DA:202,0
DA:205,0
DA:208,0
DA:210,0
DA:222,0
DA:223,0
DA:225,0
DA:226,0
DA:229,0
DA:232,0
DA:233,0
DA:236,0
DA:254,0
DA:256,0
DA:257,0
DA:264,0
DA:282,0
DA:283,0
DA:284,0
DA:296,0
DA:298,0
DA:299,0
DA:303,0
DA:304,0
DA:306,0
DA:307,0
DA:310,0
DA:313,0
DA:315,0
DA:326,0
DA:328,0
DA:329,0
DA:333,0
DA:334,0
DA:340,0
DA:341,0
DA:344,0
DA:347,0
DA:349,0
DA:356,0
DA:357,0
DA:358,0
DA:365,0
DA:370,0
LF:111
LH:0
BRDA:34,0,0,0
BRDA:100,1,0,0
BRDA:106,2,0,0
BRDA:112,3,0,0
BRDA:129,4,0,0
BRDA:134,5,0,0
BRDA:147,6,0,0
BRDA:152,7,0,0
BRDA:201,8,0,0
BRDA:225,9,0,0
BRDA:232,10,0,0
BRDA:256,11,0,0
BRDA:298,12,0,0
BRDA:306,13,0,0
BRDA:328,14,0,0
BRDA:340,15,0,0
BRF:16
BRH:0
end_of_record
TN:
SF:src\utils\dex\SushiSwapAdapter.ts
FN:10,(anonymous_0)
FN:18,(anonymous_1)
FN:22,(anonymous_2)
FN:29,(anonymous_3)
FNF:4
FNH:0
FNDA:0,(anonymous_0)
FNDA:0,(anonymous_1)
FNDA:0,(anonymous_2)
FNDA:0,(anonymous_3)
DA:4,0
DA:9,0
DA:12,0
DA:13,0
DA:15,0
DA:19,0
DA:23,0
DA:31,0
DA:42,0
LF:9
LH:0
BRDA:12,0,0,0
BRDA:42,1,0,0
BRDA:42,1,1,0
BRF:3
BRH:0
end_of_record
TN:
SF:src\utils\dex\index.ts
FNF:0
FNH:0
DA:6,0
DA:7,0
DA:8,0
DA:11,0
LF:4
LH:0
BRF:0
BRH:0
end_of_record
TN:
SF:src\utils\dex\__tests__\DEXManager.test.ts
FN:8,(anonymous_7)
FN:9,(anonymous_8)
FN:29,(anonymous_9)
FN:30,(anonymous_10)
FN:50,(anonymous_11)
FN:56,(anonymous_12)
FN:63,(anonymous_13)
FN:66,(anonymous_14)
FN:70,(anonymous_15)
FN:75,(anonymous_16)
FN:80,(anonymous_17)
FN:86,(anonymous_18)
FN:86,(anonymous_19)
FN:95,(anonymous_20)
FN:95,(anonymous_21)
FN:105,(anonymous_22)
FN:105,(anonymous_23)
FN:121,(anonymous_24)
FN:121,(anonymous_25)
FNF:19
FNH:0
FNDA:0,(anonymous_7)
FNDA:0,(anonymous_8)
FNDA:0,(anonymous_9)
FNDA:0,(anonymous_10)
FNDA:0,(anonymous_11)
FNDA:0,(anonymous_12)
FNDA:0,(anonymous_13)
FNDA:0,(anonymous_14)
FNDA:0,(anonymous_15)
FNDA:0,(anonymous_16)
FNDA:0,(anonymous_17)
FNDA:0,(anonymous_18)
FNDA:0,(anonymous_19)
FNDA:0,(anonymous_20)
FNDA:0,(anonymous_21)
FNDA:0,(anonymous_22)
FNDA:0,(anonymous_23)
FNDA:0,(anonymous_24)
FNDA:0,(anonymous_25)
DA:2,0
DA:3,0
DA:8,0
DA:9,0
DA:29,0
DA:30,0
DA:50,0
DA:56,0
DA:63,0
DA:64,0
DA:66,0
DA:67,0
DA:70,0
DA:71,0
DA:72,0
DA:75,0
DA:76,0
DA:77,0
DA:80,0
DA:81,0
DA:82,0
DA:83,0
DA:86,0
DA:87,0
DA:88,0
DA:95,0
DA:96,0
DA:97,0
DA:105,0
DA:106,0
DA:114,0
DA:121,0
DA:122,0
DA:129,0
LF:34
LH:0
BRDA:83,0,0,0
BRDA:83,0,1,0
BRDA:83,1,0,0
BRDA:83,1,1,0
BRF:4
BRH:0
end_of_record
TN:
SF:src\utils\dex\utils\index.ts
FNF:0
FNH:0
DA:2,0
DA:3,0
DA:4,0
DA:5,0
LF:4
LH:0
BRF:0
BRH:0
end_of_record
TN:
SF:src\utils\dex\utils\swaps.ts
FN:9,(anonymous_7)
FN:20,(anonymous_8)
FN:58,(anonymous_9)
FN:71,(anonymous_10)
FNF:4
FNH:0
FNDA:0,(anonymous_7)
FNDA:0,(anonymous_8)
FNDA:0,(anonymous_9)
FNDA:0,(anonymous_10)
DA:4,0
DA:9,0
DA:20,0
DA:21,0
DA:22,0
DA:28,0
DA:30,0
DA:33,0
DA:36,0
DA:39,0
DA:48,0
DA:58,0
DA:71,0
DA:73,0
DA:75,0
DA:76,0
DA:82,0
DA:84,0
DA:85,0
DA:92,0
DA:100,0
LF:21
LH:0
BRDA:21,0,0,0
BRDA:36,1,0,0
BRDA:36,1,1,0
BRDA:50,2,0,0
BRDA:50,2,1,0
BRDA:75,3,0,0
BRDA:84,4,0,0
BRF:7
BRH:0
end_of_record
TN:
SF:src\utils\dex\utils\trades.ts
FN:8,(anonymous_7)
FN:16,(anonymous_8)
FN:21,(anonymous_9)
FN:21,(anonymous_10)
FN:34,(anonymous_11)
FN:42,(anonymous_12)
FN:47,(anonymous_13)
FN:52,(anonymous_14)
FN:52,(anonymous_15)
FN:67,(anonymous_16)
FN:74,(anonymous_17)
FNF:11
FNH:0
FNDA:0,(anonymous_7)
FNDA:0,(anonymous_8)
FNDA:0,(anonymous_9)
FNDA:0,(anonymous_10)
FNDA:0,(anonymous_11)
FNDA:0,(anonymous_12)
FNDA:0,(anonymous_13)
FNDA:0,(anonymous_14)
FNDA:0,(anonymous_15)
FNDA:0,(anonymous_16)
FNDA:0,(anonymous_17)
DA:8,0
DA:16,0
DA:17,0
DA:18,0
DA:21,0
DA:22,0
DA:23,0
DA:24,0
DA:26,0
DA:27,0
DA:31,0
DA:34,0
DA:35,0
DA:42,0
DA:47,0
DA:48,0
DA:49,0
DA:52,0
DA:53,0
DA:54,0
DA:55,0
DA:62,0
DA:63,0
DA:67,0
DA:69,0
DA:70,0
DA:74,0
DA:75,0
LF:28
LH:0
BRDA:17,0,0,0
BRDA:35,1,0,0
BRDA:35,1,1,0
BRDA:48,2,0,0
BRDA:69,3,0,0
BRDA:75,4,0,0
BRDA:75,4,1,0
BRF:7
BRH:0
end_of_record
TN:
SF:src\utils\flashloan\index.ts
FN:9,(anonymous_11)
FN:18,(anonymous_12)
FN:25,(anonymous_13)
FN:36,(anonymous_14)
FN:43,(anonymous_15)
FN:48,(anonymous_17)
FN:56,(anonymous_18)
FN:58,(anonymous_19)
FN:71,(anonymous_20)
FN:86,(anonymous_21)
FN:150,(anonymous_23)
FNF:11
FNH:0
FNDA:0,(anonymous_11)
FNDA:0,(anonymous_12)
FNDA:0,(anonymous_13)
FNDA:0,(anonymous_14)
FNDA:0,(anonymous_15)
FNDA:0,(anonymous_17)
FNDA:0,(anonymous_18)
FNDA:0,(anonymous_19)
FNDA:0,(anonymous_20)
FNDA:0,(anonymous_21)
FNDA:0,(anonymous_23)
DA:3,0
DA:4,0
DA:6,0
DA:7,0
DA:10,0
DA:19,0
DA:26,0
DA:27,0
DA:28,0
DA:30,0
DA:37,0
DA:47,0
DA:48,0
DA:51,0
DA:52,0
DA:56,0
DA:57,0
DA:59,0
DA:60,0
DA:64,0
DA:66,0
DA:67,0
DA:71,0
DA:72,0
DA:75,0
DA:77,0
DA:87,0
DA:89,0
DA:90,0
DA:94,0
DA:97,0
DA:98,0
DA:102,0
DA:103,0
DA:107,0
DA:110,0
DA:111,0
DA:114,0
DA:117,0
DA:118,0
DA:123,0
DA:130,0
DA:132,0
DA:134,0
DA:140,0
DA:161,0
DA:165,0
DA:167,0
DA:168,0
DA:171,0
DA:172,0
DA:173,0
DA:177,0
DA:178,0
DA:179,0
DA:181,0
DA:188,0
DA:189,0
DA:195,0
DA:198,0
LF:60
LH:0
BRDA:27,0,0,0
BRDA:51,1,0,0
BRDA:66,2,0,0
BRDA:72,3,0,0
BRDA:72,3,1,0
BRDA:89,4,0,0
BRDA:97,5,0,0
BRDA:117,6,0,0
BRDA:117,6,1,0
BRDA:125,7,0,0
BRDA:125,7,1,0
BRDA:136,8,0,0
BRDA:136,8,1,0
BRDA:142,9,0,0
BRDA:142,9,1,0
BRDA:165,10,0,0
BRDA:165,10,1,0
BRF:17
BRH:0
end_of_record
TN:
SF:src\utils\integration\errorHandling.ts
FN:5,(anonymous_7)
FN:26,(anonymous_8)
FN:76,(anonymous_9)
FN:96,(anonymous_10)
FN:108,(anonymous_11)
FN:124,(anonymous_12)
FN:125,(anonymous_13)
FNF:7
FNH:0
FNDA:0,(anonymous_7)
FNDA:0,(anonymous_8)
FNDA:0,(anonymous_9)
FNDA:0,(anonymous_10)
FNDA:0,(anonymous_11)
FNDA:0,(anonymous_12)
FNDA:0,(anonymous_13)
DA:2,0
DA:3,0
DA:5,0
DA:6,0
DA:7,0
DA:8,0
DA:9,0
DA:22,0
DA:33,0
DA:34,0
DA:37,0
DA:45,0
DA:47,0
DA:48,0
DA:50,0
DA:51,0
DA:54,0
DA:55,0
DA:59,0
DA:60,0
DA:68,0
DA:69,0
DA:77,0
DA:79,0
DA:81,0
DA:83,0
DA:85,0
DA:87,0
DA:89,0
DA:98,0
DA:99,0
DA:102,0
DA:109,0
DA:125,0
DA:130,0
DA:131,0
DA:133,0
DA:134,0
LF:38
LH:0
BRDA:5,0,0,0
BRDA:5,0,1,0
BRDA:29,1,0,0
BRDA:30,2,0,0
BRDA:33,3,0,0
BRDA:33,3,1,0
BRDA:34,4,0,0
BRDA:34,4,1,0
BRDA:45,5,0,0
BRDA:45,5,1,0
BRDA:45,5,2,0
BRDA:45,5,3,0
BRDA:59,6,0,0
BRDA:63,7,0,0
BRDA:63,7,1,0
BRDA:68,8,0,0
BRDA:79,9,0,0
BRDA:79,9,1,0
BRDA:79,9,2,0
BRDA:79,9,3,0
BRDA:79,9,4,0
BRDA:98,10,0,0
BRDA:127,11,0,0
BRDA:128,12,0,0
BRF:24
BRH:0
end_of_record
TN:
SF:src\utils\integration\stateManagement.ts
FN:7,(anonymous_0)
FN:29,(anonymous_1)
FN:36,(anonymous_2)
FN:43,(anonymous_3)
FN:60,(anonymous_4)
FN:64,(anonymous_5)
FN:65,(anonymous_6)
FN:72,(anonymous_7)
FN:73,(anonymous_8)
FN:85,(anonymous_9)
FN:93,(anonymous_10)
FN:100,(anonymous_11)
FN:107,(anonymous_12)
FN:114,(anonymous_13)
FNF:14
FNH:0
FNDA:0,(anonymous_0)
FNDA:0,(anonymous_1)
FNDA:0,(anonymous_2)
FNDA:0,(anonymous_3)
FNDA:0,(anonymous_4)
FNDA:0,(anonymous_5)
FNDA:0,(anonymous_6)
FNDA:0,(anonymous_7)
FNDA:0,(anonymous_8)
FNDA:0,(anonymous_9)
FNDA:0,(anonymous_10)
FNDA:0,(anonymous_11)
FNDA:0,(anonymous_12)
FNDA:0,(anonymous_13)
DA:2,0
DA:7,0
DA:8,0
DA:9,0
DA:10,0
DA:11,0
DA:12,0
DA:13,0
DA:24,0
DA:25,0
DA:26,0
DA:27,0
DA:30,0
DA:37,0
DA:44,0
DA:46,0
DA:47,0
DA:50,0
DA:51,0
DA:54,0
DA:61,0
DA:64,0
DA:65,0
DA:73,0
DA:74,0
DA:75,0
DA:77,0
DA:86,0
DA:87,0
DA:94,0
DA:101,0
DA:108,0
DA:115,0
DA:118,0
DA:120,0
DA:122,0
DA:124,0
DA:126,0
DA:128,0
DA:130,0
DA:132,0
DA:138,0
LF:42
LH:0
BRDA:7,0,0,0
BRDA:7,0,1,0
BRDA:46,1,0,0
BRDA:118,2,0,0
BRDA:118,2,1,0
BRDA:118,2,2,0
BRDA:118,2,3,0
BRDA:118,2,4,0
BRDA:118,2,5,0
BRDA:118,2,6,0
BRDA:120,3,0,0
BRDA:120,3,1,0
BRDA:130,4,0,0
BRDA:130,4,1,0
BRF:14
BRH:0
end_of_record
TN:
SF:src\utils\integration\systemIntegration.ts
FN:5,(anonymous_0)
FN:5,(anonymous_1)
FNF:2
FNH:0
FNDA:0,(anonymous_0)
FNDA:0,(anonymous_1)
DA:3,0
DA:5,0
LF:2
LH:0
BRF:0
BRH:0
end_of_record
TN:
SF:src\utils\integration\system\healthCheck.ts
FN:15,(anonymous_7)
FN:20,(anonymous_8)
FN:25,(anonymous_9)
FN:32,(anonymous_10)
FN:68,(anonymous_12)
FN:89,(anonymous_13)
FN:117,(anonymous_15)
FNF:7
FNH:0
FNDA:0,(anonymous_7)
FNDA:0,(anonymous_8)
FNDA:0,(anonymous_9)
FNDA:0,(anonymous_10)
FNDA:0,(anonymous_12)
FNDA:0,(anonymous_13)
FNDA:0,(anonymous_15)
DA:2,0
DA:3,0
DA:5,0
DA:6,0
DA:8,0
DA:10,0
DA:13,0
DA:16,0
DA:17,0
DA:21,0
DA:22,0
DA:25,0
DA:26,0
DA:29,0
DA:33,0
DA:34,0
DA:35,0
DA:37,0
DA:38,0
DA:40,0
DA:42,0
DA:43,0
DA:44,0
DA:46,0
DA:50,0
DA:51,0
DA:52,0
DA:54,0
DA:61,0
DA:64,0
DA:69,0
DA:70,0
DA:71,0
DA:72,0
DA:74,0
DA:75,0
DA:76,0
DA:78,0
DA:79,0
DA:90,0
DA:91,0
DA:92,0
DA:93,0
DA:96,0
DA:98,0
DA:99,0
DA:106,0
DA:108,0
DA:113,0
DA:118,0
DA:119,0
DA:120,0
LF:52
LH:0
BRDA:21,0,0,0
BRDA:42,1,0,0
BRDA:42,1,1,0
BRDA:42,2,0,0
BRDA:42,2,1,0
BRDA:50,3,0,0
BRDA:50,4,0,0
BRDA:50,4,1,0
BRDA:69,5,0,0
BRDA:69,6,0,0
BRDA:69,6,1,0
BRDA:74,7,0,0
BRDA:78,8,0,0
BRDA:91,9,0,0
BRDA:98,10,0,0
BRDA:118,11,0,0
BRF:16
BRH:0
end_of_record
TN:
SF:src\utils\integration\system\moduleInitializer.ts
FN:11,(anonymous_7)
FN:16,(anonymous_8)
FN:39,(anonymous_10)
FN:64,(anonymous_12)
FN:78,(anonymous_14)
FN:99,(anonymous_16)
FNF:6
FNH:0
FNDA:0,(anonymous_7)
FNDA:0,(anonymous_8)
FNDA:0,(anonymous_10)
FNDA:0,(anonymous_12)
FNDA:0,(anonymous_14)
FNDA:0,(anonymous_16)
DA:2,0
DA:5,0
DA:7,0
DA:12,0
DA:13,0
DA:17,0
DA:18,0
DA:20,0
DA:21,0
DA:23,0
DA:24,0
DA:25,0
DA:27,0
DA:30,0
DA:31,0
DA:33,0
DA:34,0
DA:35,0
DA:40,0
DA:41,0
DA:44,0
DA:46,0
DA:48,0
DA:49,0
DA:50,0
DA:52,0
DA:55,0
DA:56,0
DA:58,0
DA:59,0
DA:60,0
DA:65,0
DA:66,0
DA:68,0
DA:70,0
DA:72,0
DA:73,0
DA:74,0
DA:79,0
DA:80,0
DA:82,0
DA:83,0
DA:84,0
DA:85,0
DA:88,0
DA:90,0
DA:92,0
DA:93,0
DA:94,0
DA:100,0
DA:101,0
DA:102,0
DA:103,0
DA:106,0
DA:108,0
DA:109,0
DA:116,0
DA:118,0
DA:123,0
LF:59
LH:0
BRDA:23,0,0,0
BRDA:48,1,0,0
BRDA:82,2,0,0
BRDA:101,3,0,0
BRDA:108,4,0,0
BRF:5
BRH:0
end_of_record
TN:
SF:src\utils\integration\system\systemIntegration.ts
FN:22,(anonymous_7)
FN:41,(anonymous_8)
FN:114,(anonymous_10)
FN:123,(anonymous_11)
FN:127,(anonymous_12)
FN:132,(anonymous_13)
FN:136,(anonymous_14)
FN:140,(anonymous_15)
FN:144,(anonymous_17)
FNF:9
FNH:0
FNDA:0,(anonymous_7)
FNDA:0,(anonymous_8)
FNDA:0,(anonymous_10)
FNDA:0,(anonymous_11)
FNDA:0,(anonymous_12)
FNDA:0,(anonymous_13)
FNDA:0,(anonymous_14)
FNDA:0,(anonymous_15)
FNDA:0,(anonymous_17)
DA:2,0
DA:3,0
DA:4,0
DA:5,0
DA:6,0
DA:7,0
DA:10,0
DA:11,0
DA:13,0
DA:18,0
DA:19,0
DA:20,0
DA:23,0
DA:24,0
DA:37,0
DA:38,0
DA:42,0
DA:43,0
DA:44,0
DA:47,0
DA:49,0
DA:50,0
DA:51,0
DA:53,0
DA:55,0
DA:56,0
DA:57,0
DA:59,0
DA:60,0
DA:61,0
DA:63,0
DA:65,0
DA:70,0
DA:71,0
DA:72,0
DA:74,0
DA:75,0
DA:78,0
DA:84,0
DA:86,0
DA:87,0
DA:90,0
DA:96,0
DA:97,0
DA:98,0
DA:100,0
DA:106,0
DA:108,0
DA:109,0
DA:110,0
DA:112,0
DA:114,0
DA:115,0
DA:119,0
DA:124,0
DA:128,0
DA:133,0
DA:137,0
DA:141,0
DA:145,0
DA:146,0
DA:148,0
DA:152,0
LF:63
LH:0
BRDA:42,0,0,0
BRDA:59,1,0,0
BRDA:59,1,1,0
BRDA:108,2,0,0
BRDA:128,3,0,0
BRDA:128,3,1,0
BRDA:137,4,0,0
BRDA:137,4,1,0
BRF:8
BRH:0
end_of_record
TN:
SF:src\utils\monitoring\analyticsService.ts
FN:84,(anonymous_7)
FN:106,(anonymous_8)
FN:116,(anonymous_9)
FN:135,(anonymous_10)
FN:160,(anonymous_11)
FN:177,(anonymous_12)
FN:202,(anonymous_13)
FN:203,(anonymous_14)
FN:216,(anonymous_15)
FN:224,(anonymous_16)
FN:228,(anonymous_17)
FN:232,(anonymous_18)
FN:241,(anonymous_19)
FN:249,(anonymous_20)
FN:253,(anonymous_21)
FN:257,(anonymous_22)
FN:266,(anonymous_23)
FN:275,(anonymous_24)
FN:286,(anonymous_25)
FN:293,(anonymous_26)
FN:314,(anonymous_27)
FN:316,(anonymous_28)
FN:317,(anonymous_29)
FN:323,(anonymous_30)
FN:324,(anonymous_31)
FN:327,(anonymous_32)
FN:332,(anonymous_33)
FN:333,(anonymous_34)
FN:337,(anonymous_35)
FN:339,(anonymous_36)
FN:411,(anonymous_37)
FN:426,(anonymous_38)
FN:468,(anonymous_39)
FN:482,(anonymous_40)
FN:549,(anonymous_41)
FN:569,(anonymous_43)
FN:596,(anonymous_44)
FN:632,(anonymous_45)
FN:677,(anonymous_46)
FN:719,(anonymous_47)
FN:723,(anonymous_48)
FNF:41
FNH:0
FNDA:0,(anonymous_7)
FNDA:0,(anonymous_8)
FNDA:0,(anonymous_9)
FNDA:0,(anonymous_10)
FNDA:0,(anonymous_11)
FNDA:0,(anonymous_12)
FNDA:0,(anonymous_13)
FNDA:0,(anonymous_14)
FNDA:0,(anonymous_15)
FNDA:0,(anonymous_16)
FNDA:0,(anonymous_17)
FNDA:0,(anonymous_18)
FNDA:0,(anonymous_19)
FNDA:0,(anonymous_20)
FNDA:0,(anonymous_21)
FNDA:0,(anonymous_22)
FNDA:0,(anonymous_23)
FNDA:0,(anonymous_24)
FNDA:0,(anonymous_25)
FNDA:0,(anonymous_26)
FNDA:0,(anonymous_27)
FNDA:0,(anonymous_28)
FNDA:0,(anonymous_29)
FNDA:0,(anonymous_30)
FNDA:0,(anonymous_31)
FNDA:0,(anonymous_32)
FNDA:0,(anonymous_33)
FNDA:0,(anonymous_34)
FNDA:0,(anonymous_35)
FNDA:0,(anonymous_36)
FNDA:0,(anonymous_37)
FNDA:0,(anonymous_38)
FNDA:0,(anonymous_39)
FNDA:0,(anonymous_40)
FNDA:0,(anonymous_41)
FNDA:0,(anonymous_43)
FNDA:0,(anonymous_44)
FNDA:0,(anonymous_45)
FNDA:0,(anonymous_46)
FNDA:0,(anonymous_47)
FNDA:0,(anonymous_48)
DA:1,0
DA:2,0
DA:3,0
DA:4,0
DA:73,0
DA:74,0
DA:75,0
DA:76,0
DA:77,0
DA:79,0
DA:80,0
DA:81,0
DA:82,0
DA:85,0
DA:88,0
DA:100,0
DA:107,0
DA:108,0
DA:109,0
DA:112,0
DA:113,0
DA:116,0
DA:117,0
DA:118,0
DA:122,0
DA:128,0
DA:129,0
DA:136,0
DA:137,0
DA:138,0
DA:141,0
DA:142,0
DA:143,0
DA:144,0
DA:147,0
DA:153,0
DA:154,0
DA:161,0
DA:167,0
DA:168,0
DA:169,0
DA:171,0
DA:178,0
DA:185,0
DA:188,0
DA:189,0
DA:196,0
DA:203,0
DA:205,0
DA:206,0
DA:209,0
DA:210,0
DA:221,0
DA:223,0
DA:224,0
DA:227,0
DA:228,0
DA:231,0
DA:232,0
DA:235,0
DA:246,0
DA:248,0
DA:249,0
DA:252,0
DA:253,0
DA:256,0
DA:257,0
DA:260,0
DA:268,0
DA:269,0
DA:276,0
DA:277,0
DA:280,0
DA:287,0
DA:296,0
DA:300,0
DA:302,0
DA:303,0
DA:305,0
DA:306,0
DA:308,0
DA:309,0
DA:313,0
DA:314,0
DA:316,0
DA:317,0
DA:318,0
DA:319,0
DA:322,0
DA:323,0
DA:324,0
DA:326,0
DA:327,0
DA:331,0
DA:332,0
DA:333,0
DA:336,0
DA:337,0
DA:338,0
DA:339,0
DA:343,0
DA:344,0
DA:346,0
DA:347,0
DA:348,0
DA:349,0
DA:351,0
DA:352,0
DA:356,0
DA:357,0
DA:359,0
DA:360,0
DA:361,0
DA:362,0
DA:366,0
DA:367,0
DA:369,0
DA:370,0
DA:371,0
DA:372,0
DA:377,0
DA:403,0
DA:405,0
DA:412,0
DA:420,0
DA:427,0
DA:428,0
DA:430,0
DA:431,0
DA:434,0
DA:435,0
DA:438,0
DA:439,0
DA:442,0
DA:443,0
DA:446,0
DA:451,0
DA:453,0
DA:455,0
DA:461,0
DA:469,0
DA:470,0
DA:471,0
DA:473,0
DA:483,0
DA:485,0
DA:486,0
DA:494,0
DA:495,0
DA:496,0
DA:497,0
DA:507,0
DA:508,0
DA:516,0
DA:518,0
DA:525,0
DA:533,0
DA:535,0
DA:537,0
DA:550,0
DA:551,0
DA:552,0
DA:553,0
DA:555,0
DA:562,0
DA:571,0
DA:574,0
DA:575,0
DA:580,0
DA:581,0
DA:584,0
DA:585,0
DA:586,0
DA:587,0
DA:589,0
DA:597,0
DA:633,0
DA:634,0
DA:635,0
DA:637,0
DA:639,0
DA:640,0
DA:642,0
DA:643,0
DA:645,0
DA:646,0
DA:648,0
DA:649,0
DA:651,0
DA:652,0
DA:655,0
DA:656,0
DA:684,0
DA:686,0
DA:687,0
DA:688,0
DA:689,0
DA:690,0
DA:693,0
DA:694,0
DA:695,0
DA:696,0
DA:697,0
DA:698,0
DA:699,0
DA:701,0
DA:704,0
DA:705,0
DA:706,0
DA:707,0
DA:708,0
DA:710,0
DA:713,0
DA:720,0
DA:721,0
DA:723,0
DA:728,0
LF:217
LH:0
BRDA:106,0,0,0
BRDA:107,1,0,0
BRDA:136,2,0,0
BRDA:136,3,0,0
BRDA:136,3,1,0
BRDA:188,4,0,0
BRDA:188,5,0,0
BRDA:188,5,1,0
BRDA:190,6,0,0
BRDA:190,6,1,0
BRDA:205,7,0,0
BRDA:223,8,0,0
BRDA:227,9,0,0
BRDA:231,10,0,0
BRDA:248,11,0,0
BRDA:252,12,0,0
BRDA:256,13,0,0
BRDA:276,14,0,0
BRDA:294,15,0,0
BRDA:300,16,0,0
BRDA:300,16,1,0
BRDA:300,16,2,0
BRDA:319,17,0,0
BRDA:319,17,1,0
BRDA:326,18,0,0
BRDA:326,18,1,0
BRDA:332,19,0,0
BRDA:332,19,1,0
BRDA:333,20,0,0
BRDA:333,20,1,0
BRDA:338,21,0,0
BRDA:338,21,1,0
BRDA:347,22,0,0
BRDA:347,23,0,0
BRDA:347,23,1,0
BRDA:351,24,0,0
BRDA:351,24,1,0
BRDA:352,25,0,0
BRDA:352,25,1,0
BRDA:360,26,0,0
BRDA:370,27,0,0
BRDA:430,28,0,0
BRDA:430,29,0,0
BRDA:430,29,1,0
BRDA:434,30,0,0
BRDA:434,31,0,0
BRDA:434,31,1,0
BRDA:438,32,0,0
BRDA:438,33,0,0
BRDA:438,33,1,0
BRDA:442,34,0,0
BRDA:494,35,0,0
BRDA:494,36,0,0
BRDA:494,36,1,0
BRDA:496,37,0,0
BRDA:496,38,0,0
BRDA:496,38,1,0
BRDA:511,39,0,0
BRDA:511,39,1,0
BRDA:575,40,0,0
BRDA:575,40,1,0
BRDA:584,41,0,0
BRDA:584,41,1,0
BRDA:586,42,0,0
BRDA:586,42,1,0
BRDA:586,43,0,0
BRDA:586,43,1,0
BRDA:634,44,0,0
BRDA:637,45,0,0
BRDA:637,45,1,0
BRDA:637,45,2,0
BRDA:637,45,3,0
BRDA:637,45,4,0
BRDA:655,46,0,0
BRDA:687,47,0,0
BRDA:687,47,1,0
BRDA:687,47,2,0
BRDA:694,48,0,0
BRDA:694,48,1,0
BRDA:696,49,0,0
BRDA:696,49,1,0
BRDA:698,50,0,0
BRDA:698,50,1,0
BRDA:705,51,0,0
BRDA:705,51,1,0
BRDA:707,52,0,0
BRDA:707,52,1,0
BRF:87
BRH:0
end_of_record
TN:
SF:src\utils\monitoring\loggingService.ts
FN:34,(anonymous_0)
FN:44,(anonymous_1)
FN:53,(anonymous_2)
FN:60,(anonymous_3)
FN:67,(anonymous_4)
FN:74,(anonymous_5)
FN:81,(anonymous_6)
FN:117,(anonymous_7)
FN:141,(anonymous_8)
FN:144,(anonymous_9)
FN:160,(anonymous_10)
FN:174,(anonymous_11)
FN:182,(anonymous_12)
FN:190,(anonymous_13)
FN:213,(anonymous_14)
FN:221,(anonymous_15)
FN:229,(anonymous_16)
FN:244,(anonymous_17)
FNF:18
FNH:0
FNDA:0,(anonymous_0)
FNDA:0,(anonymous_1)
FNDA:0,(anonymous_2)
FNDA:0,(anonymous_3)
FNDA:0,(anonymous_4)
FNDA:0,(anonymous_5)
FNDA:0,(anonymous_6)
FNDA:0,(anonymous_7)
FNDA:0,(anonymous_8)
FNDA:0,(anonymous_9)
FNDA:0,(anonymous_10)
FNDA:0,(anonymous_11)
FNDA:0,(anonymous_12)
FNDA:0,(anonymous_13)
FNDA:0,(anonymous_14)
FNDA:0,(anonymous_15)
FNDA:0,(anonymous_16)
FNDA:0,(anonymous_17)
DA:2,0
DA:29,0
DA:30,0
DA:31,0
DA:32,0
DA:35,0
DA:38,0
DA:45,0
DA:47,0
DA:54,0
DA:61,0
DA:68,0
DA:75,0
DA:88,0
DA:99,0
DA:102,0
DA:103,0
DA:107,0
DA:108,0
DA:111,0
DA:118,0
DA:119,0
DA:121,0
DA:123,0
DA:124,0
DA:126,0
DA:127,0
DA:129,0
DA:130,0
DA:133,0
DA:134,0
DA:142,0
DA:144,0
DA:146,0
DA:147,0
DA:148,0
DA:152,0
DA:153,0
DA:154,0
DA:158,0
DA:159,0
DA:160,0
DA:164,0
DA:165,0
DA:167,0
DA:175,0
DA:176,0
DA:183,0
DA:184,0
DA:191,0
DA:192,0
DA:194,0
DA:196,0
DA:197,0
DA:199,0
DA:200,0
DA:203,0
DA:205,0
DA:206,0
DA:214,0
DA:215,0
DA:222,0
DA:223,0
DA:230,0
DA:231,0
DA:234,0
DA:235,0
DA:238,0
DA:245,0
DA:253,0
DA:254,0
DA:257,0
DA:262,0
LF:73
LH:0
BRDA:45,0,0,0
BRDA:102,1,0,0
BRDA:107,2,0,0
BRDA:121,3,0,0
BRDA:121,3,1,0
BRDA:121,3,2,0
BRDA:121,3,3,0
BRDA:121,3,4,0
BRDA:123,4,0,0
BRDA:123,4,1,0
BRDA:126,5,0,0
BRDA:126,5,1,0
BRDA:129,6,0,0
BRDA:129,6,1,0
BRDA:133,7,0,0
BRDA:133,7,1,0
BRDA:142,8,0,0
BRDA:146,9,0,0
BRDA:147,10,0,0
BRDA:147,10,1,0
BRDA:148,11,0,0
BRDA:152,12,0,0
BRDA:153,13,0,0
BRDA:153,13,1,0
BRDA:154,14,0,0
BRDA:158,15,0,0
BRDA:158,16,0,0
BRDA:158,16,1,0
BRDA:159,17,0,0
BRDA:159,17,1,0
BRDA:160,18,0,0
BRDA:160,19,0,0
BRDA:160,19,1,0
BRDA:160,20,0,0
BRDA:160,20,1,0
BRDA:164,21,0,0
BRDA:164,22,0,0
BRDA:164,22,1,0
BRDA:165,23,0,0
BRDA:165,24,0,0
BRDA:165,24,1,0
BRDA:194,25,0,0
BRDA:215,26,0,0
BRDA:215,26,1,0
BRDA:223,27,0,0
BRDA:223,27,1,0
BRDA:230,28,0,0
BRDA:234,29,0,0
BRF:48
BRH:0
end_of_record
